<?xml version="1.0" encoding="UTF-8"?>
<testsuite name="WallServiceTest" tests="3" skipped="0" failures="0" errors="0" timestamp="2021-08-02T11:19:25" hostname="DESKTOP-9J2UKKD" time="2.593">
  <properties/>
  <testcase name="notUpdateExisting" classname="WallServiceTest" time="2.583"/>
  <testcase name="updateExisting" classname="WallServiceTest" time="0.004"/>
  <testcase name="addExisting" classname="WallServiceTest" time="0.002"/>
  <system-out><![CDATA[]]></system-out>
  <system-err><![CDATA[]]></system-err>
</testsuite>
