<?xml version="1.0" encoding="UTF-8"?>
<testsuite name="WallServiceTest" tests="3" skipped="0" failures="3" errors="0" timestamp="2021-08-03T12:41:08" hostname="DESKTOP-9J2UKKD" time="0.123">
  <properties/>
  <testcase name="notUpdateExisting" classname="WallServiceTest" time="0.105">
    <failure message="java.lang.StackOverflowError" type="java.lang.StackOverflowError">java.lang.StackOverflowError
	at kotlin.jvm.internal.Intrinsics.checkNotNullParameter(Intrinsics.java)
	at FirstFrame.&lt;init&gt;(FirstFrame.kt)
	at FirstFrame.&lt;init&gt;(FirstFrame.kt:8)
	at FirstFrame.&lt;init&gt;(FirstFrame.kt:8)
	at FirstFrame.&lt;init&gt;(FirstFrame.kt:8)
	at FirstFrame.&lt;init&gt;(FirstFrame.kt:8)
	at FirstFrame.&lt;init&gt;(FirstFrame.kt:8)
	at FirstFrame.&lt;init&gt;(FirstFrame.kt:8)
	at FirstFrame.&lt;init&gt;(FirstFrame.kt:8)
	at FirstFrame.&lt;init&gt;(FirstFrame.kt:8)
	at FirstFrame.&lt;init&gt;(FirstFrame.kt:8)
	at FirstFrame.&lt;init&gt;(FirstFrame.kt:8)
	at FirstFrame.&lt;init&gt;(FirstFrame.kt:8)
	at FirstFrame.&lt;init&gt;(FirstFrame.kt:8)
	at FirstFrame.&lt;init&gt;(FirstFrame.kt:8)
	at FirstFrame.&lt;init&gt;(FirstFrame.kt:8)
	at FirstFrame.&lt;init&gt;(FirstFrame.kt:8)
	at FirstFrame.&lt;init&gt;(FirstFrame.kt:8)
	at FirstFrame.&lt;init&gt;(FirstFrame.kt:8)
	at FirstFrame.&lt;init&gt;(FirstFrame.kt:8)
	at FirstFrame.&lt;init&gt;(FirstFrame.kt:8)
	at FirstFrame.&lt;init&gt;(FirstFrame.kt:8)
	at FirstFrame.&lt;init&gt;(FirstFrame.kt:8)
	at FirstFrame.&lt;init&gt;(FirstFrame.kt:8)
	at FirstFrame.&lt;init&gt;(FirstFrame.kt:8)
	at FirstFrame.&lt;init&gt;(FirstFrame.kt:8)
	at FirstFrame.&lt;init&gt;(FirstFrame.kt:8)
	at FirstFrame.&lt;init&gt;(FirstFrame.kt:8)
	at FirstFrame.&lt;init&gt;(FirstFrame.kt:8)
	at FirstFrame.&lt;init&gt;(FirstFrame.kt:8)
	at FirstFrame.&lt;init&gt;(FirstFrame.kt:8)
	at FirstFrame.&lt;init&gt;(FirstFrame.kt:8)
	at FirstFrame.&lt;init&gt;(FirstFrame.kt:8)
	at FirstFrame.&lt;init&gt;(FirstFrame.kt:8)
	at FirstFrame.&lt;init&gt;(FirstFrame.kt:8)
	at FirstFrame.&lt;init&gt;(FirstFrame.kt:8)
	at FirstFrame.&lt;init&gt;(FirstFrame.kt:8)
	at FirstFrame.&lt;init&gt;(FirstFrame.kt:8)
	at FirstFrame.&lt;init&gt;(FirstFrame.kt:8)
	at FirstFrame.&lt;init&gt;(FirstFrame.kt:8)
	at FirstFrame.&lt;init&gt;(FirstFrame.kt:8)
	at FirstFrame.&lt;init&gt;(FirstFrame.kt:8)
	at FirstFrame.&lt;init&gt;(FirstFrame.kt:8)
	at FirstFrame.&lt;init&gt;(FirstFrame.kt:8)
	at FirstFrame.&lt;init&gt;(FirstFrame.kt:8)
	at FirstFrame.&lt;init&gt;(FirstFrame.kt:8)
	at FirstFrame.&lt;init&gt;(FirstFrame.kt:8)
	at FirstFrame.&lt;init&gt;(FirstFrame.kt:8)
	at FirstFrame.&lt;init&gt;(FirstFrame.kt:8)
	at FirstFrame.&lt;init&gt;(FirstFrame.kt:8)
	at FirstFrame.&lt;init&gt;(FirstFrame.kt:8)
	at FirstFrame.&lt;init&gt;(FirstFrame.kt:8)
	at FirstFrame.&lt;init&gt;(FirstFrame.kt:8)
	at FirstFrame.&lt;init&gt;(FirstFrame.kt:8)
	at FirstFrame.&lt;init&gt;(FirstFrame.kt:8)
	at FirstFrame.&lt;init&gt;(FirstFrame.kt:8)
	at FirstFrame.&lt;init&gt;(FirstFrame.kt:8)
	at FirstFrame.&lt;init&gt;(FirstFrame.kt:8)
	at FirstFrame.&lt;init&gt;(FirstFrame.kt:8)
	at FirstFrame.&lt;init&gt;(FirstFrame.kt:8)
	at FirstFrame.&lt;init&gt;(FirstFrame.kt:8)
	at FirstFrame.&lt;init&gt;(FirstFrame.kt:8)
	at FirstFrame.&lt;init&gt;(FirstFrame.kt:8)
	at FirstFrame.&lt;init&gt;(FirstFrame.kt:8)
	at FirstFrame.&lt;init&gt;(FirstFrame.kt:8)
	at FirstFrame.&lt;init&gt;(FirstFrame.kt:8)
	at FirstFrame.&lt;init&gt;(FirstFrame.kt:8)
	at FirstFrame.&lt;init&gt;(FirstFrame.kt:8)
	at FirstFrame.&lt;init&gt;(FirstFrame.kt:8)
	at FirstFrame.&lt;init&gt;(FirstFrame.kt:8)
	at FirstFrame.&lt;init&gt;(FirstFrame.kt:8)
	at FirstFrame.&lt;init&gt;(FirstFrame.kt:8)
	at FirstFrame.&lt;init&gt;(FirstFrame.kt:8)
	at FirstFrame.&lt;init&gt;(FirstFrame.kt:8)
	at FirstFrame.&lt;init&gt;(FirstFrame.kt:8)
	at FirstFrame.&lt;init&gt;(FirstFrame.kt:8)
	at FirstFrame.&lt;init&gt;(FirstFrame.kt:8)
	at FirstFrame.&lt;init&gt;(FirstFrame.kt:8)
	at FirstFrame.&lt;init&gt;(FirstFrame.kt:8)
	at FirstFrame.&lt;init&gt;(FirstFrame.kt:8)
	at FirstFrame.&lt;init&gt;(FirstFrame.kt:8)
	at FirstFrame.&lt;init&gt;(FirstFrame.kt:8)
	at FirstFrame.&lt;init&gt;(FirstFrame.kt:8)
	at FirstFrame.&lt;init&gt;(FirstFrame.kt:8)
	at FirstFrame.&lt;init&gt;(FirstFrame.kt:8)
	at FirstFrame.&lt;init&gt;(FirstFrame.kt:8)
	at FirstFrame.&lt;init&gt;(FirstFrame.kt:8)
	at FirstFrame.&lt;init&gt;(FirstFrame.kt:8)
	at FirstFrame.&lt;init&gt;(FirstFrame.kt:8)
	at FirstFrame.&lt;init&gt;(FirstFrame.kt:8)
	at FirstFrame.&lt;init&gt;(FirstFrame.kt:8)
	at FirstFrame.&lt;init&gt;(FirstFrame.kt:8)
	at FirstFrame.&lt;init&gt;(FirstFrame.kt:8)
	at FirstFrame.&lt;init&gt;(FirstFrame.kt:8)
	at FirstFrame.&lt;init&gt;(FirstFrame.kt:8)
	at FirstFrame.&lt;init&gt;(FirstFrame.kt:8)
	at FirstFrame.&lt;init&gt;(FirstFrame.kt:8)
	at FirstFrame.&lt;init&gt;(FirstFrame.kt:8)
	at FirstFrame.&lt;init&gt;(FirstFrame.kt:8)
	at FirstFrame.&lt;init&gt;(FirstFrame.kt:8)
	at FirstFrame.&lt;init&gt;(FirstFrame.kt:8)
	at FirstFrame.&lt;init&gt;(FirstFrame.kt:8)
	at FirstFrame.&lt;init&gt;(FirstFrame.kt:8)
	at FirstFrame.&lt;init&gt;(FirstFrame.kt:8)
	at FirstFrame.&lt;init&gt;(FirstFrame.kt:8)
	at FirstFrame.&lt;init&gt;(FirstFrame.kt:8)
	at FirstFrame.&lt;init&gt;(FirstFrame.kt:8)
	at FirstFrame.&lt;init&gt;(FirstFrame.kt:8)
	at FirstFrame.&lt;init&gt;(FirstFrame.kt:8)
	at FirstFrame.&lt;init&gt;(FirstFrame.kt:8)
	at FirstFrame.&lt;init&gt;(FirstFrame.kt:8)
	at FirstFrame.&lt;init&gt;(FirstFrame.kt:8)
	at FirstFrame.&lt;init&gt;(FirstFrame.kt:8)
	at FirstFrame.&lt;init&gt;(FirstFrame.kt:8)
	at FirstFrame.&lt;init&gt;(FirstFrame.kt:8)
	at FirstFrame.&lt;init&gt;(FirstFrame.kt:8)
	at FirstFrame.&lt;init&gt;(FirstFrame.kt:8)
	at FirstFrame.&lt;init&gt;(FirstFrame.kt:8)
	at FirstFrame.&lt;init&gt;(FirstFrame.kt:8)
	at FirstFrame.&lt;init&gt;(FirstFrame.kt:8)
	at FirstFrame.&lt;init&gt;(FirstFrame.kt:8)
	at FirstFrame.&lt;init&gt;(FirstFrame.kt:8)
	at FirstFrame.&lt;init&gt;(FirstFrame.kt:8)
	at FirstFrame.&lt;init&gt;(FirstFrame.kt:8)
	at FirstFrame.&lt;init&gt;(FirstFrame.kt:8)
	at FirstFrame.&lt;init&gt;(FirstFrame.kt:8)
	at FirstFrame.&lt;init&gt;(FirstFrame.kt:8)
	at FirstFrame.&lt;init&gt;(FirstFrame.kt:8)
	at FirstFrame.&lt;init&gt;(FirstFrame.kt:8)
	at FirstFrame.&lt;init&gt;(FirstFrame.kt:8)
	at FirstFrame.&lt;init&gt;(FirstFrame.kt:8)
	at FirstFrame.&lt;init&gt;(FirstFrame.kt:8)
	at FirstFrame.&lt;init&gt;(FirstFrame.kt:8)
	at FirstFrame.&lt;init&gt;(FirstFrame.kt:8)
	at FirstFrame.&lt;init&gt;(FirstFrame.kt:8)
	at FirstFrame.&lt;init&gt;(FirstFrame.kt:8)
	at FirstFrame.&lt;init&gt;(FirstFrame.kt:8)
	at FirstFrame.&lt;init&gt;(FirstFrame.kt:8)
	at FirstFrame.&lt;init&gt;(FirstFrame.kt:8)
	at FirstFrame.&lt;init&gt;(FirstFrame.kt:8)
	at FirstFrame.&lt;init&gt;(FirstFrame.kt:8)
	at FirstFrame.&lt;init&gt;(FirstFrame.kt:8)
	at FirstFrame.&lt;init&gt;(FirstFrame.kt:8)
	at FirstFrame.&lt;init&gt;(FirstFrame.kt:8)
	at FirstFrame.&lt;init&gt;(FirstFrame.kt:8)
	at FirstFrame.&lt;init&gt;(FirstFrame.kt:8)
	at FirstFrame.&lt;init&gt;(FirstFrame.kt:8)
	at FirstFrame.&lt;init&gt;(FirstFrame.kt:8)
	at FirstFrame.&lt;init&gt;(FirstFrame.kt:8)
	at FirstFrame.&lt;init&gt;(FirstFrame.kt:8)
	at FirstFrame.&lt;init&gt;(FirstFrame.kt:8)
	at FirstFrame.&lt;init&gt;(FirstFrame.kt:8)
	at FirstFrame.&lt;init&gt;(FirstFrame.kt:8)
	at FirstFrame.&lt;init&gt;(FirstFrame.kt:8)
	at FirstFrame.&lt;init&gt;(FirstFrame.kt:8)
	at FirstFrame.&lt;init&gt;(FirstFrame.kt:8)
	at FirstFrame.&lt;init&gt;(FirstFrame.kt:8)
	at FirstFrame.&lt;init&gt;(FirstFrame.kt:8)
	at FirstFrame.&lt;init&gt;(FirstFrame.kt:8)
	at FirstFrame.&lt;init&gt;(FirstFrame.kt:8)
	at FirstFrame.&lt;init&gt;(FirstFrame.kt:8)
	at FirstFrame.&lt;init&gt;(FirstFrame.kt:8)
	at FirstFrame.&lt;init&gt;(FirstFrame.kt:8)
	at FirstFrame.&lt;init&gt;(FirstFrame.kt:8)
	at FirstFrame.&lt;init&gt;(FirstFrame.kt:8)
	at FirstFrame.&lt;init&gt;(FirstFrame.kt:8)
	at FirstFrame.&lt;init&gt;(FirstFrame.kt:8)
	at FirstFrame.&lt;init&gt;(FirstFrame.kt:8)
	at FirstFrame.&lt;init&gt;(FirstFrame.kt:8)
	at FirstFrame.&lt;init&gt;(FirstFrame.kt:8)
	at FirstFrame.&lt;init&gt;(FirstFrame.kt:8)
	at FirstFrame.&lt;init&gt;(FirstFrame.kt:8)
	at FirstFrame.&lt;init&gt;(FirstFrame.kt:8)
	at FirstFrame.&lt;init&gt;(FirstFrame.kt:8)
	at FirstFrame.&lt;init&gt;(FirstFrame.kt:8)
	at FirstFrame.&lt;init&gt;(FirstFrame.kt:8)
	at FirstFrame.&lt;init&gt;(FirstFrame.kt:8)
	at FirstFrame.&lt;init&gt;(FirstFrame.kt:8)
	at FirstFrame.&lt;init&gt;(FirstFrame.kt:8)
	at FirstFrame.&lt;init&gt;(FirstFrame.kt:8)
	at FirstFrame.&lt;init&gt;(FirstFrame.kt:8)
	at FirstFrame.&lt;init&gt;(FirstFrame.kt:8)
	at FirstFrame.&lt;init&gt;(FirstFrame.kt:8)
	at FirstFrame.&lt;init&gt;(FirstFrame.kt:8)
	at FirstFrame.&lt;init&gt;(FirstFrame.kt:8)
	at FirstFrame.&lt;init&gt;(FirstFrame.kt:8)
	at FirstFrame.&lt;init&gt;(FirstFrame.kt:8)
	at FirstFrame.&lt;init&gt;(FirstFrame.kt:8)
	at FirstFrame.&lt;init&gt;(FirstFrame.kt:8)
	at FirstFrame.&lt;init&gt;(FirstFrame.kt:8)
	at FirstFrame.&lt;init&gt;(FirstFrame.kt:8)
	at FirstFrame.&lt;init&gt;(FirstFrame.kt:8)
	at FirstFrame.&lt;init&gt;(FirstFrame.kt:8)
	at FirstFrame.&lt;init&gt;(FirstFrame.kt:8)
	at FirstFrame.&lt;init&gt;(FirstFrame.kt:8)
	at FirstFrame.&lt;init&gt;(FirstFrame.kt:8)
	at FirstFrame.&lt;init&gt;(FirstFrame.kt:8)
	at FirstFrame.&lt;init&gt;(FirstFrame.kt:8)
	at FirstFrame.&lt;init&gt;(FirstFrame.kt:8)
	at FirstFrame.&lt;init&gt;(FirstFrame.kt:8)
	at FirstFrame.&lt;init&gt;(FirstFrame.kt:8)
	at FirstFrame.&lt;init&gt;(FirstFrame.kt:8)
	at FirstFrame.&lt;init&gt;(FirstFrame.kt:8)
	at FirstFrame.&lt;init&gt;(FirstFrame.kt:8)
	at FirstFrame.&lt;init&gt;(FirstFrame.kt:8)
	at FirstFrame.&lt;init&gt;(FirstFrame.kt:8)
	at FirstFrame.&lt;init&gt;(FirstFrame.kt:8)
	at FirstFrame.&lt;init&gt;(FirstFrame.kt:8)
	at FirstFrame.&lt;init&gt;(FirstFrame.kt:8)
	at FirstFrame.&lt;init&gt;(FirstFrame.kt:8)
	at FirstFrame.&lt;init&gt;(FirstFrame.kt:8)
	at FirstFrame.&lt;init&gt;(FirstFrame.kt:8)
	at FirstFrame.&lt;init&gt;(FirstFrame.kt:8)
	at FirstFrame.&lt;init&gt;(FirstFrame.kt:8)
	at FirstFrame.&lt;init&gt;(FirstFrame.kt:8)
	at FirstFrame.&lt;init&gt;(FirstFrame.kt:8)
	at FirstFrame.&lt;init&gt;(FirstFrame.kt:8)
	at FirstFrame.&lt;init&gt;(FirstFrame.kt:8)
	at FirstFrame.&lt;init&gt;(FirstFrame.kt:8)
	at FirstFrame.&lt;init&gt;(FirstFrame.kt:8)
	at FirstFrame.&lt;init&gt;(FirstFrame.kt:8)
	at FirstFrame.&lt;init&gt;(FirstFrame.kt:8)
	at FirstFrame.&lt;init&gt;(FirstFrame.kt:8)
	at FirstFrame.&lt;init&gt;(FirstFrame.kt:8)
	at FirstFrame.&lt;init&gt;(FirstFrame.kt:8)
	at FirstFrame.&lt;init&gt;(FirstFrame.kt:8)
	at FirstFrame.&lt;init&gt;(FirstFrame.kt:8)
	at FirstFrame.&lt;init&gt;(FirstFrame.kt:8)
	at FirstFrame.&lt;init&gt;(FirstFrame.kt:8)
	at FirstFrame.&lt;init&gt;(FirstFrame.kt:8)
	at FirstFrame.&lt;init&gt;(FirstFrame.kt:8)
	at FirstFrame.&lt;init&gt;(FirstFrame.kt:8)
	at FirstFrame.&lt;init&gt;(FirstFrame.kt:8)
	at FirstFrame.&lt;init&gt;(FirstFrame.kt:8)
	at FirstFrame.&lt;init&gt;(FirstFrame.kt:8)
	at FirstFrame.&lt;init&gt;(FirstFrame.kt:8)
	at FirstFrame.&lt;init&gt;(FirstFrame.kt:8)
	at FirstFrame.&lt;init&gt;(FirstFrame.kt:8)
	at FirstFrame.&lt;init&gt;(FirstFrame.kt:8)
	at FirstFrame.&lt;init&gt;(FirstFrame.kt:8)
	at FirstFrame.&lt;init&gt;(FirstFrame.kt:8)
	at FirstFrame.&lt;init&gt;(FirstFrame.kt:8)
	at FirstFrame.&lt;init&gt;(FirstFrame.kt:8)
	at FirstFrame.&lt;init&gt;(FirstFrame.kt:8)
	at FirstFrame.&lt;init&gt;(FirstFrame.kt:8)
	at FirstFrame.&lt;init&gt;(FirstFrame.kt:8)
	at FirstFrame.&lt;init&gt;(FirstFrame.kt:8)
	at FirstFrame.&lt;init&gt;(FirstFrame.kt:8)
	at FirstFrame.&lt;init&gt;(FirstFrame.kt:8)
	at FirstFrame.&lt;init&gt;(FirstFrame.kt:8)
	at FirstFrame.&lt;init&gt;(FirstFrame.kt:8)
	at FirstFrame.&lt;init&gt;(FirstFrame.kt:8)
	at FirstFrame.&lt;init&gt;(FirstFrame.kt:8)
	at FirstFrame.&lt;init&gt;(FirstFrame.kt:8)
	at FirstFrame.&lt;init&gt;(FirstFrame.kt:8)
	at FirstFrame.&lt;init&gt;(FirstFrame.kt:8)
	at FirstFrame.&lt;init&gt;(FirstFrame.kt:8)
	at FirstFrame.&lt;init&gt;(FirstFrame.kt:8)
	at FirstFrame.&lt;init&gt;(FirstFrame.kt:8)
	at FirstFrame.&lt;init&gt;(FirstFrame.kt:8)
	at FirstFrame.&lt;init&gt;(FirstFrame.kt:8)
	at FirstFrame.&lt;init&gt;(FirstFrame.kt:8)
	at FirstFrame.&lt;init&gt;(FirstFrame.kt:8)
	at FirstFrame.&lt;init&gt;(FirstFrame.kt:8)
	at FirstFrame.&lt;init&gt;(FirstFrame.kt:8)
	at FirstFrame.&lt;init&gt;(FirstFrame.kt:8)
	at FirstFrame.&lt;init&gt;(FirstFrame.kt:8)
	at FirstFrame.&lt;init&gt;(FirstFrame.kt:8)
	at FirstFrame.&lt;init&gt;(FirstFrame.kt:8)
	at FirstFrame.&lt;init&gt;(FirstFrame.kt:8)
	at FirstFrame.&lt;init&gt;(FirstFrame.kt:8)
	at FirstFrame.&lt;init&gt;(FirstFrame.kt:8)
	at FirstFrame.&lt;init&gt;(FirstFrame.kt:8)
	at FirstFrame.&lt;init&gt;(FirstFrame.kt:8)
	at FirstFrame.&lt;init&gt;(FirstFrame.kt:8)
	at FirstFrame.&lt;init&gt;(FirstFrame.kt:8)
	at FirstFrame.&lt;init&gt;(FirstFrame.kt:8)
	at FirstFrame.&lt;init&gt;(FirstFrame.kt:8)
	at FirstFrame.&lt;init&gt;(FirstFrame.kt:8)
	at FirstFrame.&lt;init&gt;(FirstFrame.kt:8)
	at FirstFrame.&lt;init&gt;(FirstFrame.kt:8)
	at FirstFrame.&lt;init&gt;(FirstFrame.kt:8)
	at FirstFrame.&lt;init&gt;(FirstFrame.kt:8)
	at FirstFrame.&lt;init&gt;(FirstFrame.kt:8)
	at FirstFrame.&lt;init&gt;(FirstFrame.kt:8)
	at FirstFrame.&lt;init&gt;(FirstFrame.kt:8)
	at FirstFrame.&lt;init&gt;(FirstFrame.kt:8)
	at FirstFrame.&lt;init&gt;(FirstFrame.kt:8)
	at FirstFrame.&lt;init&gt;(FirstFrame.kt:8)
	at FirstFrame.&lt;init&gt;(FirstFrame.kt:8)
	at FirstFrame.&lt;init&gt;(FirstFrame.kt:8)
	at FirstFrame.&lt;init&gt;(FirstFrame.kt:8)
	at FirstFrame.&lt;init&gt;(FirstFrame.kt:8)
	at FirstFrame.&lt;init&gt;(FirstFrame.kt:8)
	at FirstFrame.&lt;init&gt;(FirstFrame.kt:8)
	at FirstFrame.&lt;init&gt;(FirstFrame.kt:8)
	at FirstFrame.&lt;init&gt;(FirstFrame.kt:8)
	at FirstFrame.&lt;init&gt;(FirstFrame.kt:8)
	at FirstFrame.&lt;init&gt;(FirstFrame.kt:8)
	at FirstFrame.&lt;init&gt;(FirstFrame.kt:8)
	at FirstFrame.&lt;init&gt;(FirstFrame.kt:8)
	at FirstFrame.&lt;init&gt;(FirstFrame.kt:8)
	at FirstFrame.&lt;init&gt;(FirstFrame.kt:8)
	at FirstFrame.&lt;init&gt;(FirstFrame.kt:8)
	at FirstFrame.&lt;init&gt;(FirstFrame.kt:8)
	at FirstFrame.&lt;init&gt;(FirstFrame.kt:8)
	at FirstFrame.&lt;init&gt;(FirstFrame.kt:8)
	at FirstFrame.&lt;init&gt;(FirstFrame.kt:8)
	at FirstFrame.&lt;init&gt;(FirstFrame.kt:8)
	at FirstFrame.&lt;init&gt;(FirstFrame.kt:8)
	at FirstFrame.&lt;init&gt;(FirstFrame.kt:8)
	at FirstFrame.&lt;init&gt;(FirstFrame.kt:8)
	at FirstFrame.&lt;init&gt;(FirstFrame.kt:8)
	at FirstFrame.&lt;init&gt;(FirstFrame.kt:8)
	at FirstFrame.&lt;init&gt;(FirstFrame.kt:8)
	at FirstFrame.&lt;init&gt;(FirstFrame.kt:8)
	at FirstFrame.&lt;init&gt;(FirstFrame.kt:8)
	at FirstFrame.&lt;init&gt;(FirstFrame.kt:8)
	at FirstFrame.&lt;init&gt;(FirstFrame.kt:8)
	at FirstFrame.&lt;init&gt;(FirstFrame.kt:8)
	at FirstFrame.&lt;init&gt;(FirstFrame.kt:8)
	at FirstFrame.&lt;init&gt;(FirstFrame.kt:8)
	at FirstFrame.&lt;init&gt;(FirstFrame.kt:8)
	at FirstFrame.&lt;init&gt;(FirstFrame.kt:8)
	at FirstFrame.&lt;init&gt;(FirstFrame.kt:8)
	at FirstFrame.&lt;init&gt;(FirstFrame.kt:8)
	at FirstFrame.&lt;init&gt;(FirstFrame.kt:8)
	at FirstFrame.&lt;init&gt;(FirstFrame.kt:8)
	at FirstFrame.&lt;init&gt;(FirstFrame.kt:8)
	at FirstFrame.&lt;init&gt;(FirstFrame.kt:8)
	at FirstFrame.&lt;init&gt;(FirstFrame.kt:8)
	at FirstFrame.&lt;init&gt;(FirstFrame.kt:8)
	at FirstFrame.&lt;init&gt;(FirstFrame.kt:8)
	at FirstFrame.&lt;init&gt;(FirstFrame.kt:8)
	at FirstFrame.&lt;init&gt;(FirstFrame.kt:8)
	at FirstFrame.&lt;init&gt;(FirstFrame.kt:8)
	at FirstFrame.&lt;init&gt;(FirstFrame.kt:8)
	at FirstFrame.&lt;init&gt;(FirstFrame.kt:8)
	at FirstFrame.&lt;init&gt;(FirstFrame.kt:8)
	at FirstFrame.&lt;init&gt;(FirstFrame.kt:8)
	at FirstFrame.&lt;init&gt;(FirstFrame.kt:8)
	at FirstFrame.&lt;init&gt;(FirstFrame.kt:8)
	at FirstFrame.&lt;init&gt;(FirstFrame.kt:8)
	at FirstFrame.&lt;init&gt;(FirstFrame.kt:8)
	at FirstFrame.&lt;init&gt;(FirstFrame.kt:8)
	at FirstFrame.&lt;init&gt;(FirstFrame.kt:8)
	at FirstFrame.&lt;init&gt;(FirstFrame.kt:8)
	at FirstFrame.&lt;init&gt;(FirstFrame.kt:8)
	at FirstFrame.&lt;init&gt;(FirstFrame.kt:8)
	at FirstFrame.&lt;init&gt;(FirstFrame.kt:8)
	at FirstFrame.&lt;init&gt;(FirstFrame.kt:8)
	at FirstFrame.&lt;init&gt;(FirstFrame.kt:8)
	at FirstFrame.&lt;init&gt;(FirstFrame.kt:8)
	at FirstFrame.&lt;init&gt;(FirstFrame.kt:8)
	at FirstFrame.&lt;init&gt;(FirstFrame.kt:8)
	at FirstFrame.&lt;init&gt;(FirstFrame.kt:8)
	at FirstFrame.&lt;init&gt;(FirstFrame.kt:8)
	at FirstFrame.&lt;init&gt;(FirstFrame.kt:8)
	at FirstFrame.&lt;init&gt;(FirstFrame.kt:8)
	at FirstFrame.&lt;init&gt;(FirstFrame.kt:8)
	at FirstFrame.&lt;init&gt;(FirstFrame.kt:8)
	at FirstFrame.&lt;init&gt;(FirstFrame.kt:8)
	at FirstFrame.&lt;init&gt;(FirstFrame.kt:8)
	at FirstFrame.&lt;init&gt;(FirstFrame.kt:8)
	at FirstFrame.&lt;init&gt;(FirstFrame.kt:8)
	at FirstFrame.&lt;init&gt;(FirstFrame.kt:8)
	at FirstFrame.&lt;init&gt;(FirstFrame.kt:8)
	at FirstFrame.&lt;init&gt;(FirstFrame.kt:8)
	at FirstFrame.&lt;init&gt;(FirstFrame.kt:8)
	at FirstFrame.&lt;init&gt;(FirstFrame.kt:8)
	at FirstFrame.&lt;init&gt;(FirstFrame.kt:8)
	at FirstFrame.&lt;init&gt;(FirstFrame.kt:8)
	at FirstFrame.&lt;init&gt;(FirstFrame.kt:8)
	at FirstFrame.&lt;init&gt;(FirstFrame.kt:8)
	at FirstFrame.&lt;init&gt;(FirstFrame.kt:8)
	at FirstFrame.&lt;init&gt;(FirstFrame.kt:8)
	at FirstFrame.&lt;init&gt;(FirstFrame.kt:8)
	at FirstFrame.&lt;init&gt;(FirstFrame.kt:8)
	at FirstFrame.&lt;init&gt;(FirstFrame.kt:8)
	at FirstFrame.&lt;init&gt;(FirstFrame.kt:8)
	at FirstFrame.&lt;init&gt;(FirstFrame.kt:8)
	at FirstFrame.&lt;init&gt;(FirstFrame.kt:8)
	at FirstFrame.&lt;init&gt;(FirstFrame.kt:8)
	at FirstFrame.&lt;init&gt;(FirstFrame.kt:8)
	at FirstFrame.&lt;init&gt;(FirstFrame.kt:8)
	at FirstFrame.&lt;init&gt;(FirstFrame.kt:8)
	at FirstFrame.&lt;init&gt;(FirstFrame.kt:8)
	at FirstFrame.&lt;init&gt;(FirstFrame.kt:8)
	at FirstFrame.&lt;init&gt;(FirstFrame.kt:8)
	at FirstFrame.&lt;init&gt;(FirstFrame.kt:8)
	at FirstFrame.&lt;init&gt;(FirstFrame.kt:8)
	at FirstFrame.&lt;init&gt;(FirstFrame.kt:8)
	at FirstFrame.&lt;init&gt;(FirstFrame.kt:8)
	at FirstFrame.&lt;init&gt;(FirstFrame.kt:8)
	at FirstFrame.&lt;init&gt;(FirstFrame.kt:8)
	at FirstFrame.&lt;init&gt;(FirstFrame.kt:8)
	at FirstFrame.&lt;init&gt;(FirstFrame.kt:8)
	at FirstFrame.&lt;init&gt;(FirstFrame.kt:8)
	at FirstFrame.&lt;init&gt;(FirstFrame.kt:8)
	at FirstFrame.&lt;init&gt;(FirstFrame.kt:8)
	at FirstFrame.&lt;init&gt;(FirstFrame.kt:8)
	at FirstFrame.&lt;init&gt;(FirstFrame.kt:8)
	at FirstFrame.&lt;init&gt;(FirstFrame.kt:8)
	at FirstFrame.&lt;init&gt;(FirstFrame.kt:8)
	at FirstFrame.&lt;init&gt;(FirstFrame.kt:8)
	at FirstFrame.&lt;init&gt;(FirstFrame.kt:8)
	at FirstFrame.&lt;init&gt;(FirstFrame.kt:8)
	at FirstFrame.&lt;init&gt;(FirstFrame.kt:8)
	at FirstFrame.&lt;init&gt;(FirstFrame.kt:8)
	at FirstFrame.&lt;init&gt;(FirstFrame.kt:8)
	at FirstFrame.&lt;init&gt;(FirstFrame.kt:8)
	at FirstFrame.&lt;init&gt;(FirstFrame.kt:8)
	at FirstFrame.&lt;init&gt;(FirstFrame.kt:8)
	at FirstFrame.&lt;init&gt;(FirstFrame.kt:8)
	at FirstFrame.&lt;init&gt;(FirstFrame.kt:8)
	at FirstFrame.&lt;init&gt;(FirstFrame.kt:8)
	at FirstFrame.&lt;init&gt;(FirstFrame.kt:8)
	at FirstFrame.&lt;init&gt;(FirstFrame.kt:8)
	at FirstFrame.&lt;init&gt;(FirstFrame.kt:8)
	at FirstFrame.&lt;init&gt;(FirstFrame.kt:8)
	at FirstFrame.&lt;init&gt;(FirstFrame.kt:8)
	at FirstFrame.&lt;init&gt;(FirstFrame.kt:8)
	at FirstFrame.&lt;init&gt;(FirstFrame.kt:8)
	at FirstFrame.&lt;init&gt;(FirstFrame.kt:8)
	at FirstFrame.&lt;init&gt;(FirstFrame.kt:8)
	at FirstFrame.&lt;init&gt;(FirstFrame.kt:8)
	at FirstFrame.&lt;init&gt;(FirstFrame.kt:8)
	at FirstFrame.&lt;init&gt;(FirstFrame.kt:8)
	at FirstFrame.&lt;init&gt;(FirstFrame.kt:8)
	at FirstFrame.&lt;init&gt;(FirstFrame.kt:8)
	at FirstFrame.&lt;init&gt;(FirstFrame.kt:8)
	at FirstFrame.&lt;init&gt;(FirstFrame.kt:8)
	at FirstFrame.&lt;init&gt;(FirstFrame.kt:8)
	at FirstFrame.&lt;init&gt;(FirstFrame.kt:8)
	at FirstFrame.&lt;init&gt;(FirstFrame.kt:8)
	at FirstFrame.&lt;init&gt;(FirstFrame.kt:8)
	at FirstFrame.&lt;init&gt;(FirstFrame.kt:8)
	at FirstFrame.&lt;init&gt;(FirstFrame.kt:8)
	at FirstFrame.&lt;init&gt;(FirstFrame.kt:8)
	at FirstFrame.&lt;init&gt;(FirstFrame.kt:8)
	at FirstFrame.&lt;init&gt;(FirstFrame.kt:8)
	at FirstFrame.&lt;init&gt;(FirstFrame.kt:8)
	at FirstFrame.&lt;init&gt;(FirstFrame.kt:8)
	at FirstFrame.&lt;init&gt;(FirstFrame.kt:8)
	at FirstFrame.&lt;init&gt;(FirstFrame.kt:8)
	at FirstFrame.&lt;init&gt;(FirstFrame.kt:8)
	at FirstFrame.&lt;init&gt;(FirstFrame.kt:8)
	at FirstFrame.&lt;init&gt;(FirstFrame.kt:8)
	at FirstFrame.&lt;init&gt;(FirstFrame.kt:8)
	at FirstFrame.&lt;init&gt;(FirstFrame.kt:8)
	at FirstFrame.&lt;init&gt;(FirstFrame.kt:8)
	at FirstFrame.&lt;init&gt;(FirstFrame.kt:8)
	at FirstFrame.&lt;init&gt;(FirstFrame.kt:8)
	at FirstFrame.&lt;init&gt;(FirstFrame.kt:8)
	at FirstFrame.&lt;init&gt;(FirstFrame.kt:8)
	at FirstFrame.&lt;init&gt;(FirstFrame.kt:8)
	at FirstFrame.&lt;init&gt;(FirstFrame.kt:8)
	at FirstFrame.&lt;init&gt;(FirstFrame.kt:8)
	at FirstFrame.&lt;init&gt;(FirstFrame.kt:8)
	at FirstFrame.&lt;init&gt;(FirstFrame.kt:8)
	at FirstFrame.&lt;init&gt;(FirstFrame.kt:8)
	at FirstFrame.&lt;init&gt;(FirstFrame.kt:8)
	at FirstFrame.&lt;init&gt;(FirstFrame.kt:8)
	at FirstFrame.&lt;init&gt;(FirstFrame.kt:8)
	at FirstFrame.&lt;init&gt;(FirstFrame.kt:8)
	at FirstFrame.&lt;init&gt;(FirstFrame.kt:8)
	at FirstFrame.&lt;init&gt;(FirstFrame.kt:8)
	at FirstFrame.&lt;init&gt;(FirstFrame.kt:8)
	at FirstFrame.&lt;init&gt;(FirstFrame.kt:8)
	at FirstFrame.&lt;init&gt;(FirstFrame.kt:8)
	at FirstFrame.&lt;init&gt;(FirstFrame.kt:8)
	at FirstFrame.&lt;init&gt;(FirstFrame.kt:8)
	at FirstFrame.&lt;init&gt;(FirstFrame.kt:8)
	at FirstFrame.&lt;init&gt;(FirstFrame.kt:8)
	at FirstFrame.&lt;init&gt;(FirstFrame.kt:8)
	at FirstFrame.&lt;init&gt;(FirstFrame.kt:8)
	at FirstFrame.&lt;init&gt;(FirstFrame.kt:8)
	at FirstFrame.&lt;init&gt;(FirstFrame.kt:8)
	at FirstFrame.&lt;init&gt;(FirstFrame.kt:8)
	at FirstFrame.&lt;init&gt;(FirstFrame.kt:8)
	at FirstFrame.&lt;init&gt;(FirstFrame.kt:8)
	at FirstFrame.&lt;init&gt;(FirstFrame.kt:8)
	at FirstFrame.&lt;init&gt;(FirstFrame.kt:8)
	at FirstFrame.&lt;init&gt;(FirstFrame.kt:8)
	at FirstFrame.&lt;init&gt;(FirstFrame.kt:8)
	at FirstFrame.&lt;init&gt;(FirstFrame.kt:8)
	at FirstFrame.&lt;init&gt;(FirstFrame.kt:8)
	at FirstFrame.&lt;init&gt;(FirstFrame.kt:8)
	at FirstFrame.&lt;init&gt;(FirstFrame.kt:8)
	at FirstFrame.&lt;init&gt;(FirstFrame.kt:8)
	at FirstFrame.&lt;init&gt;(FirstFrame.kt:8)
	at FirstFrame.&lt;init&gt;(FirstFrame.kt:8)
	at FirstFrame.&lt;init&gt;(FirstFrame.kt:8)
	at FirstFrame.&lt;init&gt;(FirstFrame.kt:8)
	at FirstFrame.&lt;init&gt;(FirstFrame.kt:8)
	at FirstFrame.&lt;init&gt;(FirstFrame.kt:8)
	at FirstFrame.&lt;init&gt;(FirstFrame.kt:8)
	at FirstFrame.&lt;init&gt;(FirstFrame.kt:8)
	at FirstFrame.&lt;init&gt;(FirstFrame.kt:8)
	at FirstFrame.&lt;init&gt;(FirstFrame.kt:8)
	at FirstFrame.&lt;init&gt;(FirstFrame.kt:8)
	at FirstFrame.&lt;init&gt;(FirstFrame.kt:8)
	at FirstFrame.&lt;init&gt;(FirstFrame.kt:8)
	at FirstFrame.&lt;init&gt;(FirstFrame.kt:8)
	at FirstFrame.&lt;init&gt;(FirstFrame.kt:8)
	at FirstFrame.&lt;init&gt;(FirstFrame.kt:8)
	at FirstFrame.&lt;init&gt;(FirstFrame.kt:8)
	at FirstFrame.&lt;init&gt;(FirstFrame.kt:8)
	at FirstFrame.&lt;init&gt;(FirstFrame.kt:8)
	at FirstFrame.&lt;init&gt;(FirstFrame.kt:8)
	at FirstFrame.&lt;init&gt;(FirstFrame.kt:8)
	at FirstFrame.&lt;init&gt;(FirstFrame.kt:8)
	at FirstFrame.&lt;init&gt;(FirstFrame.kt:8)
	at FirstFrame.&lt;init&gt;(FirstFrame.kt:8)
	at FirstFrame.&lt;init&gt;(FirstFrame.kt:8)
	at FirstFrame.&lt;init&gt;(FirstFrame.kt:8)
	at FirstFrame.&lt;init&gt;(FirstFrame.kt:8)
	at FirstFrame.&lt;init&gt;(FirstFrame.kt:8)
	at FirstFrame.&lt;init&gt;(FirstFrame.kt:8)
	at FirstFrame.&lt;init&gt;(FirstFrame.kt:8)
	at FirstFrame.&lt;init&gt;(FirstFrame.kt:8)
	at FirstFrame.&lt;init&gt;(FirstFrame.kt:8)
	at FirstFrame.&lt;init&gt;(FirstFrame.kt:8)
	at FirstFrame.&lt;init&gt;(FirstFrame.kt:8)
	at FirstFrame.&lt;init&gt;(FirstFrame.kt:8)
	at FirstFrame.&lt;init&gt;(FirstFrame.kt:8)
	at FirstFrame.&lt;init&gt;(FirstFrame.kt:8)
	at FirstFrame.&lt;init&gt;(FirstFrame.kt:8)
	at FirstFrame.&lt;init&gt;(FirstFrame.kt:8)
	at FirstFrame.&lt;init&gt;(FirstFrame.kt:8)
	at FirstFrame.&lt;init&gt;(FirstFrame.kt:8)
	at FirstFrame.&lt;init&gt;(FirstFrame.kt:8)
	at FirstFrame.&lt;init&gt;(FirstFrame.kt:8)
	at FirstFrame.&lt;init&gt;(FirstFrame.kt:8)
	at FirstFrame.&lt;init&gt;(FirstFrame.kt:8)
	at FirstFrame.&lt;init&gt;(FirstFrame.kt:8)
	at FirstFrame.&lt;init&gt;(FirstFrame.kt:8)
	at FirstFrame.&lt;init&gt;(FirstFrame.kt:8)
	at FirstFrame.&lt;init&gt;(FirstFrame.kt:8)
	at FirstFrame.&lt;init&gt;(FirstFrame.kt:8)
	at FirstFrame.&lt;init&gt;(FirstFrame.kt:8)
	at FirstFrame.&lt;init&gt;(FirstFrame.kt:8)
	at FirstFrame.&lt;init&gt;(FirstFrame.kt:8)
	at FirstFrame.&lt;init&gt;(FirstFrame.kt:8)
	at FirstFrame.&lt;init&gt;(FirstFrame.kt:8)
	at FirstFrame.&lt;init&gt;(FirstFrame.kt:8)
	at FirstFrame.&lt;init&gt;(FirstFrame.kt:8)
	at FirstFrame.&lt;init&gt;(FirstFrame.kt:8)
	at FirstFrame.&lt;init&gt;(FirstFrame.kt:8)
	at FirstFrame.&lt;init&gt;(FirstFrame.kt:8)
	at FirstFrame.&lt;init&gt;(FirstFrame.kt:8)
	at FirstFrame.&lt;init&gt;(FirstFrame.kt:8)
	at FirstFrame.&lt;init&gt;(FirstFrame.kt:8)
	at FirstFrame.&lt;init&gt;(FirstFrame.kt:8)
	at FirstFrame.&lt;init&gt;(FirstFrame.kt:8)
	at FirstFrame.&lt;init&gt;(FirstFrame.kt:8)
	at FirstFrame.&lt;init&gt;(FirstFrame.kt:8)
	at FirstFrame.&lt;init&gt;(FirstFrame.kt:8)
	at FirstFrame.&lt;init&gt;(FirstFrame.kt:8)
	at FirstFrame.&lt;init&gt;(FirstFrame.kt:8)
	at FirstFrame.&lt;init&gt;(FirstFrame.kt:8)
	at FirstFrame.&lt;init&gt;(FirstFrame.kt:8)
	at FirstFrame.&lt;init&gt;(FirstFrame.kt:8)
	at FirstFrame.&lt;init&gt;(FirstFrame.kt:8)
	at FirstFrame.&lt;init&gt;(FirstFrame.kt:8)
	at FirstFrame.&lt;init&gt;(FirstFrame.kt:8)
	at FirstFrame.&lt;init&gt;(FirstFrame.kt:8)
	at FirstFrame.&lt;init&gt;(FirstFrame.kt:8)
	at FirstFrame.&lt;init&gt;(FirstFrame.kt:8)
	at FirstFrame.&lt;init&gt;(FirstFrame.kt:8)
	at FirstFrame.&lt;init&gt;(FirstFrame.kt:8)
	at FirstFrame.&lt;init&gt;(FirstFrame.kt:8)
	at FirstFrame.&lt;init&gt;(FirstFrame.kt:8)
	at FirstFrame.&lt;init&gt;(FirstFrame.kt:8)
	at FirstFrame.&lt;init&gt;(FirstFrame.kt:8)
	at FirstFrame.&lt;init&gt;(FirstFrame.kt:8)
	at FirstFrame.&lt;init&gt;(FirstFrame.kt:8)
	at FirstFrame.&lt;init&gt;(FirstFrame.kt:8)
	at FirstFrame.&lt;init&gt;(FirstFrame.kt:8)
	at FirstFrame.&lt;init&gt;(FirstFrame.kt:8)
	at FirstFrame.&lt;init&gt;(FirstFrame.kt:8)
	at FirstFrame.&lt;init&gt;(FirstFrame.kt:8)
	at FirstFrame.&lt;init&gt;(FirstFrame.kt:8)
	at FirstFrame.&lt;init&gt;(FirstFrame.kt:8)
	at FirstFrame.&lt;init&gt;(FirstFrame.kt:8)
	at FirstFrame.&lt;init&gt;(FirstFrame.kt:8)
	at FirstFrame.&lt;init&gt;(FirstFrame.kt:8)
	at FirstFrame.&lt;init&gt;(FirstFrame.kt:8)
	at FirstFrame.&lt;init&gt;(FirstFrame.kt:8)
	at FirstFrame.&lt;init&gt;(FirstFrame.kt:8)
	at FirstFrame.&lt;init&gt;(FirstFrame.kt:8)
	at FirstFrame.&lt;init&gt;(FirstFrame.kt:8)
	at FirstFrame.&lt;init&gt;(FirstFrame.kt:8)
	at FirstFrame.&lt;init&gt;(FirstFrame.kt:8)
	at FirstFrame.&lt;init&gt;(FirstFrame.kt:8)
	at FirstFrame.&lt;init&gt;(FirstFrame.kt:8)
	at FirstFrame.&lt;init&gt;(FirstFrame.kt:8)
	at FirstFrame.&lt;init&gt;(FirstFrame.kt:8)
	at FirstFrame.&lt;init&gt;(FirstFrame.kt:8)
	at FirstFrame.&lt;init&gt;(FirstFrame.kt:8)
	at FirstFrame.&lt;init&gt;(FirstFrame.kt:8)
	at FirstFrame.&lt;init&gt;(FirstFrame.kt:8)
	at FirstFrame.&lt;init&gt;(FirstFrame.kt:8)
	at FirstFrame.&lt;init&gt;(FirstFrame.kt:8)
	at FirstFrame.&lt;init&gt;(FirstFrame.kt:8)
	at FirstFrame.&lt;init&gt;(FirstFrame.kt:8)
	at FirstFrame.&lt;init&gt;(FirstFrame.kt:8)
	at FirstFrame.&lt;init&gt;(FirstFrame.kt:8)
	at FirstFrame.&lt;init&gt;(FirstFrame.kt:8)
	at FirstFrame.&lt;init&gt;(FirstFrame.kt:8)
	at FirstFrame.&lt;init&gt;(FirstFrame.kt:8)
	at FirstFrame.&lt;init&gt;(FirstFrame.kt:8)
	at FirstFrame.&lt;init&gt;(FirstFrame.kt:8)
	at FirstFrame.&lt;init&gt;(FirstFrame.kt:8)
	at FirstFrame.&lt;init&gt;(FirstFrame.kt:8)
	at FirstFrame.&lt;init&gt;(FirstFrame.kt:8)
	at FirstFrame.&lt;init&gt;(FirstFrame.kt:8)
	at FirstFrame.&lt;init&gt;(FirstFrame.kt:8)
	at FirstFrame.&lt;init&gt;(FirstFrame.kt:8)
	at FirstFrame.&lt;init&gt;(FirstFrame.kt:8)
	at FirstFrame.&lt;init&gt;(FirstFrame.kt:8)
	at FirstFrame.&lt;init&gt;(FirstFrame.kt:8)
	at FirstFrame.&lt;init&gt;(FirstFrame.kt:8)
	at FirstFrame.&lt;init&gt;(FirstFrame.kt:8)
	at FirstFrame.&lt;init&gt;(FirstFrame.kt:8)
	at FirstFrame.&lt;init&gt;(FirstFrame.kt:8)
	at FirstFrame.&lt;init&gt;(FirstFrame.kt:8)
	at FirstFrame.&lt;init&gt;(FirstFrame.kt:8)
	at FirstFrame.&lt;init&gt;(FirstFrame.kt:8)
	at FirstFrame.&lt;init&gt;(FirstFrame.kt:8)
	at FirstFrame.&lt;init&gt;(FirstFrame.kt:8)
	at FirstFrame.&lt;init&gt;(FirstFrame.kt:8)
	at FirstFrame.&lt;init&gt;(FirstFrame.kt:8)
	at FirstFrame.&lt;init&gt;(FirstFrame.kt:8)
	at FirstFrame.&lt;init&gt;(FirstFrame.kt:8)
	at FirstFrame.&lt;init&gt;(FirstFrame.kt:8)
	at FirstFrame.&lt;init&gt;(FirstFrame.kt:8)
	at FirstFrame.&lt;init&gt;(FirstFrame.kt:8)
	at FirstFrame.&lt;init&gt;(FirstFrame.kt:8)
	at FirstFrame.&lt;init&gt;(FirstFrame.kt:8)
	at FirstFrame.&lt;init&gt;(FirstFrame.kt:8)
	at FirstFrame.&lt;init&gt;(FirstFrame.kt:8)
	at FirstFrame.&lt;init&gt;(FirstFrame.kt:8)
	at FirstFrame.&lt;init&gt;(FirstFrame.kt:8)
	at FirstFrame.&lt;init&gt;(FirstFrame.kt:8)
	at FirstFrame.&lt;init&gt;(FirstFrame.kt:8)
	at FirstFrame.&lt;init&gt;(FirstFrame.kt:8)
	at FirstFrame.&lt;init&gt;(FirstFrame.kt:8)
	at FirstFrame.&lt;init&gt;(FirstFrame.kt:8)
	at FirstFrame.&lt;init&gt;(FirstFrame.kt:8)
	at FirstFrame.&lt;init&gt;(FirstFrame.kt:8)
	at FirstFrame.&lt;init&gt;(FirstFrame.kt:8)
	at FirstFrame.&lt;init&gt;(FirstFrame.kt:8)
	at FirstFrame.&lt;init&gt;(FirstFrame.kt:8)
	at FirstFrame.&lt;init&gt;(FirstFrame.kt:8)
	at FirstFrame.&lt;init&gt;(FirstFrame.kt:8)
	at FirstFrame.&lt;init&gt;(FirstFrame.kt:8)
	at FirstFrame.&lt;init&gt;(FirstFrame.kt:8)
	at FirstFrame.&lt;init&gt;(FirstFrame.kt:8)
	at FirstFrame.&lt;init&gt;(FirstFrame.kt:8)
	at FirstFrame.&lt;init&gt;(FirstFrame.kt:8)
	at FirstFrame.&lt;init&gt;(FirstFrame.kt:8)
	at FirstFrame.&lt;init&gt;(FirstFrame.kt:8)
	at FirstFrame.&lt;init&gt;(FirstFrame.kt:8)
	at FirstFrame.&lt;init&gt;(FirstFrame.kt:8)
	at FirstFrame.&lt;init&gt;(FirstFrame.kt:8)
	at FirstFrame.&lt;init&gt;(FirstFrame.kt:8)
	at FirstFrame.&lt;init&gt;(FirstFrame.kt:8)
	at FirstFrame.&lt;init&gt;(FirstFrame.kt:8)
	at FirstFrame.&lt;init&gt;(FirstFrame.kt:8)
	at FirstFrame.&lt;init&gt;(FirstFrame.kt:8)
	at FirstFrame.&lt;init&gt;(FirstFrame.kt:8)
	at FirstFrame.&lt;init&gt;(FirstFrame.kt:8)
	at FirstFrame.&lt;init&gt;(FirstFrame.kt:8)
	at FirstFrame.&lt;init&gt;(FirstFrame.kt:8)
	at FirstFrame.&lt;init&gt;(FirstFrame.kt:8)
	at FirstFrame.&lt;init&gt;(FirstFrame.kt:8)
	at FirstFrame.&lt;init&gt;(FirstFrame.kt:8)
	at FirstFrame.&lt;init&gt;(FirstFrame.kt:8)
	at FirstFrame.&lt;init&gt;(FirstFrame.kt:8)
	at FirstFrame.&lt;init&gt;(FirstFrame.kt:8)
	at FirstFrame.&lt;init&gt;(FirstFrame.kt:8)
	at FirstFrame.&lt;init&gt;(FirstFrame.kt:8)
	at FirstFrame.&lt;init&gt;(FirstFrame.kt:8)
	at FirstFrame.&lt;init&gt;(FirstFrame.kt:8)
	at FirstFrame.&lt;init&gt;(FirstFrame.kt:8)
	at FirstFrame.&lt;init&gt;(FirstFrame.kt:8)
	at FirstFrame.&lt;init&gt;(FirstFrame.kt:8)
	at FirstFrame.&lt;init&gt;(FirstFrame.kt:8)
	at FirstFrame.&lt;init&gt;(FirstFrame.kt:8)
	at FirstFrame.&lt;init&gt;(FirstFrame.kt:8)
	at FirstFrame.&lt;init&gt;(FirstFrame.kt:8)
	at FirstFrame.&lt;init&gt;(FirstFrame.kt:8)
	at FirstFrame.&lt;init&gt;(FirstFrame.kt:8)
	at FirstFrame.&lt;init&gt;(FirstFrame.kt:8)
	at FirstFrame.&lt;init&gt;(FirstFrame.kt:8)
	at FirstFrame.&lt;init&gt;(FirstFrame.kt:8)
	at FirstFrame.&lt;init&gt;(FirstFrame.kt:8)
	at FirstFrame.&lt;init&gt;(FirstFrame.kt:8)
	at FirstFrame.&lt;init&gt;(FirstFrame.kt:8)
	at FirstFrame.&lt;init&gt;(FirstFrame.kt:8)
	at FirstFrame.&lt;init&gt;(FirstFrame.kt:8)
	at FirstFrame.&lt;init&gt;(FirstFrame.kt:8)
	at FirstFrame.&lt;init&gt;(FirstFrame.kt:8)
	at FirstFrame.&lt;init&gt;(FirstFrame.kt:8)
	at FirstFrame.&lt;init&gt;(FirstFrame.kt:8)
	at FirstFrame.&lt;init&gt;(FirstFrame.kt:8)
	at FirstFrame.&lt;init&gt;(FirstFrame.kt:8)
	at FirstFrame.&lt;init&gt;(FirstFrame.kt:8)
	at FirstFrame.&lt;init&gt;(FirstFrame.kt:8)
	at FirstFrame.&lt;init&gt;(FirstFrame.kt:8)
	at FirstFrame.&lt;init&gt;(FirstFrame.kt:8)
	at FirstFrame.&lt;init&gt;(FirstFrame.kt:8)
	at FirstFrame.&lt;init&gt;(FirstFrame.kt:8)
	at FirstFrame.&lt;init&gt;(FirstFrame.kt:8)
	at FirstFrame.&lt;init&gt;(FirstFrame.kt:8)
	at FirstFrame.&lt;init&gt;(FirstFrame.kt:8)
	at FirstFrame.&lt;init&gt;(FirstFrame.kt:8)
	at FirstFrame.&lt;init&gt;(FirstFrame.kt:8)
	at FirstFrame.&lt;init&gt;(FirstFrame.kt:8)
	at FirstFrame.&lt;init&gt;(FirstFrame.kt:8)
	at FirstFrame.&lt;init&gt;(FirstFrame.kt:8)
	at FirstFrame.&lt;init&gt;(FirstFrame.kt:8)
	at FirstFrame.&lt;init&gt;(FirstFrame.kt:8)
	at FirstFrame.&lt;init&gt;(FirstFrame.kt:8)
	at FirstFrame.&lt;init&gt;(FirstFrame.kt:8)
	at FirstFrame.&lt;init&gt;(FirstFrame.kt:8)
	at FirstFrame.&lt;init&gt;(FirstFrame.kt:8)
	at FirstFrame.&lt;init&gt;(FirstFrame.kt:8)
	at FirstFrame.&lt;init&gt;(FirstFrame.kt:8)
	at FirstFrame.&lt;init&gt;(FirstFrame.kt:8)
	at FirstFrame.&lt;init&gt;(FirstFrame.kt:8)
	at FirstFrame.&lt;init&gt;(FirstFrame.kt:8)
	at FirstFrame.&lt;init&gt;(FirstFrame.kt:8)
	at FirstFrame.&lt;init&gt;(FirstFrame.kt:8)
	at FirstFrame.&lt;init&gt;(FirstFrame.kt:8)
	at FirstFrame.&lt;init&gt;(FirstFrame.kt:8)
	at FirstFrame.&lt;init&gt;(FirstFrame.kt:8)
	at FirstFrame.&lt;init&gt;(FirstFrame.kt:8)
	at FirstFrame.&lt;init&gt;(FirstFrame.kt:8)
	at FirstFrame.&lt;init&gt;(FirstFrame.kt:8)
	at FirstFrame.&lt;init&gt;(FirstFrame.kt:8)
	at FirstFrame.&lt;init&gt;(FirstFrame.kt:8)
	at FirstFrame.&lt;init&gt;(FirstFrame.kt:8)
	at FirstFrame.&lt;init&gt;(FirstFrame.kt:8)
	at FirstFrame.&lt;init&gt;(FirstFrame.kt:8)
	at FirstFrame.&lt;init&gt;(FirstFrame.kt:8)
	at FirstFrame.&lt;init&gt;(FirstFrame.kt:8)
	at FirstFrame.&lt;init&gt;(FirstFrame.kt:8)
	at FirstFrame.&lt;init&gt;(FirstFrame.kt:8)
	at FirstFrame.&lt;init&gt;(FirstFrame.kt:8)
	at FirstFrame.&lt;init&gt;(FirstFrame.kt:8)
	at FirstFrame.&lt;init&gt;(FirstFrame.kt:8)
	at FirstFrame.&lt;init&gt;(FirstFrame.kt:8)
	at FirstFrame.&lt;init&gt;(FirstFrame.kt:8)
	at FirstFrame.&lt;init&gt;(FirstFrame.kt:8)
	at FirstFrame.&lt;init&gt;(FirstFrame.kt:8)
	at FirstFrame.&lt;init&gt;(FirstFrame.kt:8)
	at FirstFrame.&lt;init&gt;(FirstFrame.kt:8)
	at FirstFrame.&lt;init&gt;(FirstFrame.kt:8)
	at FirstFrame.&lt;init&gt;(FirstFrame.kt:8)
	at FirstFrame.&lt;init&gt;(FirstFrame.kt:8)
	at FirstFrame.&lt;init&gt;(FirstFrame.kt:8)
	at FirstFrame.&lt;init&gt;(FirstFrame.kt:8)
	at FirstFrame.&lt;init&gt;(FirstFrame.kt:8)
	at FirstFrame.&lt;init&gt;(FirstFrame.kt:8)
	at FirstFrame.&lt;init&gt;(FirstFrame.kt:8)
	at FirstFrame.&lt;init&gt;(FirstFrame.kt:8)
	at FirstFrame.&lt;init&gt;(FirstFrame.kt:8)
	at FirstFrame.&lt;init&gt;(FirstFrame.kt:8)
	at FirstFrame.&lt;init&gt;(FirstFrame.kt:8)
	at FirstFrame.&lt;init&gt;(FirstFrame.kt:8)
	at FirstFrame.&lt;init&gt;(FirstFrame.kt:8)
	at FirstFrame.&lt;init&gt;(FirstFrame.kt:8)
	at FirstFrame.&lt;init&gt;(FirstFrame.kt:8)
	at FirstFrame.&lt;init&gt;(FirstFrame.kt:8)
	at FirstFrame.&lt;init&gt;(FirstFrame.kt:8)
	at FirstFrame.&lt;init&gt;(FirstFrame.kt:8)
	at FirstFrame.&lt;init&gt;(FirstFrame.kt:8)
	at FirstFrame.&lt;init&gt;(FirstFrame.kt:8)
	at FirstFrame.&lt;init&gt;(FirstFrame.kt:8)
	at FirstFrame.&lt;init&gt;(FirstFrame.kt:8)
	at FirstFrame.&lt;init&gt;(FirstFrame.kt:8)
	at FirstFrame.&lt;init&gt;(FirstFrame.kt:8)
	at FirstFrame.&lt;init&gt;(FirstFrame.kt:8)
	at FirstFrame.&lt;init&gt;(FirstFrame.kt:8)
	at FirstFrame.&lt;init&gt;(FirstFrame.kt:8)
	at FirstFrame.&lt;init&gt;(FirstFrame.kt:8)
	at FirstFrame.&lt;init&gt;(FirstFrame.kt:8)
	at FirstFrame.&lt;init&gt;(FirstFrame.kt:8)
	at FirstFrame.&lt;init&gt;(FirstFrame.kt:8)
	at FirstFrame.&lt;init&gt;(FirstFrame.kt:8)
	at FirstFrame.&lt;init&gt;(FirstFrame.kt:8)
	at FirstFrame.&lt;init&gt;(FirstFrame.kt:8)
	at FirstFrame.&lt;init&gt;(FirstFrame.kt:8)
	at FirstFrame.&lt;init&gt;(FirstFrame.kt:8)
	at FirstFrame.&lt;init&gt;(FirstFrame.kt:8)
	at FirstFrame.&lt;init&gt;(FirstFrame.kt:8)
	at FirstFrame.&lt;init&gt;(FirstFrame.kt:8)
	at FirstFrame.&lt;init&gt;(FirstFrame.kt:8)
	at FirstFrame.&lt;init&gt;(FirstFrame.kt:8)
	at FirstFrame.&lt;init&gt;(FirstFrame.kt:8)
	at FirstFrame.&lt;init&gt;(FirstFrame.kt:8)
	at FirstFrame.&lt;init&gt;(FirstFrame.kt:8)
	at FirstFrame.&lt;init&gt;(FirstFrame.kt:8)
	at FirstFrame.&lt;init&gt;(FirstFrame.kt:8)
	at FirstFrame.&lt;init&gt;(FirstFrame.kt:8)
	at FirstFrame.&lt;init&gt;(FirstFrame.kt:8)
	at FirstFrame.&lt;init&gt;(FirstFrame.kt:8)
	at FirstFrame.&lt;init&gt;(FirstFrame.kt:8)
	at FirstFrame.&lt;init&gt;(FirstFrame.kt:8)
	at FirstFrame.&lt;init&gt;(FirstFrame.kt:8)
	at FirstFrame.&lt;init&gt;(FirstFrame.kt:8)
	at FirstFrame.&lt;init&gt;(FirstFrame.kt:8)
	at FirstFrame.&lt;init&gt;(FirstFrame.kt:8)
	at FirstFrame.&lt;init&gt;(FirstFrame.kt:8)
	at FirstFrame.&lt;init&gt;(FirstFrame.kt:8)
	at FirstFrame.&lt;init&gt;(FirstFrame.kt:8)
	at FirstFrame.&lt;init&gt;(FirstFrame.kt:8)
	at FirstFrame.&lt;init&gt;(FirstFrame.kt:8)
	at FirstFrame.&lt;init&gt;(FirstFrame.kt:8)
	at FirstFrame.&lt;init&gt;(FirstFrame.kt:8)
	at FirstFrame.&lt;init&gt;(FirstFrame.kt:8)
	at FirstFrame.&lt;init&gt;(FirstFrame.kt:8)
	at FirstFrame.&lt;init&gt;(FirstFrame.kt:8)
	at FirstFrame.&lt;init&gt;(FirstFrame.kt:8)
	at FirstFrame.&lt;init&gt;(FirstFrame.kt:8)
	at FirstFrame.&lt;init&gt;(FirstFrame.kt:8)
	at FirstFrame.&lt;init&gt;(FirstFrame.kt:8)
	at FirstFrame.&lt;init&gt;(FirstFrame.kt:8)
	at FirstFrame.&lt;init&gt;(FirstFrame.kt:8)
	at FirstFrame.&lt;init&gt;(FirstFrame.kt:8)
	at FirstFrame.&lt;init&gt;(FirstFrame.kt:8)
	at FirstFrame.&lt;init&gt;(FirstFrame.kt:8)
	at FirstFrame.&lt;init&gt;(FirstFrame.kt:8)
	at FirstFrame.&lt;init&gt;(FirstFrame.kt:8)
	at FirstFrame.&lt;init&gt;(FirstFrame.kt:8)
	at FirstFrame.&lt;init&gt;(FirstFrame.kt:8)
	at FirstFrame.&lt;init&gt;(FirstFrame.kt:8)
	at FirstFrame.&lt;init&gt;(FirstFrame.kt:8)
	at FirstFrame.&lt;init&gt;(FirstFrame.kt:8)
	at FirstFrame.&lt;init&gt;(FirstFrame.kt:8)
	at FirstFrame.&lt;init&gt;(FirstFrame.kt:8)
	at FirstFrame.&lt;init&gt;(FirstFrame.kt:8)
	at FirstFrame.&lt;init&gt;(FirstFrame.kt:8)
	at FirstFrame.&lt;init&gt;(FirstFrame.kt:8)
	at FirstFrame.&lt;init&gt;(FirstFrame.kt:8)
	at FirstFrame.&lt;init&gt;(FirstFrame.kt:8)
	at FirstFrame.&lt;init&gt;(FirstFrame.kt:8)
	at FirstFrame.&lt;init&gt;(FirstFrame.kt:8)
	at FirstFrame.&lt;init&gt;(FirstFrame.kt:8)
	at FirstFrame.&lt;init&gt;(FirstFrame.kt:8)
	at FirstFrame.&lt;init&gt;(FirstFrame.kt:8)
	at FirstFrame.&lt;init&gt;(FirstFrame.kt:8)
	at FirstFrame.&lt;init&gt;(FirstFrame.kt:8)
	at FirstFrame.&lt;init&gt;(FirstFrame.kt:8)
	at FirstFrame.&lt;init&gt;(FirstFrame.kt:8)
	at FirstFrame.&lt;init&gt;(FirstFrame.kt:8)
	at FirstFrame.&lt;init&gt;(FirstFrame.kt:8)
	at FirstFrame.&lt;init&gt;(FirstFrame.kt:8)
	at FirstFrame.&lt;init&gt;(FirstFrame.kt:8)
	at FirstFrame.&lt;init&gt;(FirstFrame.kt:8)
	at FirstFrame.&lt;init&gt;(FirstFrame.kt:8)
	at FirstFrame.&lt;init&gt;(FirstFrame.kt:8)
	at FirstFrame.&lt;init&gt;(FirstFrame.kt:8)
	at FirstFrame.&lt;init&gt;(FirstFrame.kt:8)
	at FirstFrame.&lt;init&gt;(FirstFrame.kt:8)
	at FirstFrame.&lt;init&gt;(FirstFrame.kt:8)
	at FirstFrame.&lt;init&gt;(FirstFrame.kt:8)
	at FirstFrame.&lt;init&gt;(FirstFrame.kt:8)
	at FirstFrame.&lt;init&gt;(FirstFrame.kt:8)
	at FirstFrame.&lt;init&gt;(FirstFrame.kt:8)
	at FirstFrame.&lt;init&gt;(FirstFrame.kt:8)
	at FirstFrame.&lt;init&gt;(FirstFrame.kt:8)
	at FirstFrame.&lt;init&gt;(FirstFrame.kt:8)
	at FirstFrame.&lt;init&gt;(FirstFrame.kt:8)
	at FirstFrame.&lt;init&gt;(FirstFrame.kt:8)
	at FirstFrame.&lt;init&gt;(FirstFrame.kt:8)
	at FirstFrame.&lt;init&gt;(FirstFrame.kt:8)
	at FirstFrame.&lt;init&gt;(FirstFrame.kt:8)
	at FirstFrame.&lt;init&gt;(FirstFrame.kt:8)
	at FirstFrame.&lt;init&gt;(FirstFrame.kt:8)
	at FirstFrame.&lt;init&gt;(FirstFrame.kt:8)
	at FirstFrame.&lt;init&gt;(FirstFrame.kt:8)
	at FirstFrame.&lt;init&gt;(FirstFrame.kt:8)
	at FirstFrame.&lt;init&gt;(FirstFrame.kt:8)
	at FirstFrame.&lt;init&gt;(FirstFrame.kt:8)
	at FirstFrame.&lt;init&gt;(FirstFrame.kt:8)
	at FirstFrame.&lt;init&gt;(FirstFrame.kt:8)
	at FirstFrame.&lt;init&gt;(FirstFrame.kt:8)
	at FirstFrame.&lt;init&gt;(FirstFrame.kt:8)
	at FirstFrame.&lt;init&gt;(FirstFrame.kt:8)
	at FirstFrame.&lt;init&gt;(FirstFrame.kt:8)
	at FirstFrame.&lt;init&gt;(FirstFrame.kt:8)
	at FirstFrame.&lt;init&gt;(FirstFrame.kt:8)
	at FirstFrame.&lt;init&gt;(FirstFrame.kt:8)
	at FirstFrame.&lt;init&gt;(FirstFrame.kt:8)
	at FirstFrame.&lt;init&gt;(FirstFrame.kt:8)
	at FirstFrame.&lt;init&gt;(FirstFrame.kt:8)
	at FirstFrame.&lt;init&gt;(FirstFrame.kt:8)
	at FirstFrame.&lt;init&gt;(FirstFrame.kt:8)
	at FirstFrame.&lt;init&gt;(FirstFrame.kt:8)
	at FirstFrame.&lt;init&gt;(FirstFrame.kt:8)
	at FirstFrame.&lt;init&gt;(FirstFrame.kt:8)
	at FirstFrame.&lt;init&gt;(FirstFrame.kt:8)
	at FirstFrame.&lt;init&gt;(FirstFrame.kt:8)
	at FirstFrame.&lt;init&gt;(FirstFrame.kt:8)
	at FirstFrame.&lt;init&gt;(FirstFrame.kt:8)
	at FirstFrame.&lt;init&gt;(FirstFrame.kt:8)
	at FirstFrame.&lt;init&gt;(FirstFrame.kt:8)
	at FirstFrame.&lt;init&gt;(FirstFrame.kt:8)
	at FirstFrame.&lt;init&gt;(FirstFrame.kt:8)
	at FirstFrame.&lt;init&gt;(FirstFrame.kt:8)
	at FirstFrame.&lt;init&gt;(FirstFrame.kt:8)
	at FirstFrame.&lt;init&gt;(FirstFrame.kt:8)
	at FirstFrame.&lt;init&gt;(FirstFrame.kt:8)
	at FirstFrame.&lt;init&gt;(FirstFrame.kt:8)
	at FirstFrame.&lt;init&gt;(FirstFrame.kt:8)
	at FirstFrame.&lt;init&gt;(FirstFrame.kt:8)
	at FirstFrame.&lt;init&gt;(FirstFrame.kt:8)
	at FirstFrame.&lt;init&gt;(FirstFrame.kt:8)
	at FirstFrame.&lt;init&gt;(FirstFrame.kt:8)
	at FirstFrame.&lt;init&gt;(FirstFrame.kt:8)
	at FirstFrame.&lt;init&gt;(FirstFrame.kt:8)
	at FirstFrame.&lt;init&gt;(FirstFrame.kt:8)
	at FirstFrame.&lt;init&gt;(FirstFrame.kt:8)
	at FirstFrame.&lt;init&gt;(FirstFrame.kt:8)
	at FirstFrame.&lt;init&gt;(FirstFrame.kt:8)
	at FirstFrame.&lt;init&gt;(FirstFrame.kt:8)
	at FirstFrame.&lt;init&gt;(FirstFrame.kt:8)
	at FirstFrame.&lt;init&gt;(FirstFrame.kt:8)
	at FirstFrame.&lt;init&gt;(FirstFrame.kt:8)
	at FirstFrame.&lt;init&gt;(FirstFrame.kt:8)
	at FirstFrame.&lt;init&gt;(FirstFrame.kt:8)
	at FirstFrame.&lt;init&gt;(FirstFrame.kt:8)
	at FirstFrame.&lt;init&gt;(FirstFrame.kt:8)
	at FirstFrame.&lt;init&gt;(FirstFrame.kt:8)
	at FirstFrame.&lt;init&gt;(FirstFrame.kt:8)
	at FirstFrame.&lt;init&gt;(FirstFrame.kt:8)
	at FirstFrame.&lt;init&gt;(FirstFrame.kt:8)
	at FirstFrame.&lt;init&gt;(FirstFrame.kt:8)
	at FirstFrame.&lt;init&gt;(FirstFrame.kt:8)
	at FirstFrame.&lt;init&gt;(FirstFrame.kt:8)
	at FirstFrame.&lt;init&gt;(FirstFrame.kt:8)
	at FirstFrame.&lt;init&gt;(FirstFrame.kt:8)
	at FirstFrame.&lt;init&gt;(FirstFrame.kt:8)
	at FirstFrame.&lt;init&gt;(FirstFrame.kt:8)
	at FirstFrame.&lt;init&gt;(FirstFrame.kt:8)
	at FirstFrame.&lt;init&gt;(FirstFrame.kt:8)
	at FirstFrame.&lt;init&gt;(FirstFrame.kt:8)
	at FirstFrame.&lt;init&gt;(FirstFrame.kt:8)
	at FirstFrame.&lt;init&gt;(FirstFrame.kt:8)
	at FirstFrame.&lt;init&gt;(FirstFrame.kt:8)
	at FirstFrame.&lt;init&gt;(FirstFrame.kt:8)
	at FirstFrame.&lt;init&gt;(FirstFrame.kt:8)
	at FirstFrame.&lt;init&gt;(FirstFrame.kt:8)
	at FirstFrame.&lt;init&gt;(FirstFrame.kt:8)
	at FirstFrame.&lt;init&gt;(FirstFrame.kt:8)
	at FirstFrame.&lt;init&gt;(FirstFrame.kt:8)
	at FirstFrame.&lt;init&gt;(FirstFrame.kt:8)
	at FirstFrame.&lt;init&gt;(FirstFrame.kt:8)
	at FirstFrame.&lt;init&gt;(FirstFrame.kt:8)
	at FirstFrame.&lt;init&gt;(FirstFrame.kt:8)
	at FirstFrame.&lt;init&gt;(FirstFrame.kt:8)
	at FirstFrame.&lt;init&gt;(FirstFrame.kt:8)
	at FirstFrame.&lt;init&gt;(FirstFrame.kt:8)
	at FirstFrame.&lt;init&gt;(FirstFrame.kt:8)
	at FirstFrame.&lt;init&gt;(FirstFrame.kt:8)
	at FirstFrame.&lt;init&gt;(FirstFrame.kt:8)
	at FirstFrame.&lt;init&gt;(FirstFrame.kt:8)
	at FirstFrame.&lt;init&gt;(FirstFrame.kt:8)
	at FirstFrame.&lt;init&gt;(FirstFrame.kt:8)
	at FirstFrame.&lt;init&gt;(FirstFrame.kt:8)
	at FirstFrame.&lt;init&gt;(FirstFrame.kt:8)
	at FirstFrame.&lt;init&gt;(FirstFrame.kt:8)
	at FirstFrame.&lt;init&gt;(FirstFrame.kt:8)
	at FirstFrame.&lt;init&gt;(FirstFrame.kt:8)
	at FirstFrame.&lt;init&gt;(FirstFrame.kt:8)
	at FirstFrame.&lt;init&gt;(FirstFrame.kt:8)
	at FirstFrame.&lt;init&gt;(FirstFrame.kt:8)
	at FirstFrame.&lt;init&gt;(FirstFrame.kt:8)
	at FirstFrame.&lt;init&gt;(FirstFrame.kt:8)
	at FirstFrame.&lt;init&gt;(FirstFrame.kt:8)
	at FirstFrame.&lt;init&gt;(FirstFrame.kt:8)
	at FirstFrame.&lt;init&gt;(FirstFrame.kt:8)
	at FirstFrame.&lt;init&gt;(FirstFrame.kt:8)
	at FirstFrame.&lt;init&gt;(FirstFrame.kt:8)
	at FirstFrame.&lt;init&gt;(FirstFrame.kt:8)
	at FirstFrame.&lt;init&gt;(FirstFrame.kt:8)
	at FirstFrame.&lt;init&gt;(FirstFrame.kt:8)
	at FirstFrame.&lt;init&gt;(FirstFrame.kt:8)
	at FirstFrame.&lt;init&gt;(FirstFrame.kt:8)
	at FirstFrame.&lt;init&gt;(FirstFrame.kt:8)
	at FirstFrame.&lt;init&gt;(FirstFrame.kt:8)
	at FirstFrame.&lt;init&gt;(FirstFrame.kt:8)
	at FirstFrame.&lt;init&gt;(FirstFrame.kt:8)
	at FirstFrame.&lt;init&gt;(FirstFrame.kt:8)
	at FirstFrame.&lt;init&gt;(FirstFrame.kt:8)
	at FirstFrame.&lt;init&gt;(FirstFrame.kt:8)
	at FirstFrame.&lt;init&gt;(FirstFrame.kt:8)
	at FirstFrame.&lt;init&gt;(FirstFrame.kt:8)
	at FirstFrame.&lt;init&gt;(FirstFrame.kt:8)
	at FirstFrame.&lt;init&gt;(FirstFrame.kt:8)
	at FirstFrame.&lt;init&gt;(FirstFrame.kt:8)
	at FirstFrame.&lt;init&gt;(FirstFrame.kt:8)
	at FirstFrame.&lt;init&gt;(FirstFrame.kt:8)
	at FirstFrame.&lt;init&gt;(FirstFrame.kt:8)
	at FirstFrame.&lt;init&gt;(FirstFrame.kt:8)
	at FirstFrame.&lt;init&gt;(FirstFrame.kt:8)
	at FirstFrame.&lt;init&gt;(FirstFrame.kt:8)
	at FirstFrame.&lt;init&gt;(FirstFrame.kt:8)
	at FirstFrame.&lt;init&gt;(FirstFrame.kt:8)
	at FirstFrame.&lt;init&gt;(FirstFrame.kt:8)
	at FirstFrame.&lt;init&gt;(FirstFrame.kt:8)
	at FirstFrame.&lt;init&gt;(FirstFrame.kt:8)
	at FirstFrame.&lt;init&gt;(FirstFrame.kt:8)
	at FirstFrame.&lt;init&gt;(FirstFrame.kt:8)
	at FirstFrame.&lt;init&gt;(FirstFrame.kt:8)
	at FirstFrame.&lt;init&gt;(FirstFrame.kt:8)
	at FirstFrame.&lt;init&gt;(FirstFrame.kt:8)
	at FirstFrame.&lt;init&gt;(FirstFrame.kt:8)
	at FirstFrame.&lt;init&gt;(FirstFrame.kt:8)
	at FirstFrame.&lt;init&gt;(FirstFrame.kt:8)
	at FirstFrame.&lt;init&gt;(FirstFrame.kt:8)
</failure>
  </testcase>
  <testcase name="updateExisting" classname="WallServiceTest" time="0.009">
    <failure message="java.lang.StackOverflowError" type="java.lang.StackOverflowError">java.lang.StackOverflowError
	at kotlin.jvm.internal.Intrinsics.checkNotNullParameter(Intrinsics.java)
	at FirstFrame.&lt;init&gt;(FirstFrame.kt)
	at FirstFrame.&lt;init&gt;(FirstFrame.kt:8)
	at FirstFrame.&lt;init&gt;(FirstFrame.kt:8)
	at FirstFrame.&lt;init&gt;(FirstFrame.kt:8)
	at FirstFrame.&lt;init&gt;(FirstFrame.kt:8)
	at FirstFrame.&lt;init&gt;(FirstFrame.kt:8)
	at FirstFrame.&lt;init&gt;(FirstFrame.kt:8)
	at FirstFrame.&lt;init&gt;(FirstFrame.kt:8)
	at FirstFrame.&lt;init&gt;(FirstFrame.kt:8)
	at FirstFrame.&lt;init&gt;(FirstFrame.kt:8)
	at FirstFrame.&lt;init&gt;(FirstFrame.kt:8)
	at FirstFrame.&lt;init&gt;(FirstFrame.kt:8)
	at FirstFrame.&lt;init&gt;(FirstFrame.kt:8)
	at FirstFrame.&lt;init&gt;(FirstFrame.kt:8)
	at FirstFrame.&lt;init&gt;(FirstFrame.kt:8)
	at FirstFrame.&lt;init&gt;(FirstFrame.kt:8)
	at FirstFrame.&lt;init&gt;(FirstFrame.kt:8)
	at FirstFrame.&lt;init&gt;(FirstFrame.kt:8)
	at FirstFrame.&lt;init&gt;(FirstFrame.kt:8)
	at FirstFrame.&lt;init&gt;(FirstFrame.kt:8)
	at FirstFrame.&lt;init&gt;(FirstFrame.kt:8)
	at FirstFrame.&lt;init&gt;(FirstFrame.kt:8)
	at FirstFrame.&lt;init&gt;(FirstFrame.kt:8)
	at FirstFrame.&lt;init&gt;(FirstFrame.kt:8)
	at FirstFrame.&lt;init&gt;(FirstFrame.kt:8)
	at FirstFrame.&lt;init&gt;(FirstFrame.kt:8)
	at FirstFrame.&lt;init&gt;(FirstFrame.kt:8)
	at FirstFrame.&lt;init&gt;(FirstFrame.kt:8)
	at FirstFrame.&lt;init&gt;(FirstFrame.kt:8)
	at FirstFrame.&lt;init&gt;(FirstFrame.kt:8)
	at FirstFrame.&lt;init&gt;(FirstFrame.kt:8)
	at FirstFrame.&lt;init&gt;(FirstFrame.kt:8)
	at FirstFrame.&lt;init&gt;(FirstFrame.kt:8)
	at FirstFrame.&lt;init&gt;(FirstFrame.kt:8)
	at FirstFrame.&lt;init&gt;(FirstFrame.kt:8)
	at FirstFrame.&lt;init&gt;(FirstFrame.kt:8)
	at FirstFrame.&lt;init&gt;(FirstFrame.kt:8)
	at FirstFrame.&lt;init&gt;(FirstFrame.kt:8)
	at FirstFrame.&lt;init&gt;(FirstFrame.kt:8)
	at FirstFrame.&lt;init&gt;(FirstFrame.kt:8)
	at FirstFrame.&lt;init&gt;(FirstFrame.kt:8)
	at FirstFrame.&lt;init&gt;(FirstFrame.kt:8)
	at FirstFrame.&lt;init&gt;(FirstFrame.kt:8)
	at FirstFrame.&lt;init&gt;(FirstFrame.kt:8)
	at FirstFrame.&lt;init&gt;(FirstFrame.kt:8)
	at FirstFrame.&lt;init&gt;(FirstFrame.kt:8)
	at FirstFrame.&lt;init&gt;(FirstFrame.kt:8)
	at FirstFrame.&lt;init&gt;(FirstFrame.kt:8)
	at FirstFrame.&lt;init&gt;(FirstFrame.kt:8)
	at FirstFrame.&lt;init&gt;(FirstFrame.kt:8)
	at FirstFrame.&lt;init&gt;(FirstFrame.kt:8)
	at FirstFrame.&lt;init&gt;(FirstFrame.kt:8)
	at FirstFrame.&lt;init&gt;(FirstFrame.kt:8)
	at FirstFrame.&lt;init&gt;(FirstFrame.kt:8)
	at FirstFrame.&lt;init&gt;(FirstFrame.kt:8)
	at FirstFrame.&lt;init&gt;(FirstFrame.kt:8)
	at FirstFrame.&lt;init&gt;(FirstFrame.kt:8)
	at FirstFrame.&lt;init&gt;(FirstFrame.kt:8)
	at FirstFrame.&lt;init&gt;(FirstFrame.kt:8)
	at FirstFrame.&lt;init&gt;(FirstFrame.kt:8)
	at FirstFrame.&lt;init&gt;(FirstFrame.kt:8)
	at FirstFrame.&lt;init&gt;(FirstFrame.kt:8)
	at FirstFrame.&lt;init&gt;(FirstFrame.kt:8)
	at FirstFrame.&lt;init&gt;(FirstFrame.kt:8)
	at FirstFrame.&lt;init&gt;(FirstFrame.kt:8)
	at FirstFrame.&lt;init&gt;(FirstFrame.kt:8)
	at FirstFrame.&lt;init&gt;(FirstFrame.kt:8)
	at FirstFrame.&lt;init&gt;(FirstFrame.kt:8)
	at FirstFrame.&lt;init&gt;(FirstFrame.kt:8)
	at FirstFrame.&lt;init&gt;(FirstFrame.kt:8)
	at FirstFrame.&lt;init&gt;(FirstFrame.kt:8)
	at FirstFrame.&lt;init&gt;(FirstFrame.kt:8)
	at FirstFrame.&lt;init&gt;(FirstFrame.kt:8)
	at FirstFrame.&lt;init&gt;(FirstFrame.kt:8)
	at FirstFrame.&lt;init&gt;(FirstFrame.kt:8)
	at FirstFrame.&lt;init&gt;(FirstFrame.kt:8)
	at FirstFrame.&lt;init&gt;(FirstFrame.kt:8)
	at FirstFrame.&lt;init&gt;(FirstFrame.kt:8)
	at FirstFrame.&lt;init&gt;(FirstFrame.kt:8)
	at FirstFrame.&lt;init&gt;(FirstFrame.kt:8)
	at FirstFrame.&lt;init&gt;(FirstFrame.kt:8)
	at FirstFrame.&lt;init&gt;(FirstFrame.kt:8)
	at FirstFrame.&lt;init&gt;(FirstFrame.kt:8)
	at FirstFrame.&lt;init&gt;(FirstFrame.kt:8)
	at FirstFrame.&lt;init&gt;(FirstFrame.kt:8)
	at FirstFrame.&lt;init&gt;(FirstFrame.kt:8)
	at FirstFrame.&lt;init&gt;(FirstFrame.kt:8)
	at FirstFrame.&lt;init&gt;(FirstFrame.kt:8)
	at FirstFrame.&lt;init&gt;(FirstFrame.kt:8)
	at FirstFrame.&lt;init&gt;(FirstFrame.kt:8)
	at FirstFrame.&lt;init&gt;(FirstFrame.kt:8)
	at FirstFrame.&lt;init&gt;(FirstFrame.kt:8)
	at FirstFrame.&lt;init&gt;(FirstFrame.kt:8)
	at FirstFrame.&lt;init&gt;(FirstFrame.kt:8)
	at FirstFrame.&lt;init&gt;(FirstFrame.kt:8)
	at FirstFrame.&lt;init&gt;(FirstFrame.kt:8)
	at FirstFrame.&lt;init&gt;(FirstFrame.kt:8)
	at FirstFrame.&lt;init&gt;(FirstFrame.kt:8)
	at FirstFrame.&lt;init&gt;(FirstFrame.kt:8)
	at FirstFrame.&lt;init&gt;(FirstFrame.kt:8)
	at FirstFrame.&lt;init&gt;(FirstFrame.kt:8)
	at FirstFrame.&lt;init&gt;(FirstFrame.kt:8)
	at FirstFrame.&lt;init&gt;(FirstFrame.kt:8)
	at FirstFrame.&lt;init&gt;(FirstFrame.kt:8)
	at FirstFrame.&lt;init&gt;(FirstFrame.kt:8)
	at FirstFrame.&lt;init&gt;(FirstFrame.kt:8)
	at FirstFrame.&lt;init&gt;(FirstFrame.kt:8)
	at FirstFrame.&lt;init&gt;(FirstFrame.kt:8)
	at FirstFrame.&lt;init&gt;(FirstFrame.kt:8)
	at FirstFrame.&lt;init&gt;(FirstFrame.kt:8)
	at FirstFrame.&lt;init&gt;(FirstFrame.kt:8)
	at FirstFrame.&lt;init&gt;(FirstFrame.kt:8)
	at FirstFrame.&lt;init&gt;(FirstFrame.kt:8)
	at FirstFrame.&lt;init&gt;(FirstFrame.kt:8)
	at FirstFrame.&lt;init&gt;(FirstFrame.kt:8)
	at FirstFrame.&lt;init&gt;(FirstFrame.kt:8)
	at FirstFrame.&lt;init&gt;(FirstFrame.kt:8)
	at FirstFrame.&lt;init&gt;(FirstFrame.kt:8)
	at FirstFrame.&lt;init&gt;(FirstFrame.kt:8)
	at FirstFrame.&lt;init&gt;(FirstFrame.kt:8)
	at FirstFrame.&lt;init&gt;(FirstFrame.kt:8)
	at FirstFrame.&lt;init&gt;(FirstFrame.kt:8)
	at FirstFrame.&lt;init&gt;(FirstFrame.kt:8)
	at FirstFrame.&lt;init&gt;(FirstFrame.kt:8)
	at FirstFrame.&lt;init&gt;(FirstFrame.kt:8)
	at FirstFrame.&lt;init&gt;(FirstFrame.kt:8)
	at FirstFrame.&lt;init&gt;(FirstFrame.kt:8)
	at FirstFrame.&lt;init&gt;(FirstFrame.kt:8)
	at FirstFrame.&lt;init&gt;(FirstFrame.kt:8)
	at FirstFrame.&lt;init&gt;(FirstFrame.kt:8)
	at FirstFrame.&lt;init&gt;(FirstFrame.kt:8)
	at FirstFrame.&lt;init&gt;(FirstFrame.kt:8)
	at FirstFrame.&lt;init&gt;(FirstFrame.kt:8)
	at FirstFrame.&lt;init&gt;(FirstFrame.kt:8)
	at FirstFrame.&lt;init&gt;(FirstFrame.kt:8)
	at FirstFrame.&lt;init&gt;(FirstFrame.kt:8)
	at FirstFrame.&lt;init&gt;(FirstFrame.kt:8)
	at FirstFrame.&lt;init&gt;(FirstFrame.kt:8)
	at FirstFrame.&lt;init&gt;(FirstFrame.kt:8)
	at FirstFrame.&lt;init&gt;(FirstFrame.kt:8)
	at FirstFrame.&lt;init&gt;(FirstFrame.kt:8)
	at FirstFrame.&lt;init&gt;(FirstFrame.kt:8)
	at FirstFrame.&lt;init&gt;(FirstFrame.kt:8)
	at FirstFrame.&lt;init&gt;(FirstFrame.kt:8)
	at FirstFrame.&lt;init&gt;(FirstFrame.kt:8)
	at FirstFrame.&lt;init&gt;(FirstFrame.kt:8)
	at FirstFrame.&lt;init&gt;(FirstFrame.kt:8)
	at FirstFrame.&lt;init&gt;(FirstFrame.kt:8)
	at FirstFrame.&lt;init&gt;(FirstFrame.kt:8)
	at FirstFrame.&lt;init&gt;(FirstFrame.kt:8)
	at FirstFrame.&lt;init&gt;(FirstFrame.kt:8)
	at FirstFrame.&lt;init&gt;(FirstFrame.kt:8)
	at FirstFrame.&lt;init&gt;(FirstFrame.kt:8)
	at FirstFrame.&lt;init&gt;(FirstFrame.kt:8)
	at FirstFrame.&lt;init&gt;(FirstFrame.kt:8)
	at FirstFrame.&lt;init&gt;(FirstFrame.kt:8)
	at FirstFrame.&lt;init&gt;(FirstFrame.kt:8)
	at FirstFrame.&lt;init&gt;(FirstFrame.kt:8)
	at FirstFrame.&lt;init&gt;(FirstFrame.kt:8)
	at FirstFrame.&lt;init&gt;(FirstFrame.kt:8)
	at FirstFrame.&lt;init&gt;(FirstFrame.kt:8)
	at FirstFrame.&lt;init&gt;(FirstFrame.kt:8)
	at FirstFrame.&lt;init&gt;(FirstFrame.kt:8)
	at FirstFrame.&lt;init&gt;(FirstFrame.kt:8)
	at FirstFrame.&lt;init&gt;(FirstFrame.kt:8)
	at FirstFrame.&lt;init&gt;(FirstFrame.kt:8)
	at FirstFrame.&lt;init&gt;(FirstFrame.kt:8)
	at FirstFrame.&lt;init&gt;(FirstFrame.kt:8)
	at FirstFrame.&lt;init&gt;(FirstFrame.kt:8)
	at FirstFrame.&lt;init&gt;(FirstFrame.kt:8)
	at FirstFrame.&lt;init&gt;(FirstFrame.kt:8)
	at FirstFrame.&lt;init&gt;(FirstFrame.kt:8)
	at FirstFrame.&lt;init&gt;(FirstFrame.kt:8)
	at FirstFrame.&lt;init&gt;(FirstFrame.kt:8)
	at FirstFrame.&lt;init&gt;(FirstFrame.kt:8)
	at FirstFrame.&lt;init&gt;(FirstFrame.kt:8)
	at FirstFrame.&lt;init&gt;(FirstFrame.kt:8)
	at FirstFrame.&lt;init&gt;(FirstFrame.kt:8)
	at FirstFrame.&lt;init&gt;(FirstFrame.kt:8)
	at FirstFrame.&lt;init&gt;(FirstFrame.kt:8)
	at FirstFrame.&lt;init&gt;(FirstFrame.kt:8)
	at FirstFrame.&lt;init&gt;(FirstFrame.kt:8)
	at FirstFrame.&lt;init&gt;(FirstFrame.kt:8)
	at FirstFrame.&lt;init&gt;(FirstFrame.kt:8)
	at FirstFrame.&lt;init&gt;(FirstFrame.kt:8)
	at FirstFrame.&lt;init&gt;(FirstFrame.kt:8)
	at FirstFrame.&lt;init&gt;(FirstFrame.kt:8)
	at FirstFrame.&lt;init&gt;(FirstFrame.kt:8)
	at FirstFrame.&lt;init&gt;(FirstFrame.kt:8)
	at FirstFrame.&lt;init&gt;(FirstFrame.kt:8)
	at FirstFrame.&lt;init&gt;(FirstFrame.kt:8)
	at FirstFrame.&lt;init&gt;(FirstFrame.kt:8)
	at FirstFrame.&lt;init&gt;(FirstFrame.kt:8)
	at FirstFrame.&lt;init&gt;(FirstFrame.kt:8)
	at FirstFrame.&lt;init&gt;(FirstFrame.kt:8)
	at FirstFrame.&lt;init&gt;(FirstFrame.kt:8)
	at FirstFrame.&lt;init&gt;(FirstFrame.kt:8)
	at FirstFrame.&lt;init&gt;(FirstFrame.kt:8)
	at FirstFrame.&lt;init&gt;(FirstFrame.kt:8)
	at FirstFrame.&lt;init&gt;(FirstFrame.kt:8)
	at FirstFrame.&lt;init&gt;(FirstFrame.kt:8)
	at FirstFrame.&lt;init&gt;(FirstFrame.kt:8)
	at FirstFrame.&lt;init&gt;(FirstFrame.kt:8)
	at FirstFrame.&lt;init&gt;(FirstFrame.kt:8)
	at FirstFrame.&lt;init&gt;(FirstFrame.kt:8)
	at FirstFrame.&lt;init&gt;(FirstFrame.kt:8)
	at FirstFrame.&lt;init&gt;(FirstFrame.kt:8)
	at FirstFrame.&lt;init&gt;(FirstFrame.kt:8)
	at FirstFrame.&lt;init&gt;(FirstFrame.kt:8)
	at FirstFrame.&lt;init&gt;(FirstFrame.kt:8)
	at FirstFrame.&lt;init&gt;(FirstFrame.kt:8)
	at FirstFrame.&lt;init&gt;(FirstFrame.kt:8)
	at FirstFrame.&lt;init&gt;(FirstFrame.kt:8)
	at FirstFrame.&lt;init&gt;(FirstFrame.kt:8)
	at FirstFrame.&lt;init&gt;(FirstFrame.kt:8)
	at FirstFrame.&lt;init&gt;(FirstFrame.kt:8)
	at FirstFrame.&lt;init&gt;(FirstFrame.kt:8)
	at FirstFrame.&lt;init&gt;(FirstFrame.kt:8)
	at FirstFrame.&lt;init&gt;(FirstFrame.kt:8)
	at FirstFrame.&lt;init&gt;(FirstFrame.kt:8)
	at FirstFrame.&lt;init&gt;(FirstFrame.kt:8)
	at FirstFrame.&lt;init&gt;(FirstFrame.kt:8)
	at FirstFrame.&lt;init&gt;(FirstFrame.kt:8)
	at FirstFrame.&lt;init&gt;(FirstFrame.kt:8)
	at FirstFrame.&lt;init&gt;(FirstFrame.kt:8)
	at FirstFrame.&lt;init&gt;(FirstFrame.kt:8)
	at FirstFrame.&lt;init&gt;(FirstFrame.kt:8)
	at FirstFrame.&lt;init&gt;(FirstFrame.kt:8)
	at FirstFrame.&lt;init&gt;(FirstFrame.kt:8)
	at FirstFrame.&lt;init&gt;(FirstFrame.kt:8)
	at FirstFrame.&lt;init&gt;(FirstFrame.kt:8)
	at FirstFrame.&lt;init&gt;(FirstFrame.kt:8)
	at FirstFrame.&lt;init&gt;(FirstFrame.kt:8)
	at FirstFrame.&lt;init&gt;(FirstFrame.kt:8)
	at FirstFrame.&lt;init&gt;(FirstFrame.kt:8)
	at FirstFrame.&lt;init&gt;(FirstFrame.kt:8)
	at FirstFrame.&lt;init&gt;(FirstFrame.kt:8)
	at FirstFrame.&lt;init&gt;(FirstFrame.kt:8)
	at FirstFrame.&lt;init&gt;(FirstFrame.kt:8)
	at FirstFrame.&lt;init&gt;(FirstFrame.kt:8)
	at FirstFrame.&lt;init&gt;(FirstFrame.kt:8)
	at FirstFrame.&lt;init&gt;(FirstFrame.kt:8)
	at FirstFrame.&lt;init&gt;(FirstFrame.kt:8)
	at FirstFrame.&lt;init&gt;(FirstFrame.kt:8)
	at FirstFrame.&lt;init&gt;(FirstFrame.kt:8)
	at FirstFrame.&lt;init&gt;(FirstFrame.kt:8)
	at FirstFrame.&lt;init&gt;(FirstFrame.kt:8)
	at FirstFrame.&lt;init&gt;(FirstFrame.kt:8)
	at FirstFrame.&lt;init&gt;(FirstFrame.kt:8)
	at FirstFrame.&lt;init&gt;(FirstFrame.kt:8)
	at FirstFrame.&lt;init&gt;(FirstFrame.kt:8)
	at FirstFrame.&lt;init&gt;(FirstFrame.kt:8)
	at FirstFrame.&lt;init&gt;(FirstFrame.kt:8)
	at FirstFrame.&lt;init&gt;(FirstFrame.kt:8)
	at FirstFrame.&lt;init&gt;(FirstFrame.kt:8)
	at FirstFrame.&lt;init&gt;(FirstFrame.kt:8)
	at FirstFrame.&lt;init&gt;(FirstFrame.kt:8)
	at FirstFrame.&lt;init&gt;(FirstFrame.kt:8)
	at FirstFrame.&lt;init&gt;(FirstFrame.kt:8)
	at FirstFrame.&lt;init&gt;(FirstFrame.kt:8)
	at FirstFrame.&lt;init&gt;(FirstFrame.kt:8)
	at FirstFrame.&lt;init&gt;(FirstFrame.kt:8)
	at FirstFrame.&lt;init&gt;(FirstFrame.kt:8)
	at FirstFrame.&lt;init&gt;(FirstFrame.kt:8)
	at FirstFrame.&lt;init&gt;(FirstFrame.kt:8)
	at FirstFrame.&lt;init&gt;(FirstFrame.kt:8)
	at FirstFrame.&lt;init&gt;(FirstFrame.kt:8)
	at FirstFrame.&lt;init&gt;(FirstFrame.kt:8)
	at FirstFrame.&lt;init&gt;(FirstFrame.kt:8)
	at FirstFrame.&lt;init&gt;(FirstFrame.kt:8)
	at FirstFrame.&lt;init&gt;(FirstFrame.kt:8)
	at FirstFrame.&lt;init&gt;(FirstFrame.kt:8)
	at FirstFrame.&lt;init&gt;(FirstFrame.kt:8)
	at FirstFrame.&lt;init&gt;(FirstFrame.kt:8)
	at FirstFrame.&lt;init&gt;(FirstFrame.kt:8)
	at FirstFrame.&lt;init&gt;(FirstFrame.kt:8)
	at FirstFrame.&lt;init&gt;(FirstFrame.kt:8)
	at FirstFrame.&lt;init&gt;(FirstFrame.kt:8)
	at FirstFrame.&lt;init&gt;(FirstFrame.kt:8)
	at FirstFrame.&lt;init&gt;(FirstFrame.kt:8)
	at FirstFrame.&lt;init&gt;(FirstFrame.kt:8)
	at FirstFrame.&lt;init&gt;(FirstFrame.kt:8)
	at FirstFrame.&lt;init&gt;(FirstFrame.kt:8)
	at FirstFrame.&lt;init&gt;(FirstFrame.kt:8)
	at FirstFrame.&lt;init&gt;(FirstFrame.kt:8)
	at FirstFrame.&lt;init&gt;(FirstFrame.kt:8)
	at FirstFrame.&lt;init&gt;(FirstFrame.kt:8)
	at FirstFrame.&lt;init&gt;(FirstFrame.kt:8)
	at FirstFrame.&lt;init&gt;(FirstFrame.kt:8)
	at FirstFrame.&lt;init&gt;(FirstFrame.kt:8)
	at FirstFrame.&lt;init&gt;(FirstFrame.kt:8)
	at FirstFrame.&lt;init&gt;(FirstFrame.kt:8)
	at FirstFrame.&lt;init&gt;(FirstFrame.kt:8)
	at FirstFrame.&lt;init&gt;(FirstFrame.kt:8)
	at FirstFrame.&lt;init&gt;(FirstFrame.kt:8)
	at FirstFrame.&lt;init&gt;(FirstFrame.kt:8)
	at FirstFrame.&lt;init&gt;(FirstFrame.kt:8)
	at FirstFrame.&lt;init&gt;(FirstFrame.kt:8)
	at FirstFrame.&lt;init&gt;(FirstFrame.kt:8)
	at FirstFrame.&lt;init&gt;(FirstFrame.kt:8)
	at FirstFrame.&lt;init&gt;(FirstFrame.kt:8)
	at FirstFrame.&lt;init&gt;(FirstFrame.kt:8)
	at FirstFrame.&lt;init&gt;(FirstFrame.kt:8)
	at FirstFrame.&lt;init&gt;(FirstFrame.kt:8)
	at FirstFrame.&lt;init&gt;(FirstFrame.kt:8)
	at FirstFrame.&lt;init&gt;(FirstFrame.kt:8)
	at FirstFrame.&lt;init&gt;(FirstFrame.kt:8)
	at FirstFrame.&lt;init&gt;(FirstFrame.kt:8)
	at FirstFrame.&lt;init&gt;(FirstFrame.kt:8)
	at FirstFrame.&lt;init&gt;(FirstFrame.kt:8)
	at FirstFrame.&lt;init&gt;(FirstFrame.kt:8)
	at FirstFrame.&lt;init&gt;(FirstFrame.kt:8)
	at FirstFrame.&lt;init&gt;(FirstFrame.kt:8)
	at FirstFrame.&lt;init&gt;(FirstFrame.kt:8)
	at FirstFrame.&lt;init&gt;(FirstFrame.kt:8)
	at FirstFrame.&lt;init&gt;(FirstFrame.kt:8)
	at FirstFrame.&lt;init&gt;(FirstFrame.kt:8)
	at FirstFrame.&lt;init&gt;(FirstFrame.kt:8)
	at FirstFrame.&lt;init&gt;(FirstFrame.kt:8)
	at FirstFrame.&lt;init&gt;(FirstFrame.kt:8)
	at FirstFrame.&lt;init&gt;(FirstFrame.kt:8)
	at FirstFrame.&lt;init&gt;(FirstFrame.kt:8)
	at FirstFrame.&lt;init&gt;(FirstFrame.kt:8)
	at FirstFrame.&lt;init&gt;(FirstFrame.kt:8)
	at FirstFrame.&lt;init&gt;(FirstFrame.kt:8)
	at FirstFrame.&lt;init&gt;(FirstFrame.kt:8)
	at FirstFrame.&lt;init&gt;(FirstFrame.kt:8)
	at FirstFrame.&lt;init&gt;(FirstFrame.kt:8)
	at FirstFrame.&lt;init&gt;(FirstFrame.kt:8)
	at FirstFrame.&lt;init&gt;(FirstFrame.kt:8)
	at FirstFrame.&lt;init&gt;(FirstFrame.kt:8)
	at FirstFrame.&lt;init&gt;(FirstFrame.kt:8)
	at FirstFrame.&lt;init&gt;(FirstFrame.kt:8)
	at FirstFrame.&lt;init&gt;(FirstFrame.kt:8)
	at FirstFrame.&lt;init&gt;(FirstFrame.kt:8)
	at FirstFrame.&lt;init&gt;(FirstFrame.kt:8)
	at FirstFrame.&lt;init&gt;(FirstFrame.kt:8)
	at FirstFrame.&lt;init&gt;(FirstFrame.kt:8)
	at FirstFrame.&lt;init&gt;(FirstFrame.kt:8)
	at FirstFrame.&lt;init&gt;(FirstFrame.kt:8)
	at FirstFrame.&lt;init&gt;(FirstFrame.kt:8)
	at FirstFrame.&lt;init&gt;(FirstFrame.kt:8)
	at FirstFrame.&lt;init&gt;(FirstFrame.kt:8)
	at FirstFrame.&lt;init&gt;(FirstFrame.kt:8)
	at FirstFrame.&lt;init&gt;(FirstFrame.kt:8)
	at FirstFrame.&lt;init&gt;(FirstFrame.kt:8)
	at FirstFrame.&lt;init&gt;(FirstFrame.kt:8)
	at FirstFrame.&lt;init&gt;(FirstFrame.kt:8)
	at FirstFrame.&lt;init&gt;(FirstFrame.kt:8)
	at FirstFrame.&lt;init&gt;(FirstFrame.kt:8)
	at FirstFrame.&lt;init&gt;(FirstFrame.kt:8)
	at FirstFrame.&lt;init&gt;(FirstFrame.kt:8)
	at FirstFrame.&lt;init&gt;(FirstFrame.kt:8)
	at FirstFrame.&lt;init&gt;(FirstFrame.kt:8)
	at FirstFrame.&lt;init&gt;(FirstFrame.kt:8)
	at FirstFrame.&lt;init&gt;(FirstFrame.kt:8)
	at FirstFrame.&lt;init&gt;(FirstFrame.kt:8)
	at FirstFrame.&lt;init&gt;(FirstFrame.kt:8)
	at FirstFrame.&lt;init&gt;(FirstFrame.kt:8)
	at FirstFrame.&lt;init&gt;(FirstFrame.kt:8)
	at FirstFrame.&lt;init&gt;(FirstFrame.kt:8)
	at FirstFrame.&lt;init&gt;(FirstFrame.kt:8)
	at FirstFrame.&lt;init&gt;(FirstFrame.kt:8)
	at FirstFrame.&lt;init&gt;(FirstFrame.kt:8)
	at FirstFrame.&lt;init&gt;(FirstFrame.kt:8)
	at FirstFrame.&lt;init&gt;(FirstFrame.kt:8)
	at FirstFrame.&lt;init&gt;(FirstFrame.kt:8)
	at FirstFrame.&lt;init&gt;(FirstFrame.kt:8)
	at FirstFrame.&lt;init&gt;(FirstFrame.kt:8)
	at FirstFrame.&lt;init&gt;(FirstFrame.kt:8)
	at FirstFrame.&lt;init&gt;(FirstFrame.kt:8)
	at FirstFrame.&lt;init&gt;(FirstFrame.kt:8)
	at FirstFrame.&lt;init&gt;(FirstFrame.kt:8)
	at FirstFrame.&lt;init&gt;(FirstFrame.kt:8)
	at FirstFrame.&lt;init&gt;(FirstFrame.kt:8)
	at FirstFrame.&lt;init&gt;(FirstFrame.kt:8)
	at FirstFrame.&lt;init&gt;(FirstFrame.kt:8)
	at FirstFrame.&lt;init&gt;(FirstFrame.kt:8)
	at FirstFrame.&lt;init&gt;(FirstFrame.kt:8)
	at FirstFrame.&lt;init&gt;(FirstFrame.kt:8)
	at FirstFrame.&lt;init&gt;(FirstFrame.kt:8)
	at FirstFrame.&lt;init&gt;(FirstFrame.kt:8)
	at FirstFrame.&lt;init&gt;(FirstFrame.kt:8)
	at FirstFrame.&lt;init&gt;(FirstFrame.kt:8)
	at FirstFrame.&lt;init&gt;(FirstFrame.kt:8)
	at FirstFrame.&lt;init&gt;(FirstFrame.kt:8)
	at FirstFrame.&lt;init&gt;(FirstFrame.kt:8)
	at FirstFrame.&lt;init&gt;(FirstFrame.kt:8)
	at FirstFrame.&lt;init&gt;(FirstFrame.kt:8)
	at FirstFrame.&lt;init&gt;(FirstFrame.kt:8)
	at FirstFrame.&lt;init&gt;(FirstFrame.kt:8)
	at FirstFrame.&lt;init&gt;(FirstFrame.kt:8)
	at FirstFrame.&lt;init&gt;(FirstFrame.kt:8)
	at FirstFrame.&lt;init&gt;(FirstFrame.kt:8)
	at FirstFrame.&lt;init&gt;(FirstFrame.kt:8)
	at FirstFrame.&lt;init&gt;(FirstFrame.kt:8)
	at FirstFrame.&lt;init&gt;(FirstFrame.kt:8)
	at FirstFrame.&lt;init&gt;(FirstFrame.kt:8)
	at FirstFrame.&lt;init&gt;(FirstFrame.kt:8)
	at FirstFrame.&lt;init&gt;(FirstFrame.kt:8)
	at FirstFrame.&lt;init&gt;(FirstFrame.kt:8)
	at FirstFrame.&lt;init&gt;(FirstFrame.kt:8)
	at FirstFrame.&lt;init&gt;(FirstFrame.kt:8)
	at FirstFrame.&lt;init&gt;(FirstFrame.kt:8)
	at FirstFrame.&lt;init&gt;(FirstFrame.kt:8)
	at FirstFrame.&lt;init&gt;(FirstFrame.kt:8)
	at FirstFrame.&lt;init&gt;(FirstFrame.kt:8)
	at FirstFrame.&lt;init&gt;(FirstFrame.kt:8)
	at FirstFrame.&lt;init&gt;(FirstFrame.kt:8)
	at FirstFrame.&lt;init&gt;(FirstFrame.kt:8)
	at FirstFrame.&lt;init&gt;(FirstFrame.kt:8)
	at FirstFrame.&lt;init&gt;(FirstFrame.kt:8)
	at FirstFrame.&lt;init&gt;(FirstFrame.kt:8)
	at FirstFrame.&lt;init&gt;(FirstFrame.kt:8)
	at FirstFrame.&lt;init&gt;(FirstFrame.kt:8)
	at FirstFrame.&lt;init&gt;(FirstFrame.kt:8)
	at FirstFrame.&lt;init&gt;(FirstFrame.kt:8)
	at FirstFrame.&lt;init&gt;(FirstFrame.kt:8)
	at FirstFrame.&lt;init&gt;(FirstFrame.kt:8)
	at FirstFrame.&lt;init&gt;(FirstFrame.kt:8)
	at FirstFrame.&lt;init&gt;(FirstFrame.kt:8)
	at FirstFrame.&lt;init&gt;(FirstFrame.kt:8)
	at FirstFrame.&lt;init&gt;(FirstFrame.kt:8)
	at FirstFrame.&lt;init&gt;(FirstFrame.kt:8)
	at FirstFrame.&lt;init&gt;(FirstFrame.kt:8)
	at FirstFrame.&lt;init&gt;(FirstFrame.kt:8)
	at FirstFrame.&lt;init&gt;(FirstFrame.kt:8)
	at FirstFrame.&lt;init&gt;(FirstFrame.kt:8)
	at FirstFrame.&lt;init&gt;(FirstFrame.kt:8)
	at FirstFrame.&lt;init&gt;(FirstFrame.kt:8)
	at FirstFrame.&lt;init&gt;(FirstFrame.kt:8)
	at FirstFrame.&lt;init&gt;(FirstFrame.kt:8)
	at FirstFrame.&lt;init&gt;(FirstFrame.kt:8)
	at FirstFrame.&lt;init&gt;(FirstFrame.kt:8)
	at FirstFrame.&lt;init&gt;(FirstFrame.kt:8)
	at FirstFrame.&lt;init&gt;(FirstFrame.kt:8)
	at FirstFrame.&lt;init&gt;(FirstFrame.kt:8)
	at FirstFrame.&lt;init&gt;(FirstFrame.kt:8)
	at FirstFrame.&lt;init&gt;(FirstFrame.kt:8)
	at FirstFrame.&lt;init&gt;(FirstFrame.kt:8)
	at FirstFrame.&lt;init&gt;(FirstFrame.kt:8)
	at FirstFrame.&lt;init&gt;(FirstFrame.kt:8)
	at FirstFrame.&lt;init&gt;(FirstFrame.kt:8)
	at FirstFrame.&lt;init&gt;(FirstFrame.kt:8)
	at FirstFrame.&lt;init&gt;(FirstFrame.kt:8)
	at FirstFrame.&lt;init&gt;(FirstFrame.kt:8)
	at FirstFrame.&lt;init&gt;(FirstFrame.kt:8)
	at FirstFrame.&lt;init&gt;(FirstFrame.kt:8)
	at FirstFrame.&lt;init&gt;(FirstFrame.kt:8)
	at FirstFrame.&lt;init&gt;(FirstFrame.kt:8)
	at FirstFrame.&lt;init&gt;(FirstFrame.kt:8)
	at FirstFrame.&lt;init&gt;(FirstFrame.kt:8)
	at FirstFrame.&lt;init&gt;(FirstFrame.kt:8)
	at FirstFrame.&lt;init&gt;(FirstFrame.kt:8)
	at FirstFrame.&lt;init&gt;(FirstFrame.kt:8)
	at FirstFrame.&lt;init&gt;(FirstFrame.kt:8)
	at FirstFrame.&lt;init&gt;(FirstFrame.kt:8)
	at FirstFrame.&lt;init&gt;(FirstFrame.kt:8)
	at FirstFrame.&lt;init&gt;(FirstFrame.kt:8)
	at FirstFrame.&lt;init&gt;(FirstFrame.kt:8)
	at FirstFrame.&lt;init&gt;(FirstFrame.kt:8)
	at FirstFrame.&lt;init&gt;(FirstFrame.kt:8)
	at FirstFrame.&lt;init&gt;(FirstFrame.kt:8)
	at FirstFrame.&lt;init&gt;(FirstFrame.kt:8)
	at FirstFrame.&lt;init&gt;(FirstFrame.kt:8)
	at FirstFrame.&lt;init&gt;(FirstFrame.kt:8)
	at FirstFrame.&lt;init&gt;(FirstFrame.kt:8)
	at FirstFrame.&lt;init&gt;(FirstFrame.kt:8)
	at FirstFrame.&lt;init&gt;(FirstFrame.kt:8)
	at FirstFrame.&lt;init&gt;(FirstFrame.kt:8)
	at FirstFrame.&lt;init&gt;(FirstFrame.kt:8)
	at FirstFrame.&lt;init&gt;(FirstFrame.kt:8)
	at FirstFrame.&lt;init&gt;(FirstFrame.kt:8)
	at FirstFrame.&lt;init&gt;(FirstFrame.kt:8)
	at FirstFrame.&lt;init&gt;(FirstFrame.kt:8)
	at FirstFrame.&lt;init&gt;(FirstFrame.kt:8)
	at FirstFrame.&lt;init&gt;(FirstFrame.kt:8)
	at FirstFrame.&lt;init&gt;(FirstFrame.kt:8)
	at FirstFrame.&lt;init&gt;(FirstFrame.kt:8)
	at FirstFrame.&lt;init&gt;(FirstFrame.kt:8)
	at FirstFrame.&lt;init&gt;(FirstFrame.kt:8)
	at FirstFrame.&lt;init&gt;(FirstFrame.kt:8)
	at FirstFrame.&lt;init&gt;(FirstFrame.kt:8)
	at FirstFrame.&lt;init&gt;(FirstFrame.kt:8)
	at FirstFrame.&lt;init&gt;(FirstFrame.kt:8)
	at FirstFrame.&lt;init&gt;(FirstFrame.kt:8)
	at FirstFrame.&lt;init&gt;(FirstFrame.kt:8)
	at FirstFrame.&lt;init&gt;(FirstFrame.kt:8)
	at FirstFrame.&lt;init&gt;(FirstFrame.kt:8)
	at FirstFrame.&lt;init&gt;(FirstFrame.kt:8)
	at FirstFrame.&lt;init&gt;(FirstFrame.kt:8)
	at FirstFrame.&lt;init&gt;(FirstFrame.kt:8)
	at FirstFrame.&lt;init&gt;(FirstFrame.kt:8)
	at FirstFrame.&lt;init&gt;(FirstFrame.kt:8)
	at FirstFrame.&lt;init&gt;(FirstFrame.kt:8)
	at FirstFrame.&lt;init&gt;(FirstFrame.kt:8)
	at FirstFrame.&lt;init&gt;(FirstFrame.kt:8)
	at FirstFrame.&lt;init&gt;(FirstFrame.kt:8)
	at FirstFrame.&lt;init&gt;(FirstFrame.kt:8)
	at FirstFrame.&lt;init&gt;(FirstFrame.kt:8)
	at FirstFrame.&lt;init&gt;(FirstFrame.kt:8)
	at FirstFrame.&lt;init&gt;(FirstFrame.kt:8)
	at FirstFrame.&lt;init&gt;(FirstFrame.kt:8)
	at FirstFrame.&lt;init&gt;(FirstFrame.kt:8)
	at FirstFrame.&lt;init&gt;(FirstFrame.kt:8)
	at FirstFrame.&lt;init&gt;(FirstFrame.kt:8)
	at FirstFrame.&lt;init&gt;(FirstFrame.kt:8)
	at FirstFrame.&lt;init&gt;(FirstFrame.kt:8)
	at FirstFrame.&lt;init&gt;(FirstFrame.kt:8)
	at FirstFrame.&lt;init&gt;(FirstFrame.kt:8)
	at FirstFrame.&lt;init&gt;(FirstFrame.kt:8)
	at FirstFrame.&lt;init&gt;(FirstFrame.kt:8)
	at FirstFrame.&lt;init&gt;(FirstFrame.kt:8)
	at FirstFrame.&lt;init&gt;(FirstFrame.kt:8)
	at FirstFrame.&lt;init&gt;(FirstFrame.kt:8)
	at FirstFrame.&lt;init&gt;(FirstFrame.kt:8)
	at FirstFrame.&lt;init&gt;(FirstFrame.kt:8)
	at FirstFrame.&lt;init&gt;(FirstFrame.kt:8)
	at FirstFrame.&lt;init&gt;(FirstFrame.kt:8)
	at FirstFrame.&lt;init&gt;(FirstFrame.kt:8)
	at FirstFrame.&lt;init&gt;(FirstFrame.kt:8)
	at FirstFrame.&lt;init&gt;(FirstFrame.kt:8)
	at FirstFrame.&lt;init&gt;(FirstFrame.kt:8)
	at FirstFrame.&lt;init&gt;(FirstFrame.kt:8)
	at FirstFrame.&lt;init&gt;(FirstFrame.kt:8)
	at FirstFrame.&lt;init&gt;(FirstFrame.kt:8)
	at FirstFrame.&lt;init&gt;(FirstFrame.kt:8)
	at FirstFrame.&lt;init&gt;(FirstFrame.kt:8)
	at FirstFrame.&lt;init&gt;(FirstFrame.kt:8)
	at FirstFrame.&lt;init&gt;(FirstFrame.kt:8)
	at FirstFrame.&lt;init&gt;(FirstFrame.kt:8)
	at FirstFrame.&lt;init&gt;(FirstFrame.kt:8)
	at FirstFrame.&lt;init&gt;(FirstFrame.kt:8)
	at FirstFrame.&lt;init&gt;(FirstFrame.kt:8)
	at FirstFrame.&lt;init&gt;(FirstFrame.kt:8)
	at FirstFrame.&lt;init&gt;(FirstFrame.kt:8)
	at FirstFrame.&lt;init&gt;(FirstFrame.kt:8)
	at FirstFrame.&lt;init&gt;(FirstFrame.kt:8)
	at FirstFrame.&lt;init&gt;(FirstFrame.kt:8)
	at FirstFrame.&lt;init&gt;(FirstFrame.kt:8)
	at FirstFrame.&lt;init&gt;(FirstFrame.kt:8)
	at FirstFrame.&lt;init&gt;(FirstFrame.kt:8)
	at FirstFrame.&lt;init&gt;(FirstFrame.kt:8)
	at FirstFrame.&lt;init&gt;(FirstFrame.kt:8)
	at FirstFrame.&lt;init&gt;(FirstFrame.kt:8)
	at FirstFrame.&lt;init&gt;(FirstFrame.kt:8)
	at FirstFrame.&lt;init&gt;(FirstFrame.kt:8)
	at FirstFrame.&lt;init&gt;(FirstFrame.kt:8)
	at FirstFrame.&lt;init&gt;(FirstFrame.kt:8)
	at FirstFrame.&lt;init&gt;(FirstFrame.kt:8)
	at FirstFrame.&lt;init&gt;(FirstFrame.kt:8)
	at FirstFrame.&lt;init&gt;(FirstFrame.kt:8)
	at FirstFrame.&lt;init&gt;(FirstFrame.kt:8)
	at FirstFrame.&lt;init&gt;(FirstFrame.kt:8)
	at FirstFrame.&lt;init&gt;(FirstFrame.kt:8)
	at FirstFrame.&lt;init&gt;(FirstFrame.kt:8)
	at FirstFrame.&lt;init&gt;(FirstFrame.kt:8)
	at FirstFrame.&lt;init&gt;(FirstFrame.kt:8)
	at FirstFrame.&lt;init&gt;(FirstFrame.kt:8)
	at FirstFrame.&lt;init&gt;(FirstFrame.kt:8)
	at FirstFrame.&lt;init&gt;(FirstFrame.kt:8)
	at FirstFrame.&lt;init&gt;(FirstFrame.kt:8)
	at FirstFrame.&lt;init&gt;(FirstFrame.kt:8)
	at FirstFrame.&lt;init&gt;(FirstFrame.kt:8)
	at FirstFrame.&lt;init&gt;(FirstFrame.kt:8)
	at FirstFrame.&lt;init&gt;(FirstFrame.kt:8)
	at FirstFrame.&lt;init&gt;(FirstFrame.kt:8)
	at FirstFrame.&lt;init&gt;(FirstFrame.kt:8)
	at FirstFrame.&lt;init&gt;(FirstFrame.kt:8)
	at FirstFrame.&lt;init&gt;(FirstFrame.kt:8)
	at FirstFrame.&lt;init&gt;(FirstFrame.kt:8)
	at FirstFrame.&lt;init&gt;(FirstFrame.kt:8)
	at FirstFrame.&lt;init&gt;(FirstFrame.kt:8)
	at FirstFrame.&lt;init&gt;(FirstFrame.kt:8)
	at FirstFrame.&lt;init&gt;(FirstFrame.kt:8)
	at FirstFrame.&lt;init&gt;(FirstFrame.kt:8)
	at FirstFrame.&lt;init&gt;(FirstFrame.kt:8)
	at FirstFrame.&lt;init&gt;(FirstFrame.kt:8)
	at FirstFrame.&lt;init&gt;(FirstFrame.kt:8)
	at FirstFrame.&lt;init&gt;(FirstFrame.kt:8)
	at FirstFrame.&lt;init&gt;(FirstFrame.kt:8)
	at FirstFrame.&lt;init&gt;(FirstFrame.kt:8)
	at FirstFrame.&lt;init&gt;(FirstFrame.kt:8)
	at FirstFrame.&lt;init&gt;(FirstFrame.kt:8)
	at FirstFrame.&lt;init&gt;(FirstFrame.kt:8)
	at FirstFrame.&lt;init&gt;(FirstFrame.kt:8)
	at FirstFrame.&lt;init&gt;(FirstFrame.kt:8)
	at FirstFrame.&lt;init&gt;(FirstFrame.kt:8)
	at FirstFrame.&lt;init&gt;(FirstFrame.kt:8)
	at FirstFrame.&lt;init&gt;(FirstFrame.kt:8)
	at FirstFrame.&lt;init&gt;(FirstFrame.kt:8)
	at FirstFrame.&lt;init&gt;(FirstFrame.kt:8)
	at FirstFrame.&lt;init&gt;(FirstFrame.kt:8)
	at FirstFrame.&lt;init&gt;(FirstFrame.kt:8)
	at FirstFrame.&lt;init&gt;(FirstFrame.kt:8)
	at FirstFrame.&lt;init&gt;(FirstFrame.kt:8)
	at FirstFrame.&lt;init&gt;(FirstFrame.kt:8)
	at FirstFrame.&lt;init&gt;(FirstFrame.kt:8)
	at FirstFrame.&lt;init&gt;(FirstFrame.kt:8)
	at FirstFrame.&lt;init&gt;(FirstFrame.kt:8)
	at FirstFrame.&lt;init&gt;(FirstFrame.kt:8)
	at FirstFrame.&lt;init&gt;(FirstFrame.kt:8)
	at FirstFrame.&lt;init&gt;(FirstFrame.kt:8)
	at FirstFrame.&lt;init&gt;(FirstFrame.kt:8)
	at FirstFrame.&lt;init&gt;(FirstFrame.kt:8)
	at FirstFrame.&lt;init&gt;(FirstFrame.kt:8)
	at FirstFrame.&lt;init&gt;(FirstFrame.kt:8)
	at FirstFrame.&lt;init&gt;(FirstFrame.kt:8)
	at FirstFrame.&lt;init&gt;(FirstFrame.kt:8)
	at FirstFrame.&lt;init&gt;(FirstFrame.kt:8)
	at FirstFrame.&lt;init&gt;(FirstFrame.kt:8)
	at FirstFrame.&lt;init&gt;(FirstFrame.kt:8)
	at FirstFrame.&lt;init&gt;(FirstFrame.kt:8)
	at FirstFrame.&lt;init&gt;(FirstFrame.kt:8)
	at FirstFrame.&lt;init&gt;(FirstFrame.kt:8)
	at FirstFrame.&lt;init&gt;(FirstFrame.kt:8)
	at FirstFrame.&lt;init&gt;(FirstFrame.kt:8)
	at FirstFrame.&lt;init&gt;(FirstFrame.kt:8)
	at FirstFrame.&lt;init&gt;(FirstFrame.kt:8)
	at FirstFrame.&lt;init&gt;(FirstFrame.kt:8)
	at FirstFrame.&lt;init&gt;(FirstFrame.kt:8)
	at FirstFrame.&lt;init&gt;(FirstFrame.kt:8)
	at FirstFrame.&lt;init&gt;(FirstFrame.kt:8)
	at FirstFrame.&lt;init&gt;(FirstFrame.kt:8)
	at FirstFrame.&lt;init&gt;(FirstFrame.kt:8)
	at FirstFrame.&lt;init&gt;(FirstFrame.kt:8)
	at FirstFrame.&lt;init&gt;(FirstFrame.kt:8)
	at FirstFrame.&lt;init&gt;(FirstFrame.kt:8)
	at FirstFrame.&lt;init&gt;(FirstFrame.kt:8)
	at FirstFrame.&lt;init&gt;(FirstFrame.kt:8)
	at FirstFrame.&lt;init&gt;(FirstFrame.kt:8)
	at FirstFrame.&lt;init&gt;(FirstFrame.kt:8)
	at FirstFrame.&lt;init&gt;(FirstFrame.kt:8)
	at FirstFrame.&lt;init&gt;(FirstFrame.kt:8)
	at FirstFrame.&lt;init&gt;(FirstFrame.kt:8)
	at FirstFrame.&lt;init&gt;(FirstFrame.kt:8)
	at FirstFrame.&lt;init&gt;(FirstFrame.kt:8)
	at FirstFrame.&lt;init&gt;(FirstFrame.kt:8)
	at FirstFrame.&lt;init&gt;(FirstFrame.kt:8)
	at FirstFrame.&lt;init&gt;(FirstFrame.kt:8)
	at FirstFrame.&lt;init&gt;(FirstFrame.kt:8)
	at FirstFrame.&lt;init&gt;(FirstFrame.kt:8)
	at FirstFrame.&lt;init&gt;(FirstFrame.kt:8)
	at FirstFrame.&lt;init&gt;(FirstFrame.kt:8)
	at FirstFrame.&lt;init&gt;(FirstFrame.kt:8)
	at FirstFrame.&lt;init&gt;(FirstFrame.kt:8)
	at FirstFrame.&lt;init&gt;(FirstFrame.kt:8)
	at FirstFrame.&lt;init&gt;(FirstFrame.kt:8)
	at FirstFrame.&lt;init&gt;(FirstFrame.kt:8)
	at FirstFrame.&lt;init&gt;(FirstFrame.kt:8)
	at FirstFrame.&lt;init&gt;(FirstFrame.kt:8)
	at FirstFrame.&lt;init&gt;(FirstFrame.kt:8)
	at FirstFrame.&lt;init&gt;(FirstFrame.kt:8)
	at FirstFrame.&lt;init&gt;(FirstFrame.kt:8)
	at FirstFrame.&lt;init&gt;(FirstFrame.kt:8)
	at FirstFrame.&lt;init&gt;(FirstFrame.kt:8)
	at FirstFrame.&lt;init&gt;(FirstFrame.kt:8)
	at FirstFrame.&lt;init&gt;(FirstFrame.kt:8)
	at FirstFrame.&lt;init&gt;(FirstFrame.kt:8)
	at FirstFrame.&lt;init&gt;(FirstFrame.kt:8)
	at FirstFrame.&lt;init&gt;(FirstFrame.kt:8)
	at FirstFrame.&lt;init&gt;(FirstFrame.kt:8)
	at FirstFrame.&lt;init&gt;(FirstFrame.kt:8)
	at FirstFrame.&lt;init&gt;(FirstFrame.kt:8)
	at FirstFrame.&lt;init&gt;(FirstFrame.kt:8)
	at FirstFrame.&lt;init&gt;(FirstFrame.kt:8)
	at FirstFrame.&lt;init&gt;(FirstFrame.kt:8)
	at FirstFrame.&lt;init&gt;(FirstFrame.kt:8)
	at FirstFrame.&lt;init&gt;(FirstFrame.kt:8)
	at FirstFrame.&lt;init&gt;(FirstFrame.kt:8)
	at FirstFrame.&lt;init&gt;(FirstFrame.kt:8)
	at FirstFrame.&lt;init&gt;(FirstFrame.kt:8)
	at FirstFrame.&lt;init&gt;(FirstFrame.kt:8)
	at FirstFrame.&lt;init&gt;(FirstFrame.kt:8)
	at FirstFrame.&lt;init&gt;(FirstFrame.kt:8)
	at FirstFrame.&lt;init&gt;(FirstFrame.kt:8)
	at FirstFrame.&lt;init&gt;(FirstFrame.kt:8)
	at FirstFrame.&lt;init&gt;(FirstFrame.kt:8)
	at FirstFrame.&lt;init&gt;(FirstFrame.kt:8)
	at FirstFrame.&lt;init&gt;(FirstFrame.kt:8)
	at FirstFrame.&lt;init&gt;(FirstFrame.kt:8)
	at FirstFrame.&lt;init&gt;(FirstFrame.kt:8)
	at FirstFrame.&lt;init&gt;(FirstFrame.kt:8)
	at FirstFrame.&lt;init&gt;(FirstFrame.kt:8)
	at FirstFrame.&lt;init&gt;(FirstFrame.kt:8)
	at FirstFrame.&lt;init&gt;(FirstFrame.kt:8)
	at FirstFrame.&lt;init&gt;(FirstFrame.kt:8)
	at FirstFrame.&lt;init&gt;(FirstFrame.kt:8)
	at FirstFrame.&lt;init&gt;(FirstFrame.kt:8)
	at FirstFrame.&lt;init&gt;(FirstFrame.kt:8)
	at FirstFrame.&lt;init&gt;(FirstFrame.kt:8)
	at FirstFrame.&lt;init&gt;(FirstFrame.kt:8)
	at FirstFrame.&lt;init&gt;(FirstFrame.kt:8)
	at FirstFrame.&lt;init&gt;(FirstFrame.kt:8)
	at FirstFrame.&lt;init&gt;(FirstFrame.kt:8)
	at FirstFrame.&lt;init&gt;(FirstFrame.kt:8)
	at FirstFrame.&lt;init&gt;(FirstFrame.kt:8)
	at FirstFrame.&lt;init&gt;(FirstFrame.kt:8)
	at FirstFrame.&lt;init&gt;(FirstFrame.kt:8)
	at FirstFrame.&lt;init&gt;(FirstFrame.kt:8)
	at FirstFrame.&lt;init&gt;(FirstFrame.kt:8)
	at FirstFrame.&lt;init&gt;(FirstFrame.kt:8)
	at FirstFrame.&lt;init&gt;(FirstFrame.kt:8)
	at FirstFrame.&lt;init&gt;(FirstFrame.kt:8)
	at FirstFrame.&lt;init&gt;(FirstFrame.kt:8)
	at FirstFrame.&lt;init&gt;(FirstFrame.kt:8)
	at FirstFrame.&lt;init&gt;(FirstFrame.kt:8)
	at FirstFrame.&lt;init&gt;(FirstFrame.kt:8)
	at FirstFrame.&lt;init&gt;(FirstFrame.kt:8)
	at FirstFrame.&lt;init&gt;(FirstFrame.kt:8)
	at FirstFrame.&lt;init&gt;(FirstFrame.kt:8)
	at FirstFrame.&lt;init&gt;(FirstFrame.kt:8)
	at FirstFrame.&lt;init&gt;(FirstFrame.kt:8)
	at FirstFrame.&lt;init&gt;(FirstFrame.kt:8)
	at FirstFrame.&lt;init&gt;(FirstFrame.kt:8)
	at FirstFrame.&lt;init&gt;(FirstFrame.kt:8)
	at FirstFrame.&lt;init&gt;(FirstFrame.kt:8)
	at FirstFrame.&lt;init&gt;(FirstFrame.kt:8)
	at FirstFrame.&lt;init&gt;(FirstFrame.kt:8)
	at FirstFrame.&lt;init&gt;(FirstFrame.kt:8)
	at FirstFrame.&lt;init&gt;(FirstFrame.kt:8)
	at FirstFrame.&lt;init&gt;(FirstFrame.kt:8)
	at FirstFrame.&lt;init&gt;(FirstFrame.kt:8)
	at FirstFrame.&lt;init&gt;(FirstFrame.kt:8)
	at FirstFrame.&lt;init&gt;(FirstFrame.kt:8)
	at FirstFrame.&lt;init&gt;(FirstFrame.kt:8)
	at FirstFrame.&lt;init&gt;(FirstFrame.kt:8)
	at FirstFrame.&lt;init&gt;(FirstFrame.kt:8)
	at FirstFrame.&lt;init&gt;(FirstFrame.kt:8)
	at FirstFrame.&lt;init&gt;(FirstFrame.kt:8)
	at FirstFrame.&lt;init&gt;(FirstFrame.kt:8)
	at FirstFrame.&lt;init&gt;(FirstFrame.kt:8)
	at FirstFrame.&lt;init&gt;(FirstFrame.kt:8)
	at FirstFrame.&lt;init&gt;(FirstFrame.kt:8)
	at FirstFrame.&lt;init&gt;(FirstFrame.kt:8)
	at FirstFrame.&lt;init&gt;(FirstFrame.kt:8)
	at FirstFrame.&lt;init&gt;(FirstFrame.kt:8)
	at FirstFrame.&lt;init&gt;(FirstFrame.kt:8)
	at FirstFrame.&lt;init&gt;(FirstFrame.kt:8)
	at FirstFrame.&lt;init&gt;(FirstFrame.kt:8)
	at FirstFrame.&lt;init&gt;(FirstFrame.kt:8)
	at FirstFrame.&lt;init&gt;(FirstFrame.kt:8)
	at FirstFrame.&lt;init&gt;(FirstFrame.kt:8)
	at FirstFrame.&lt;init&gt;(FirstFrame.kt:8)
	at FirstFrame.&lt;init&gt;(FirstFrame.kt:8)
	at FirstFrame.&lt;init&gt;(FirstFrame.kt:8)
	at FirstFrame.&lt;init&gt;(FirstFrame.kt:8)
	at FirstFrame.&lt;init&gt;(FirstFrame.kt:8)
	at FirstFrame.&lt;init&gt;(FirstFrame.kt:8)
	at FirstFrame.&lt;init&gt;(FirstFrame.kt:8)
	at FirstFrame.&lt;init&gt;(FirstFrame.kt:8)
	at FirstFrame.&lt;init&gt;(FirstFrame.kt:8)
	at FirstFrame.&lt;init&gt;(FirstFrame.kt:8)
	at FirstFrame.&lt;init&gt;(FirstFrame.kt:8)
	at FirstFrame.&lt;init&gt;(FirstFrame.kt:8)
	at FirstFrame.&lt;init&gt;(FirstFrame.kt:8)
	at FirstFrame.&lt;init&gt;(FirstFrame.kt:8)
	at FirstFrame.&lt;init&gt;(FirstFrame.kt:8)
	at FirstFrame.&lt;init&gt;(FirstFrame.kt:8)
	at FirstFrame.&lt;init&gt;(FirstFrame.kt:8)
	at FirstFrame.&lt;init&gt;(FirstFrame.kt:8)
	at FirstFrame.&lt;init&gt;(FirstFrame.kt:8)
	at FirstFrame.&lt;init&gt;(FirstFrame.kt:8)
	at FirstFrame.&lt;init&gt;(FirstFrame.kt:8)
	at FirstFrame.&lt;init&gt;(FirstFrame.kt:8)
	at FirstFrame.&lt;init&gt;(FirstFrame.kt:8)
	at FirstFrame.&lt;init&gt;(FirstFrame.kt:8)
	at FirstFrame.&lt;init&gt;(FirstFrame.kt:8)
	at FirstFrame.&lt;init&gt;(FirstFrame.kt:8)
	at FirstFrame.&lt;init&gt;(FirstFrame.kt:8)
	at FirstFrame.&lt;init&gt;(FirstFrame.kt:8)
	at FirstFrame.&lt;init&gt;(FirstFrame.kt:8)
	at FirstFrame.&lt;init&gt;(FirstFrame.kt:8)
	at FirstFrame.&lt;init&gt;(FirstFrame.kt:8)
	at FirstFrame.&lt;init&gt;(FirstFrame.kt:8)
	at FirstFrame.&lt;init&gt;(FirstFrame.kt:8)
	at FirstFrame.&lt;init&gt;(FirstFrame.kt:8)
	at FirstFrame.&lt;init&gt;(FirstFrame.kt:8)
	at FirstFrame.&lt;init&gt;(FirstFrame.kt:8)
	at FirstFrame.&lt;init&gt;(FirstFrame.kt:8)
	at FirstFrame.&lt;init&gt;(FirstFrame.kt:8)
	at FirstFrame.&lt;init&gt;(FirstFrame.kt:8)
	at FirstFrame.&lt;init&gt;(FirstFrame.kt:8)
	at FirstFrame.&lt;init&gt;(FirstFrame.kt:8)
	at FirstFrame.&lt;init&gt;(FirstFrame.kt:8)
	at FirstFrame.&lt;init&gt;(FirstFrame.kt:8)
	at FirstFrame.&lt;init&gt;(FirstFrame.kt:8)
	at FirstFrame.&lt;init&gt;(FirstFrame.kt:8)
	at FirstFrame.&lt;init&gt;(FirstFrame.kt:8)
	at FirstFrame.&lt;init&gt;(FirstFrame.kt:8)
	at FirstFrame.&lt;init&gt;(FirstFrame.kt:8)
	at FirstFrame.&lt;init&gt;(FirstFrame.kt:8)
	at FirstFrame.&lt;init&gt;(FirstFrame.kt:8)
	at FirstFrame.&lt;init&gt;(FirstFrame.kt:8)
	at FirstFrame.&lt;init&gt;(FirstFrame.kt:8)
	at FirstFrame.&lt;init&gt;(FirstFrame.kt:8)
	at FirstFrame.&lt;init&gt;(FirstFrame.kt:8)
	at FirstFrame.&lt;init&gt;(FirstFrame.kt:8)
	at FirstFrame.&lt;init&gt;(FirstFrame.kt:8)
	at FirstFrame.&lt;init&gt;(FirstFrame.kt:8)
	at FirstFrame.&lt;init&gt;(FirstFrame.kt:8)
	at FirstFrame.&lt;init&gt;(FirstFrame.kt:8)
	at FirstFrame.&lt;init&gt;(FirstFrame.kt:8)
	at FirstFrame.&lt;init&gt;(FirstFrame.kt:8)
	at FirstFrame.&lt;init&gt;(FirstFrame.kt:8)
	at FirstFrame.&lt;init&gt;(FirstFrame.kt:8)
	at FirstFrame.&lt;init&gt;(FirstFrame.kt:8)
	at FirstFrame.&lt;init&gt;(FirstFrame.kt:8)
	at FirstFrame.&lt;init&gt;(FirstFrame.kt:8)
	at FirstFrame.&lt;init&gt;(FirstFrame.kt:8)
	at FirstFrame.&lt;init&gt;(FirstFrame.kt:8)
	at FirstFrame.&lt;init&gt;(FirstFrame.kt:8)
	at FirstFrame.&lt;init&gt;(FirstFrame.kt:8)
	at FirstFrame.&lt;init&gt;(FirstFrame.kt:8)
	at FirstFrame.&lt;init&gt;(FirstFrame.kt:8)
	at FirstFrame.&lt;init&gt;(FirstFrame.kt:8)
	at FirstFrame.&lt;init&gt;(FirstFrame.kt:8)
	at FirstFrame.&lt;init&gt;(FirstFrame.kt:8)
	at FirstFrame.&lt;init&gt;(FirstFrame.kt:8)
	at FirstFrame.&lt;init&gt;(FirstFrame.kt:8)
	at FirstFrame.&lt;init&gt;(FirstFrame.kt:8)
	at FirstFrame.&lt;init&gt;(FirstFrame.kt:8)
	at FirstFrame.&lt;init&gt;(FirstFrame.kt:8)
	at FirstFrame.&lt;init&gt;(FirstFrame.kt:8)
	at FirstFrame.&lt;init&gt;(FirstFrame.kt:8)
	at FirstFrame.&lt;init&gt;(FirstFrame.kt:8)
	at FirstFrame.&lt;init&gt;(FirstFrame.kt:8)
	at FirstFrame.&lt;init&gt;(FirstFrame.kt:8)
	at FirstFrame.&lt;init&gt;(FirstFrame.kt:8)
	at FirstFrame.&lt;init&gt;(FirstFrame.kt:8)
	at FirstFrame.&lt;init&gt;(FirstFrame.kt:8)
	at FirstFrame.&lt;init&gt;(FirstFrame.kt:8)
	at FirstFrame.&lt;init&gt;(FirstFrame.kt:8)
	at FirstFrame.&lt;init&gt;(FirstFrame.kt:8)
	at FirstFrame.&lt;init&gt;(FirstFrame.kt:8)
	at FirstFrame.&lt;init&gt;(FirstFrame.kt:8)
	at FirstFrame.&lt;init&gt;(FirstFrame.kt:8)
	at FirstFrame.&lt;init&gt;(FirstFrame.kt:8)
	at FirstFrame.&lt;init&gt;(FirstFrame.kt:8)
	at FirstFrame.&lt;init&gt;(FirstFrame.kt:8)
	at FirstFrame.&lt;init&gt;(FirstFrame.kt:8)
	at FirstFrame.&lt;init&gt;(FirstFrame.kt:8)
	at FirstFrame.&lt;init&gt;(FirstFrame.kt:8)
	at FirstFrame.&lt;init&gt;(FirstFrame.kt:8)
	at FirstFrame.&lt;init&gt;(FirstFrame.kt:8)
	at FirstFrame.&lt;init&gt;(FirstFrame.kt:8)
	at FirstFrame.&lt;init&gt;(FirstFrame.kt:8)
	at FirstFrame.&lt;init&gt;(FirstFrame.kt:8)
	at FirstFrame.&lt;init&gt;(FirstFrame.kt:8)
	at FirstFrame.&lt;init&gt;(FirstFrame.kt:8)
	at FirstFrame.&lt;init&gt;(FirstFrame.kt:8)
	at FirstFrame.&lt;init&gt;(FirstFrame.kt:8)
	at FirstFrame.&lt;init&gt;(FirstFrame.kt:8)
	at FirstFrame.&lt;init&gt;(FirstFrame.kt:8)
	at FirstFrame.&lt;init&gt;(FirstFrame.kt:8)
	at FirstFrame.&lt;init&gt;(FirstFrame.kt:8)
	at FirstFrame.&lt;init&gt;(FirstFrame.kt:8)
	at FirstFrame.&lt;init&gt;(FirstFrame.kt:8)
	at FirstFrame.&lt;init&gt;(FirstFrame.kt:8)
	at FirstFrame.&lt;init&gt;(FirstFrame.kt:8)
	at FirstFrame.&lt;init&gt;(FirstFrame.kt:8)
	at FirstFrame.&lt;init&gt;(FirstFrame.kt:8)
	at FirstFrame.&lt;init&gt;(FirstFrame.kt:8)
	at FirstFrame.&lt;init&gt;(FirstFrame.kt:8)
	at FirstFrame.&lt;init&gt;(FirstFrame.kt:8)
	at FirstFrame.&lt;init&gt;(FirstFrame.kt:8)
	at FirstFrame.&lt;init&gt;(FirstFrame.kt:8)
	at FirstFrame.&lt;init&gt;(FirstFrame.kt:8)
	at FirstFrame.&lt;init&gt;(FirstFrame.kt:8)
	at FirstFrame.&lt;init&gt;(FirstFrame.kt:8)
	at FirstFrame.&lt;init&gt;(FirstFrame.kt:8)
	at FirstFrame.&lt;init&gt;(FirstFrame.kt:8)
	at FirstFrame.&lt;init&gt;(FirstFrame.kt:8)
	at FirstFrame.&lt;init&gt;(FirstFrame.kt:8)
	at FirstFrame.&lt;init&gt;(FirstFrame.kt:8)
	at FirstFrame.&lt;init&gt;(FirstFrame.kt:8)
	at FirstFrame.&lt;init&gt;(FirstFrame.kt:8)
	at FirstFrame.&lt;init&gt;(FirstFrame.kt:8)
	at FirstFrame.&lt;init&gt;(FirstFrame.kt:8)
	at FirstFrame.&lt;init&gt;(FirstFrame.kt:8)
	at FirstFrame.&lt;init&gt;(FirstFrame.kt:8)
	at FirstFrame.&lt;init&gt;(FirstFrame.kt:8)
	at FirstFrame.&lt;init&gt;(FirstFrame.kt:8)
	at FirstFrame.&lt;init&gt;(FirstFrame.kt:8)
	at FirstFrame.&lt;init&gt;(FirstFrame.kt:8)
	at FirstFrame.&lt;init&gt;(FirstFrame.kt:8)
	at FirstFrame.&lt;init&gt;(FirstFrame.kt:8)
	at FirstFrame.&lt;init&gt;(FirstFrame.kt:8)
	at FirstFrame.&lt;init&gt;(FirstFrame.kt:8)
	at FirstFrame.&lt;init&gt;(FirstFrame.kt:8)
	at FirstFrame.&lt;init&gt;(FirstFrame.kt:8)
	at FirstFrame.&lt;init&gt;(FirstFrame.kt:8)
	at FirstFrame.&lt;init&gt;(FirstFrame.kt:8)
	at FirstFrame.&lt;init&gt;(FirstFrame.kt:8)
	at FirstFrame.&lt;init&gt;(FirstFrame.kt:8)
	at FirstFrame.&lt;init&gt;(FirstFrame.kt:8)
	at FirstFrame.&lt;init&gt;(FirstFrame.kt:8)
	at FirstFrame.&lt;init&gt;(FirstFrame.kt:8)
	at FirstFrame.&lt;init&gt;(FirstFrame.kt:8)
	at FirstFrame.&lt;init&gt;(FirstFrame.kt:8)
	at FirstFrame.&lt;init&gt;(FirstFrame.kt:8)
	at FirstFrame.&lt;init&gt;(FirstFrame.kt:8)
	at FirstFrame.&lt;init&gt;(FirstFrame.kt:8)
	at FirstFrame.&lt;init&gt;(FirstFrame.kt:8)
	at FirstFrame.&lt;init&gt;(FirstFrame.kt:8)
	at FirstFrame.&lt;init&gt;(FirstFrame.kt:8)
	at FirstFrame.&lt;init&gt;(FirstFrame.kt:8)
	at FirstFrame.&lt;init&gt;(FirstFrame.kt:8)
	at FirstFrame.&lt;init&gt;(FirstFrame.kt:8)
	at FirstFrame.&lt;init&gt;(FirstFrame.kt:8)
	at FirstFrame.&lt;init&gt;(FirstFrame.kt:8)
	at FirstFrame.&lt;init&gt;(FirstFrame.kt:8)
	at FirstFrame.&lt;init&gt;(FirstFrame.kt:8)
	at FirstFrame.&lt;init&gt;(FirstFrame.kt:8)
	at FirstFrame.&lt;init&gt;(FirstFrame.kt:8)
	at FirstFrame.&lt;init&gt;(FirstFrame.kt:8)
	at FirstFrame.&lt;init&gt;(FirstFrame.kt:8)
	at FirstFrame.&lt;init&gt;(FirstFrame.kt:8)
	at FirstFrame.&lt;init&gt;(FirstFrame.kt:8)
	at FirstFrame.&lt;init&gt;(FirstFrame.kt:8)
	at FirstFrame.&lt;init&gt;(FirstFrame.kt:8)
	at FirstFrame.&lt;init&gt;(FirstFrame.kt:8)
	at FirstFrame.&lt;init&gt;(FirstFrame.kt:8)
	at FirstFrame.&lt;init&gt;(FirstFrame.kt:8)
	at FirstFrame.&lt;init&gt;(FirstFrame.kt:8)
	at FirstFrame.&lt;init&gt;(FirstFrame.kt:8)
	at FirstFrame.&lt;init&gt;(FirstFrame.kt:8)
	at FirstFrame.&lt;init&gt;(FirstFrame.kt:8)
	at FirstFrame.&lt;init&gt;(FirstFrame.kt:8)
	at FirstFrame.&lt;init&gt;(FirstFrame.kt:8)
	at FirstFrame.&lt;init&gt;(FirstFrame.kt:8)
	at FirstFrame.&lt;init&gt;(FirstFrame.kt:8)
	at FirstFrame.&lt;init&gt;(FirstFrame.kt:8)
	at FirstFrame.&lt;init&gt;(FirstFrame.kt:8)
	at FirstFrame.&lt;init&gt;(FirstFrame.kt:8)
	at FirstFrame.&lt;init&gt;(FirstFrame.kt:8)
	at FirstFrame.&lt;init&gt;(FirstFrame.kt:8)
	at FirstFrame.&lt;init&gt;(FirstFrame.kt:8)
	at FirstFrame.&lt;init&gt;(FirstFrame.kt:8)
	at FirstFrame.&lt;init&gt;(FirstFrame.kt:8)
	at FirstFrame.&lt;init&gt;(FirstFrame.kt:8)
	at FirstFrame.&lt;init&gt;(FirstFrame.kt:8)
	at FirstFrame.&lt;init&gt;(FirstFrame.kt:8)
	at FirstFrame.&lt;init&gt;(FirstFrame.kt:8)
	at FirstFrame.&lt;init&gt;(FirstFrame.kt:8)
	at FirstFrame.&lt;init&gt;(FirstFrame.kt:8)
	at FirstFrame.&lt;init&gt;(FirstFrame.kt:8)
	at FirstFrame.&lt;init&gt;(FirstFrame.kt:8)
	at FirstFrame.&lt;init&gt;(FirstFrame.kt:8)
	at FirstFrame.&lt;init&gt;(FirstFrame.kt:8)
	at FirstFrame.&lt;init&gt;(FirstFrame.kt:8)
	at FirstFrame.&lt;init&gt;(FirstFrame.kt:8)
	at FirstFrame.&lt;init&gt;(FirstFrame.kt:8)
	at FirstFrame.&lt;init&gt;(FirstFrame.kt:8)
	at FirstFrame.&lt;init&gt;(FirstFrame.kt:8)
	at FirstFrame.&lt;init&gt;(FirstFrame.kt:8)
	at FirstFrame.&lt;init&gt;(FirstFrame.kt:8)
	at FirstFrame.&lt;init&gt;(FirstFrame.kt:8)
	at FirstFrame.&lt;init&gt;(FirstFrame.kt:8)
	at FirstFrame.&lt;init&gt;(FirstFrame.kt:8)
	at FirstFrame.&lt;init&gt;(FirstFrame.kt:8)
	at FirstFrame.&lt;init&gt;(FirstFrame.kt:8)
	at FirstFrame.&lt;init&gt;(FirstFrame.kt:8)
	at FirstFrame.&lt;init&gt;(FirstFrame.kt:8)
	at FirstFrame.&lt;init&gt;(FirstFrame.kt:8)
	at FirstFrame.&lt;init&gt;(FirstFrame.kt:8)
	at FirstFrame.&lt;init&gt;(FirstFrame.kt:8)
	at FirstFrame.&lt;init&gt;(FirstFrame.kt:8)
	at FirstFrame.&lt;init&gt;(FirstFrame.kt:8)
	at FirstFrame.&lt;init&gt;(FirstFrame.kt:8)
	at FirstFrame.&lt;init&gt;(FirstFrame.kt:8)
	at FirstFrame.&lt;init&gt;(FirstFrame.kt:8)
	at FirstFrame.&lt;init&gt;(FirstFrame.kt:8)
	at FirstFrame.&lt;init&gt;(FirstFrame.kt:8)
	at FirstFrame.&lt;init&gt;(FirstFrame.kt:8)
	at FirstFrame.&lt;init&gt;(FirstFrame.kt:8)
	at FirstFrame.&lt;init&gt;(FirstFrame.kt:8)
	at FirstFrame.&lt;init&gt;(FirstFrame.kt:8)
	at FirstFrame.&lt;init&gt;(FirstFrame.kt:8)
	at FirstFrame.&lt;init&gt;(FirstFrame.kt:8)
	at FirstFrame.&lt;init&gt;(FirstFrame.kt:8)
	at FirstFrame.&lt;init&gt;(FirstFrame.kt:8)
	at FirstFrame.&lt;init&gt;(FirstFrame.kt:8)
	at FirstFrame.&lt;init&gt;(FirstFrame.kt:8)
	at FirstFrame.&lt;init&gt;(FirstFrame.kt:8)
	at FirstFrame.&lt;init&gt;(FirstFrame.kt:8)
	at FirstFrame.&lt;init&gt;(FirstFrame.kt:8)
	at FirstFrame.&lt;init&gt;(FirstFrame.kt:8)
	at FirstFrame.&lt;init&gt;(FirstFrame.kt:8)
	at FirstFrame.&lt;init&gt;(FirstFrame.kt:8)
	at FirstFrame.&lt;init&gt;(FirstFrame.kt:8)
	at FirstFrame.&lt;init&gt;(FirstFrame.kt:8)
	at FirstFrame.&lt;init&gt;(FirstFrame.kt:8)
	at FirstFrame.&lt;init&gt;(FirstFrame.kt:8)
	at FirstFrame.&lt;init&gt;(FirstFrame.kt:8)
	at FirstFrame.&lt;init&gt;(FirstFrame.kt:8)
	at FirstFrame.&lt;init&gt;(FirstFrame.kt:8)
	at FirstFrame.&lt;init&gt;(FirstFrame.kt:8)
	at FirstFrame.&lt;init&gt;(FirstFrame.kt:8)
	at FirstFrame.&lt;init&gt;(FirstFrame.kt:8)
	at FirstFrame.&lt;init&gt;(FirstFrame.kt:8)
	at FirstFrame.&lt;init&gt;(FirstFrame.kt:8)
	at FirstFrame.&lt;init&gt;(FirstFrame.kt:8)
	at FirstFrame.&lt;init&gt;(FirstFrame.kt:8)
	at FirstFrame.&lt;init&gt;(FirstFrame.kt:8)
	at FirstFrame.&lt;init&gt;(FirstFrame.kt:8)
	at FirstFrame.&lt;init&gt;(FirstFrame.kt:8)
	at FirstFrame.&lt;init&gt;(FirstFrame.kt:8)
	at FirstFrame.&lt;init&gt;(FirstFrame.kt:8)
	at FirstFrame.&lt;init&gt;(FirstFrame.kt:8)
	at FirstFrame.&lt;init&gt;(FirstFrame.kt:8)
	at FirstFrame.&lt;init&gt;(FirstFrame.kt:8)
	at FirstFrame.&lt;init&gt;(FirstFrame.kt:8)
	at FirstFrame.&lt;init&gt;(FirstFrame.kt:8)
	at FirstFrame.&lt;init&gt;(FirstFrame.kt:8)
	at FirstFrame.&lt;init&gt;(FirstFrame.kt:8)
	at FirstFrame.&lt;init&gt;(FirstFrame.kt:8)
	at FirstFrame.&lt;init&gt;(FirstFrame.kt:8)
	at FirstFrame.&lt;init&gt;(FirstFrame.kt:8)
	at FirstFrame.&lt;init&gt;(FirstFrame.kt:8)
	at FirstFrame.&lt;init&gt;(FirstFrame.kt:8)
	at FirstFrame.&lt;init&gt;(FirstFrame.kt:8)
	at FirstFrame.&lt;init&gt;(FirstFrame.kt:8)
</failure>
  </testcase>
  <testcase name="addExisting" classname="WallServiceTest" time="0.008">
    <failure message="java.lang.StackOverflowError" type="java.lang.StackOverflowError">java.lang.StackOverflowError
	at kotlin.jvm.internal.Intrinsics.checkNotNullParameter(Intrinsics.java)
	at FirstFrame.&lt;init&gt;(FirstFrame.kt)
	at FirstFrame.&lt;init&gt;(FirstFrame.kt:8)
	at FirstFrame.&lt;init&gt;(FirstFrame.kt:8)
	at FirstFrame.&lt;init&gt;(FirstFrame.kt:8)
	at FirstFrame.&lt;init&gt;(FirstFrame.kt:8)
	at FirstFrame.&lt;init&gt;(FirstFrame.kt:8)
	at FirstFrame.&lt;init&gt;(FirstFrame.kt:8)
	at FirstFrame.&lt;init&gt;(FirstFrame.kt:8)
	at FirstFrame.&lt;init&gt;(FirstFrame.kt:8)
	at FirstFrame.&lt;init&gt;(FirstFrame.kt:8)
	at FirstFrame.&lt;init&gt;(FirstFrame.kt:8)
	at FirstFrame.&lt;init&gt;(FirstFrame.kt:8)
	at FirstFrame.&lt;init&gt;(FirstFrame.kt:8)
	at FirstFrame.&lt;init&gt;(FirstFrame.kt:8)
	at FirstFrame.&lt;init&gt;(FirstFrame.kt:8)
	at FirstFrame.&lt;init&gt;(FirstFrame.kt:8)
	at FirstFrame.&lt;init&gt;(FirstFrame.kt:8)
	at FirstFrame.&lt;init&gt;(FirstFrame.kt:8)
	at FirstFrame.&lt;init&gt;(FirstFrame.kt:8)
	at FirstFrame.&lt;init&gt;(FirstFrame.kt:8)
	at FirstFrame.&lt;init&gt;(FirstFrame.kt:8)
	at FirstFrame.&lt;init&gt;(FirstFrame.kt:8)
	at FirstFrame.&lt;init&gt;(FirstFrame.kt:8)
	at FirstFrame.&lt;init&gt;(FirstFrame.kt:8)
	at FirstFrame.&lt;init&gt;(FirstFrame.kt:8)
	at FirstFrame.&lt;init&gt;(FirstFrame.kt:8)
	at FirstFrame.&lt;init&gt;(FirstFrame.kt:8)
	at FirstFrame.&lt;init&gt;(FirstFrame.kt:8)
	at FirstFrame.&lt;init&gt;(FirstFrame.kt:8)
	at FirstFrame.&lt;init&gt;(FirstFrame.kt:8)
	at FirstFrame.&lt;init&gt;(FirstFrame.kt:8)
	at FirstFrame.&lt;init&gt;(FirstFrame.kt:8)
	at FirstFrame.&lt;init&gt;(FirstFrame.kt:8)
	at FirstFrame.&lt;init&gt;(FirstFrame.kt:8)
	at FirstFrame.&lt;init&gt;(FirstFrame.kt:8)
	at FirstFrame.&lt;init&gt;(FirstFrame.kt:8)
	at FirstFrame.&lt;init&gt;(FirstFrame.kt:8)
	at FirstFrame.&lt;init&gt;(FirstFrame.kt:8)
	at FirstFrame.&lt;init&gt;(FirstFrame.kt:8)
	at FirstFrame.&lt;init&gt;(FirstFrame.kt:8)
	at FirstFrame.&lt;init&gt;(FirstFrame.kt:8)
	at FirstFrame.&lt;init&gt;(FirstFrame.kt:8)
	at FirstFrame.&lt;init&gt;(FirstFrame.kt:8)
	at FirstFrame.&lt;init&gt;(FirstFrame.kt:8)
	at FirstFrame.&lt;init&gt;(FirstFrame.kt:8)
	at FirstFrame.&lt;init&gt;(FirstFrame.kt:8)
	at FirstFrame.&lt;init&gt;(FirstFrame.kt:8)
	at FirstFrame.&lt;init&gt;(FirstFrame.kt:8)
	at FirstFrame.&lt;init&gt;(FirstFrame.kt:8)
	at FirstFrame.&lt;init&gt;(FirstFrame.kt:8)
	at FirstFrame.&lt;init&gt;(FirstFrame.kt:8)
	at FirstFrame.&lt;init&gt;(FirstFrame.kt:8)
	at FirstFrame.&lt;init&gt;(FirstFrame.kt:8)
	at FirstFrame.&lt;init&gt;(FirstFrame.kt:8)
	at FirstFrame.&lt;init&gt;(FirstFrame.kt:8)
	at FirstFrame.&lt;init&gt;(FirstFrame.kt:8)
	at FirstFrame.&lt;init&gt;(FirstFrame.kt:8)
	at FirstFrame.&lt;init&gt;(FirstFrame.kt:8)
	at FirstFrame.&lt;init&gt;(FirstFrame.kt:8)
	at FirstFrame.&lt;init&gt;(FirstFrame.kt:8)
	at FirstFrame.&lt;init&gt;(FirstFrame.kt:8)
	at FirstFrame.&lt;init&gt;(FirstFrame.kt:8)
	at FirstFrame.&lt;init&gt;(FirstFrame.kt:8)
	at FirstFrame.&lt;init&gt;(FirstFrame.kt:8)
	at FirstFrame.&lt;init&gt;(FirstFrame.kt:8)
	at FirstFrame.&lt;init&gt;(FirstFrame.kt:8)
	at FirstFrame.&lt;init&gt;(FirstFrame.kt:8)
	at FirstFrame.&lt;init&gt;(FirstFrame.kt:8)
	at FirstFrame.&lt;init&gt;(FirstFrame.kt:8)
	at FirstFrame.&lt;init&gt;(FirstFrame.kt:8)
	at FirstFrame.&lt;init&gt;(FirstFrame.kt:8)
	at FirstFrame.&lt;init&gt;(FirstFrame.kt:8)
	at FirstFrame.&lt;init&gt;(FirstFrame.kt:8)
	at FirstFrame.&lt;init&gt;(FirstFrame.kt:8)
	at FirstFrame.&lt;init&gt;(FirstFrame.kt:8)
	at FirstFrame.&lt;init&gt;(FirstFrame.kt:8)
	at FirstFrame.&lt;init&gt;(FirstFrame.kt:8)
	at FirstFrame.&lt;init&gt;(FirstFrame.kt:8)
	at FirstFrame.&lt;init&gt;(FirstFrame.kt:8)
	at FirstFrame.&lt;init&gt;(FirstFrame.kt:8)
	at FirstFrame.&lt;init&gt;(FirstFrame.kt:8)
	at FirstFrame.&lt;init&gt;(FirstFrame.kt:8)
	at FirstFrame.&lt;init&gt;(FirstFrame.kt:8)
	at FirstFrame.&lt;init&gt;(FirstFrame.kt:8)
	at FirstFrame.&lt;init&gt;(FirstFrame.kt:8)
	at FirstFrame.&lt;init&gt;(FirstFrame.kt:8)
	at FirstFrame.&lt;init&gt;(FirstFrame.kt:8)
	at FirstFrame.&lt;init&gt;(FirstFrame.kt:8)
	at FirstFrame.&lt;init&gt;(FirstFrame.kt:8)
	at FirstFrame.&lt;init&gt;(FirstFrame.kt:8)
	at FirstFrame.&lt;init&gt;(FirstFrame.kt:8)
	at FirstFrame.&lt;init&gt;(FirstFrame.kt:8)
	at FirstFrame.&lt;init&gt;(FirstFrame.kt:8)
	at FirstFrame.&lt;init&gt;(FirstFrame.kt:8)
	at FirstFrame.&lt;init&gt;(FirstFrame.kt:8)
	at FirstFrame.&lt;init&gt;(FirstFrame.kt:8)
	at FirstFrame.&lt;init&gt;(FirstFrame.kt:8)
	at FirstFrame.&lt;init&gt;(FirstFrame.kt:8)
	at FirstFrame.&lt;init&gt;(FirstFrame.kt:8)
	at FirstFrame.&lt;init&gt;(FirstFrame.kt:8)
	at FirstFrame.&lt;init&gt;(FirstFrame.kt:8)
	at FirstFrame.&lt;init&gt;(FirstFrame.kt:8)
	at FirstFrame.&lt;init&gt;(FirstFrame.kt:8)
	at FirstFrame.&lt;init&gt;(FirstFrame.kt:8)
	at FirstFrame.&lt;init&gt;(FirstFrame.kt:8)
	at FirstFrame.&lt;init&gt;(FirstFrame.kt:8)
	at FirstFrame.&lt;init&gt;(FirstFrame.kt:8)
	at FirstFrame.&lt;init&gt;(FirstFrame.kt:8)
	at FirstFrame.&lt;init&gt;(FirstFrame.kt:8)
	at FirstFrame.&lt;init&gt;(FirstFrame.kt:8)
	at FirstFrame.&lt;init&gt;(FirstFrame.kt:8)
	at FirstFrame.&lt;init&gt;(FirstFrame.kt:8)
	at FirstFrame.&lt;init&gt;(FirstFrame.kt:8)
	at FirstFrame.&lt;init&gt;(FirstFrame.kt:8)
	at FirstFrame.&lt;init&gt;(FirstFrame.kt:8)
	at FirstFrame.&lt;init&gt;(FirstFrame.kt:8)
	at FirstFrame.&lt;init&gt;(FirstFrame.kt:8)
	at FirstFrame.&lt;init&gt;(FirstFrame.kt:8)
	at FirstFrame.&lt;init&gt;(FirstFrame.kt:8)
	at FirstFrame.&lt;init&gt;(FirstFrame.kt:8)
	at FirstFrame.&lt;init&gt;(FirstFrame.kt:8)
	at FirstFrame.&lt;init&gt;(FirstFrame.kt:8)
	at FirstFrame.&lt;init&gt;(FirstFrame.kt:8)
	at FirstFrame.&lt;init&gt;(FirstFrame.kt:8)
	at FirstFrame.&lt;init&gt;(FirstFrame.kt:8)
	at FirstFrame.&lt;init&gt;(FirstFrame.kt:8)
	at FirstFrame.&lt;init&gt;(FirstFrame.kt:8)
	at FirstFrame.&lt;init&gt;(FirstFrame.kt:8)
	at FirstFrame.&lt;init&gt;(FirstFrame.kt:8)
	at FirstFrame.&lt;init&gt;(FirstFrame.kt:8)
	at FirstFrame.&lt;init&gt;(FirstFrame.kt:8)
	at FirstFrame.&lt;init&gt;(FirstFrame.kt:8)
	at FirstFrame.&lt;init&gt;(FirstFrame.kt:8)
	at FirstFrame.&lt;init&gt;(FirstFrame.kt:8)
	at FirstFrame.&lt;init&gt;(FirstFrame.kt:8)
	at FirstFrame.&lt;init&gt;(FirstFrame.kt:8)
	at FirstFrame.&lt;init&gt;(FirstFrame.kt:8)
	at FirstFrame.&lt;init&gt;(FirstFrame.kt:8)
	at FirstFrame.&lt;init&gt;(FirstFrame.kt:8)
	at FirstFrame.&lt;init&gt;(FirstFrame.kt:8)
	at FirstFrame.&lt;init&gt;(FirstFrame.kt:8)
	at FirstFrame.&lt;init&gt;(FirstFrame.kt:8)
	at FirstFrame.&lt;init&gt;(FirstFrame.kt:8)
	at FirstFrame.&lt;init&gt;(FirstFrame.kt:8)
	at FirstFrame.&lt;init&gt;(FirstFrame.kt:8)
	at FirstFrame.&lt;init&gt;(FirstFrame.kt:8)
	at FirstFrame.&lt;init&gt;(FirstFrame.kt:8)
	at FirstFrame.&lt;init&gt;(FirstFrame.kt:8)
	at FirstFrame.&lt;init&gt;(FirstFrame.kt:8)
	at FirstFrame.&lt;init&gt;(FirstFrame.kt:8)
	at FirstFrame.&lt;init&gt;(FirstFrame.kt:8)
	at FirstFrame.&lt;init&gt;(FirstFrame.kt:8)
	at FirstFrame.&lt;init&gt;(FirstFrame.kt:8)
	at FirstFrame.&lt;init&gt;(FirstFrame.kt:8)
	at FirstFrame.&lt;init&gt;(FirstFrame.kt:8)
	at FirstFrame.&lt;init&gt;(FirstFrame.kt:8)
	at FirstFrame.&lt;init&gt;(FirstFrame.kt:8)
	at FirstFrame.&lt;init&gt;(FirstFrame.kt:8)
	at FirstFrame.&lt;init&gt;(FirstFrame.kt:8)
	at FirstFrame.&lt;init&gt;(FirstFrame.kt:8)
	at FirstFrame.&lt;init&gt;(FirstFrame.kt:8)
	at FirstFrame.&lt;init&gt;(FirstFrame.kt:8)
	at FirstFrame.&lt;init&gt;(FirstFrame.kt:8)
	at FirstFrame.&lt;init&gt;(FirstFrame.kt:8)
	at FirstFrame.&lt;init&gt;(FirstFrame.kt:8)
	at FirstFrame.&lt;init&gt;(FirstFrame.kt:8)
	at FirstFrame.&lt;init&gt;(FirstFrame.kt:8)
	at FirstFrame.&lt;init&gt;(FirstFrame.kt:8)
	at FirstFrame.&lt;init&gt;(FirstFrame.kt:8)
	at FirstFrame.&lt;init&gt;(FirstFrame.kt:8)
	at FirstFrame.&lt;init&gt;(FirstFrame.kt:8)
	at FirstFrame.&lt;init&gt;(FirstFrame.kt:8)
	at FirstFrame.&lt;init&gt;(FirstFrame.kt:8)
	at FirstFrame.&lt;init&gt;(FirstFrame.kt:8)
	at FirstFrame.&lt;init&gt;(FirstFrame.kt:8)
	at FirstFrame.&lt;init&gt;(FirstFrame.kt:8)
	at FirstFrame.&lt;init&gt;(FirstFrame.kt:8)
	at FirstFrame.&lt;init&gt;(FirstFrame.kt:8)
	at FirstFrame.&lt;init&gt;(FirstFrame.kt:8)
	at FirstFrame.&lt;init&gt;(FirstFrame.kt:8)
	at FirstFrame.&lt;init&gt;(FirstFrame.kt:8)
	at FirstFrame.&lt;init&gt;(FirstFrame.kt:8)
	at FirstFrame.&lt;init&gt;(FirstFrame.kt:8)
	at FirstFrame.&lt;init&gt;(FirstFrame.kt:8)
	at FirstFrame.&lt;init&gt;(FirstFrame.kt:8)
	at FirstFrame.&lt;init&gt;(FirstFrame.kt:8)
	at FirstFrame.&lt;init&gt;(FirstFrame.kt:8)
	at FirstFrame.&lt;init&gt;(FirstFrame.kt:8)
	at FirstFrame.&lt;init&gt;(FirstFrame.kt:8)
	at FirstFrame.&lt;init&gt;(FirstFrame.kt:8)
	at FirstFrame.&lt;init&gt;(FirstFrame.kt:8)
	at FirstFrame.&lt;init&gt;(FirstFrame.kt:8)
	at FirstFrame.&lt;init&gt;(FirstFrame.kt:8)
	at FirstFrame.&lt;init&gt;(FirstFrame.kt:8)
	at FirstFrame.&lt;init&gt;(FirstFrame.kt:8)
	at FirstFrame.&lt;init&gt;(FirstFrame.kt:8)
	at FirstFrame.&lt;init&gt;(FirstFrame.kt:8)
	at FirstFrame.&lt;init&gt;(FirstFrame.kt:8)
	at FirstFrame.&lt;init&gt;(FirstFrame.kt:8)
	at FirstFrame.&lt;init&gt;(FirstFrame.kt:8)
	at FirstFrame.&lt;init&gt;(FirstFrame.kt:8)
	at FirstFrame.&lt;init&gt;(FirstFrame.kt:8)
	at FirstFrame.&lt;init&gt;(FirstFrame.kt:8)
	at FirstFrame.&lt;init&gt;(FirstFrame.kt:8)
	at FirstFrame.&lt;init&gt;(FirstFrame.kt:8)
	at FirstFrame.&lt;init&gt;(FirstFrame.kt:8)
	at FirstFrame.&lt;init&gt;(FirstFrame.kt:8)
	at FirstFrame.&lt;init&gt;(FirstFrame.kt:8)
	at FirstFrame.&lt;init&gt;(FirstFrame.kt:8)
	at FirstFrame.&lt;init&gt;(FirstFrame.kt:8)
	at FirstFrame.&lt;init&gt;(FirstFrame.kt:8)
	at FirstFrame.&lt;init&gt;(FirstFrame.kt:8)
	at FirstFrame.&lt;init&gt;(FirstFrame.kt:8)
	at FirstFrame.&lt;init&gt;(FirstFrame.kt:8)
	at FirstFrame.&lt;init&gt;(FirstFrame.kt:8)
	at FirstFrame.&lt;init&gt;(FirstFrame.kt:8)
	at FirstFrame.&lt;init&gt;(FirstFrame.kt:8)
	at FirstFrame.&lt;init&gt;(FirstFrame.kt:8)
	at FirstFrame.&lt;init&gt;(FirstFrame.kt:8)
	at FirstFrame.&lt;init&gt;(FirstFrame.kt:8)
	at FirstFrame.&lt;init&gt;(FirstFrame.kt:8)
	at FirstFrame.&lt;init&gt;(FirstFrame.kt:8)
	at FirstFrame.&lt;init&gt;(FirstFrame.kt:8)
	at FirstFrame.&lt;init&gt;(FirstFrame.kt:8)
	at FirstFrame.&lt;init&gt;(FirstFrame.kt:8)
	at FirstFrame.&lt;init&gt;(FirstFrame.kt:8)
	at FirstFrame.&lt;init&gt;(FirstFrame.kt:8)
	at FirstFrame.&lt;init&gt;(FirstFrame.kt:8)
	at FirstFrame.&lt;init&gt;(FirstFrame.kt:8)
	at FirstFrame.&lt;init&gt;(FirstFrame.kt:8)
	at FirstFrame.&lt;init&gt;(FirstFrame.kt:8)
	at FirstFrame.&lt;init&gt;(FirstFrame.kt:8)
	at FirstFrame.&lt;init&gt;(FirstFrame.kt:8)
	at FirstFrame.&lt;init&gt;(FirstFrame.kt:8)
	at FirstFrame.&lt;init&gt;(FirstFrame.kt:8)
	at FirstFrame.&lt;init&gt;(FirstFrame.kt:8)
	at FirstFrame.&lt;init&gt;(FirstFrame.kt:8)
	at FirstFrame.&lt;init&gt;(FirstFrame.kt:8)
	at FirstFrame.&lt;init&gt;(FirstFrame.kt:8)
	at FirstFrame.&lt;init&gt;(FirstFrame.kt:8)
	at FirstFrame.&lt;init&gt;(FirstFrame.kt:8)
	at FirstFrame.&lt;init&gt;(FirstFrame.kt:8)
	at FirstFrame.&lt;init&gt;(FirstFrame.kt:8)
	at FirstFrame.&lt;init&gt;(FirstFrame.kt:8)
	at FirstFrame.&lt;init&gt;(FirstFrame.kt:8)
	at FirstFrame.&lt;init&gt;(FirstFrame.kt:8)
	at FirstFrame.&lt;init&gt;(FirstFrame.kt:8)
	at FirstFrame.&lt;init&gt;(FirstFrame.kt:8)
	at FirstFrame.&lt;init&gt;(FirstFrame.kt:8)
	at FirstFrame.&lt;init&gt;(FirstFrame.kt:8)
	at FirstFrame.&lt;init&gt;(FirstFrame.kt:8)
	at FirstFrame.&lt;init&gt;(FirstFrame.kt:8)
	at FirstFrame.&lt;init&gt;(FirstFrame.kt:8)
	at FirstFrame.&lt;init&gt;(FirstFrame.kt:8)
	at FirstFrame.&lt;init&gt;(FirstFrame.kt:8)
	at FirstFrame.&lt;init&gt;(FirstFrame.kt:8)
	at FirstFrame.&lt;init&gt;(FirstFrame.kt:8)
	at FirstFrame.&lt;init&gt;(FirstFrame.kt:8)
	at FirstFrame.&lt;init&gt;(FirstFrame.kt:8)
	at FirstFrame.&lt;init&gt;(FirstFrame.kt:8)
	at FirstFrame.&lt;init&gt;(FirstFrame.kt:8)
	at FirstFrame.&lt;init&gt;(FirstFrame.kt:8)
	at FirstFrame.&lt;init&gt;(FirstFrame.kt:8)
	at FirstFrame.&lt;init&gt;(FirstFrame.kt:8)
	at FirstFrame.&lt;init&gt;(FirstFrame.kt:8)
	at FirstFrame.&lt;init&gt;(FirstFrame.kt:8)
	at FirstFrame.&lt;init&gt;(FirstFrame.kt:8)
	at FirstFrame.&lt;init&gt;(FirstFrame.kt:8)
	at FirstFrame.&lt;init&gt;(FirstFrame.kt:8)
	at FirstFrame.&lt;init&gt;(FirstFrame.kt:8)
	at FirstFrame.&lt;init&gt;(FirstFrame.kt:8)
	at FirstFrame.&lt;init&gt;(FirstFrame.kt:8)
	at FirstFrame.&lt;init&gt;(FirstFrame.kt:8)
	at FirstFrame.&lt;init&gt;(FirstFrame.kt:8)
	at FirstFrame.&lt;init&gt;(FirstFrame.kt:8)
	at FirstFrame.&lt;init&gt;(FirstFrame.kt:8)
	at FirstFrame.&lt;init&gt;(FirstFrame.kt:8)
	at FirstFrame.&lt;init&gt;(FirstFrame.kt:8)
	at FirstFrame.&lt;init&gt;(FirstFrame.kt:8)
	at FirstFrame.&lt;init&gt;(FirstFrame.kt:8)
	at FirstFrame.&lt;init&gt;(FirstFrame.kt:8)
	at FirstFrame.&lt;init&gt;(FirstFrame.kt:8)
	at FirstFrame.&lt;init&gt;(FirstFrame.kt:8)
	at FirstFrame.&lt;init&gt;(FirstFrame.kt:8)
	at FirstFrame.&lt;init&gt;(FirstFrame.kt:8)
	at FirstFrame.&lt;init&gt;(FirstFrame.kt:8)
	at FirstFrame.&lt;init&gt;(FirstFrame.kt:8)
	at FirstFrame.&lt;init&gt;(FirstFrame.kt:8)
	at FirstFrame.&lt;init&gt;(FirstFrame.kt:8)
	at FirstFrame.&lt;init&gt;(FirstFrame.kt:8)
	at FirstFrame.&lt;init&gt;(FirstFrame.kt:8)
	at FirstFrame.&lt;init&gt;(FirstFrame.kt:8)
	at FirstFrame.&lt;init&gt;(FirstFrame.kt:8)
	at FirstFrame.&lt;init&gt;(FirstFrame.kt:8)
	at FirstFrame.&lt;init&gt;(FirstFrame.kt:8)
	at FirstFrame.&lt;init&gt;(FirstFrame.kt:8)
	at FirstFrame.&lt;init&gt;(FirstFrame.kt:8)
	at FirstFrame.&lt;init&gt;(FirstFrame.kt:8)
	at FirstFrame.&lt;init&gt;(FirstFrame.kt:8)
	at FirstFrame.&lt;init&gt;(FirstFrame.kt:8)
	at FirstFrame.&lt;init&gt;(FirstFrame.kt:8)
	at FirstFrame.&lt;init&gt;(FirstFrame.kt:8)
	at FirstFrame.&lt;init&gt;(FirstFrame.kt:8)
	at FirstFrame.&lt;init&gt;(FirstFrame.kt:8)
	at FirstFrame.&lt;init&gt;(FirstFrame.kt:8)
	at FirstFrame.&lt;init&gt;(FirstFrame.kt:8)
	at FirstFrame.&lt;init&gt;(FirstFrame.kt:8)
	at FirstFrame.&lt;init&gt;(FirstFrame.kt:8)
	at FirstFrame.&lt;init&gt;(FirstFrame.kt:8)
	at FirstFrame.&lt;init&gt;(FirstFrame.kt:8)
	at FirstFrame.&lt;init&gt;(FirstFrame.kt:8)
	at FirstFrame.&lt;init&gt;(FirstFrame.kt:8)
	at FirstFrame.&lt;init&gt;(FirstFrame.kt:8)
	at FirstFrame.&lt;init&gt;(FirstFrame.kt:8)
	at FirstFrame.&lt;init&gt;(FirstFrame.kt:8)
	at FirstFrame.&lt;init&gt;(FirstFrame.kt:8)
	at FirstFrame.&lt;init&gt;(FirstFrame.kt:8)
	at FirstFrame.&lt;init&gt;(FirstFrame.kt:8)
	at FirstFrame.&lt;init&gt;(FirstFrame.kt:8)
	at FirstFrame.&lt;init&gt;(FirstFrame.kt:8)
	at FirstFrame.&lt;init&gt;(FirstFrame.kt:8)
	at FirstFrame.&lt;init&gt;(FirstFrame.kt:8)
	at FirstFrame.&lt;init&gt;(FirstFrame.kt:8)
	at FirstFrame.&lt;init&gt;(FirstFrame.kt:8)
	at FirstFrame.&lt;init&gt;(FirstFrame.kt:8)
	at FirstFrame.&lt;init&gt;(FirstFrame.kt:8)
	at FirstFrame.&lt;init&gt;(FirstFrame.kt:8)
	at FirstFrame.&lt;init&gt;(FirstFrame.kt:8)
	at FirstFrame.&lt;init&gt;(FirstFrame.kt:8)
	at FirstFrame.&lt;init&gt;(FirstFrame.kt:8)
	at FirstFrame.&lt;init&gt;(FirstFrame.kt:8)
	at FirstFrame.&lt;init&gt;(FirstFrame.kt:8)
	at FirstFrame.&lt;init&gt;(FirstFrame.kt:8)
	at FirstFrame.&lt;init&gt;(FirstFrame.kt:8)
	at FirstFrame.&lt;init&gt;(FirstFrame.kt:8)
	at FirstFrame.&lt;init&gt;(FirstFrame.kt:8)
	at FirstFrame.&lt;init&gt;(FirstFrame.kt:8)
	at FirstFrame.&lt;init&gt;(FirstFrame.kt:8)
	at FirstFrame.&lt;init&gt;(FirstFrame.kt:8)
	at FirstFrame.&lt;init&gt;(FirstFrame.kt:8)
	at FirstFrame.&lt;init&gt;(FirstFrame.kt:8)
	at FirstFrame.&lt;init&gt;(FirstFrame.kt:8)
	at FirstFrame.&lt;init&gt;(FirstFrame.kt:8)
	at FirstFrame.&lt;init&gt;(FirstFrame.kt:8)
	at FirstFrame.&lt;init&gt;(FirstFrame.kt:8)
	at FirstFrame.&lt;init&gt;(FirstFrame.kt:8)
	at FirstFrame.&lt;init&gt;(FirstFrame.kt:8)
	at FirstFrame.&lt;init&gt;(FirstFrame.kt:8)
	at FirstFrame.&lt;init&gt;(FirstFrame.kt:8)
	at FirstFrame.&lt;init&gt;(FirstFrame.kt:8)
	at FirstFrame.&lt;init&gt;(FirstFrame.kt:8)
	at FirstFrame.&lt;init&gt;(FirstFrame.kt:8)
	at FirstFrame.&lt;init&gt;(FirstFrame.kt:8)
	at FirstFrame.&lt;init&gt;(FirstFrame.kt:8)
	at FirstFrame.&lt;init&gt;(FirstFrame.kt:8)
	at FirstFrame.&lt;init&gt;(FirstFrame.kt:8)
	at FirstFrame.&lt;init&gt;(FirstFrame.kt:8)
	at FirstFrame.&lt;init&gt;(FirstFrame.kt:8)
	at FirstFrame.&lt;init&gt;(FirstFrame.kt:8)
	at FirstFrame.&lt;init&gt;(FirstFrame.kt:8)
	at FirstFrame.&lt;init&gt;(FirstFrame.kt:8)
	at FirstFrame.&lt;init&gt;(FirstFrame.kt:8)
	at FirstFrame.&lt;init&gt;(FirstFrame.kt:8)
	at FirstFrame.&lt;init&gt;(FirstFrame.kt:8)
	at FirstFrame.&lt;init&gt;(FirstFrame.kt:8)
	at FirstFrame.&lt;init&gt;(FirstFrame.kt:8)
	at FirstFrame.&lt;init&gt;(FirstFrame.kt:8)
	at FirstFrame.&lt;init&gt;(FirstFrame.kt:8)
	at FirstFrame.&lt;init&gt;(FirstFrame.kt:8)
	at FirstFrame.&lt;init&gt;(FirstFrame.kt:8)
	at FirstFrame.&lt;init&gt;(FirstFrame.kt:8)
	at FirstFrame.&lt;init&gt;(FirstFrame.kt:8)
	at FirstFrame.&lt;init&gt;(FirstFrame.kt:8)
	at FirstFrame.&lt;init&gt;(FirstFrame.kt:8)
	at FirstFrame.&lt;init&gt;(FirstFrame.kt:8)
	at FirstFrame.&lt;init&gt;(FirstFrame.kt:8)
	at FirstFrame.&lt;init&gt;(FirstFrame.kt:8)
	at FirstFrame.&lt;init&gt;(FirstFrame.kt:8)
	at FirstFrame.&lt;init&gt;(FirstFrame.kt:8)
	at FirstFrame.&lt;init&gt;(FirstFrame.kt:8)
	at FirstFrame.&lt;init&gt;(FirstFrame.kt:8)
	at FirstFrame.&lt;init&gt;(FirstFrame.kt:8)
	at FirstFrame.&lt;init&gt;(FirstFrame.kt:8)
	at FirstFrame.&lt;init&gt;(FirstFrame.kt:8)
	at FirstFrame.&lt;init&gt;(FirstFrame.kt:8)
	at FirstFrame.&lt;init&gt;(FirstFrame.kt:8)
	at FirstFrame.&lt;init&gt;(FirstFrame.kt:8)
	at FirstFrame.&lt;init&gt;(FirstFrame.kt:8)
	at FirstFrame.&lt;init&gt;(FirstFrame.kt:8)
	at FirstFrame.&lt;init&gt;(FirstFrame.kt:8)
	at FirstFrame.&lt;init&gt;(FirstFrame.kt:8)
	at FirstFrame.&lt;init&gt;(FirstFrame.kt:8)
	at FirstFrame.&lt;init&gt;(FirstFrame.kt:8)
	at FirstFrame.&lt;init&gt;(FirstFrame.kt:8)
	at FirstFrame.&lt;init&gt;(FirstFrame.kt:8)
	at FirstFrame.&lt;init&gt;(FirstFrame.kt:8)
	at FirstFrame.&lt;init&gt;(FirstFrame.kt:8)
	at FirstFrame.&lt;init&gt;(FirstFrame.kt:8)
	at FirstFrame.&lt;init&gt;(FirstFrame.kt:8)
	at FirstFrame.&lt;init&gt;(FirstFrame.kt:8)
	at FirstFrame.&lt;init&gt;(FirstFrame.kt:8)
	at FirstFrame.&lt;init&gt;(FirstFrame.kt:8)
	at FirstFrame.&lt;init&gt;(FirstFrame.kt:8)
	at FirstFrame.&lt;init&gt;(FirstFrame.kt:8)
	at FirstFrame.&lt;init&gt;(FirstFrame.kt:8)
	at FirstFrame.&lt;init&gt;(FirstFrame.kt:8)
	at FirstFrame.&lt;init&gt;(FirstFrame.kt:8)
	at FirstFrame.&lt;init&gt;(FirstFrame.kt:8)
	at FirstFrame.&lt;init&gt;(FirstFrame.kt:8)
	at FirstFrame.&lt;init&gt;(FirstFrame.kt:8)
	at FirstFrame.&lt;init&gt;(FirstFrame.kt:8)
	at FirstFrame.&lt;init&gt;(FirstFrame.kt:8)
	at FirstFrame.&lt;init&gt;(FirstFrame.kt:8)
	at FirstFrame.&lt;init&gt;(FirstFrame.kt:8)
	at FirstFrame.&lt;init&gt;(FirstFrame.kt:8)
	at FirstFrame.&lt;init&gt;(FirstFrame.kt:8)
	at FirstFrame.&lt;init&gt;(FirstFrame.kt:8)
	at FirstFrame.&lt;init&gt;(FirstFrame.kt:8)
	at FirstFrame.&lt;init&gt;(FirstFrame.kt:8)
	at FirstFrame.&lt;init&gt;(FirstFrame.kt:8)
	at FirstFrame.&lt;init&gt;(FirstFrame.kt:8)
	at FirstFrame.&lt;init&gt;(FirstFrame.kt:8)
	at FirstFrame.&lt;init&gt;(FirstFrame.kt:8)
	at FirstFrame.&lt;init&gt;(FirstFrame.kt:8)
	at FirstFrame.&lt;init&gt;(FirstFrame.kt:8)
	at FirstFrame.&lt;init&gt;(FirstFrame.kt:8)
	at FirstFrame.&lt;init&gt;(FirstFrame.kt:8)
	at FirstFrame.&lt;init&gt;(FirstFrame.kt:8)
	at FirstFrame.&lt;init&gt;(FirstFrame.kt:8)
	at FirstFrame.&lt;init&gt;(FirstFrame.kt:8)
	at FirstFrame.&lt;init&gt;(FirstFrame.kt:8)
	at FirstFrame.&lt;init&gt;(FirstFrame.kt:8)
	at FirstFrame.&lt;init&gt;(FirstFrame.kt:8)
	at FirstFrame.&lt;init&gt;(FirstFrame.kt:8)
	at FirstFrame.&lt;init&gt;(FirstFrame.kt:8)
	at FirstFrame.&lt;init&gt;(FirstFrame.kt:8)
	at FirstFrame.&lt;init&gt;(FirstFrame.kt:8)
	at FirstFrame.&lt;init&gt;(FirstFrame.kt:8)
	at FirstFrame.&lt;init&gt;(FirstFrame.kt:8)
	at FirstFrame.&lt;init&gt;(FirstFrame.kt:8)
	at FirstFrame.&lt;init&gt;(FirstFrame.kt:8)
	at FirstFrame.&lt;init&gt;(FirstFrame.kt:8)
	at FirstFrame.&lt;init&gt;(FirstFrame.kt:8)
	at FirstFrame.&lt;init&gt;(FirstFrame.kt:8)
	at FirstFrame.&lt;init&gt;(FirstFrame.kt:8)
	at FirstFrame.&lt;init&gt;(FirstFrame.kt:8)
	at FirstFrame.&lt;init&gt;(FirstFrame.kt:8)
	at FirstFrame.&lt;init&gt;(FirstFrame.kt:8)
	at FirstFrame.&lt;init&gt;(FirstFrame.kt:8)
	at FirstFrame.&lt;init&gt;(FirstFrame.kt:8)
	at FirstFrame.&lt;init&gt;(FirstFrame.kt:8)
	at FirstFrame.&lt;init&gt;(FirstFrame.kt:8)
	at FirstFrame.&lt;init&gt;(FirstFrame.kt:8)
	at FirstFrame.&lt;init&gt;(FirstFrame.kt:8)
	at FirstFrame.&lt;init&gt;(FirstFrame.kt:8)
	at FirstFrame.&lt;init&gt;(FirstFrame.kt:8)
	at FirstFrame.&lt;init&gt;(FirstFrame.kt:8)
	at FirstFrame.&lt;init&gt;(FirstFrame.kt:8)
	at FirstFrame.&lt;init&gt;(FirstFrame.kt:8)
	at FirstFrame.&lt;init&gt;(FirstFrame.kt:8)
	at FirstFrame.&lt;init&gt;(FirstFrame.kt:8)
	at FirstFrame.&lt;init&gt;(FirstFrame.kt:8)
	at FirstFrame.&lt;init&gt;(FirstFrame.kt:8)
	at FirstFrame.&lt;init&gt;(FirstFrame.kt:8)
	at FirstFrame.&lt;init&gt;(FirstFrame.kt:8)
	at FirstFrame.&lt;init&gt;(FirstFrame.kt:8)
	at FirstFrame.&lt;init&gt;(FirstFrame.kt:8)
	at FirstFrame.&lt;init&gt;(FirstFrame.kt:8)
	at FirstFrame.&lt;init&gt;(FirstFrame.kt:8)
	at FirstFrame.&lt;init&gt;(FirstFrame.kt:8)
	at FirstFrame.&lt;init&gt;(FirstFrame.kt:8)
	at FirstFrame.&lt;init&gt;(FirstFrame.kt:8)
	at FirstFrame.&lt;init&gt;(FirstFrame.kt:8)
	at FirstFrame.&lt;init&gt;(FirstFrame.kt:8)
	at FirstFrame.&lt;init&gt;(FirstFrame.kt:8)
	at FirstFrame.&lt;init&gt;(FirstFrame.kt:8)
	at FirstFrame.&lt;init&gt;(FirstFrame.kt:8)
	at FirstFrame.&lt;init&gt;(FirstFrame.kt:8)
	at FirstFrame.&lt;init&gt;(FirstFrame.kt:8)
	at FirstFrame.&lt;init&gt;(FirstFrame.kt:8)
	at FirstFrame.&lt;init&gt;(FirstFrame.kt:8)
	at FirstFrame.&lt;init&gt;(FirstFrame.kt:8)
	at FirstFrame.&lt;init&gt;(FirstFrame.kt:8)
	at FirstFrame.&lt;init&gt;(FirstFrame.kt:8)
	at FirstFrame.&lt;init&gt;(FirstFrame.kt:8)
	at FirstFrame.&lt;init&gt;(FirstFrame.kt:8)
	at FirstFrame.&lt;init&gt;(FirstFrame.kt:8)
	at FirstFrame.&lt;init&gt;(FirstFrame.kt:8)
	at FirstFrame.&lt;init&gt;(FirstFrame.kt:8)
	at FirstFrame.&lt;init&gt;(FirstFrame.kt:8)
	at FirstFrame.&lt;init&gt;(FirstFrame.kt:8)
	at FirstFrame.&lt;init&gt;(FirstFrame.kt:8)
	at FirstFrame.&lt;init&gt;(FirstFrame.kt:8)
	at FirstFrame.&lt;init&gt;(FirstFrame.kt:8)
	at FirstFrame.&lt;init&gt;(FirstFrame.kt:8)
	at FirstFrame.&lt;init&gt;(FirstFrame.kt:8)
	at FirstFrame.&lt;init&gt;(FirstFrame.kt:8)
	at FirstFrame.&lt;init&gt;(FirstFrame.kt:8)
	at FirstFrame.&lt;init&gt;(FirstFrame.kt:8)
	at FirstFrame.&lt;init&gt;(FirstFrame.kt:8)
	at FirstFrame.&lt;init&gt;(FirstFrame.kt:8)
	at FirstFrame.&lt;init&gt;(FirstFrame.kt:8)
	at FirstFrame.&lt;init&gt;(FirstFrame.kt:8)
	at FirstFrame.&lt;init&gt;(FirstFrame.kt:8)
	at FirstFrame.&lt;init&gt;(FirstFrame.kt:8)
	at FirstFrame.&lt;init&gt;(FirstFrame.kt:8)
	at FirstFrame.&lt;init&gt;(FirstFrame.kt:8)
	at FirstFrame.&lt;init&gt;(FirstFrame.kt:8)
	at FirstFrame.&lt;init&gt;(FirstFrame.kt:8)
	at FirstFrame.&lt;init&gt;(FirstFrame.kt:8)
	at FirstFrame.&lt;init&gt;(FirstFrame.kt:8)
	at FirstFrame.&lt;init&gt;(FirstFrame.kt:8)
	at FirstFrame.&lt;init&gt;(FirstFrame.kt:8)
	at FirstFrame.&lt;init&gt;(FirstFrame.kt:8)
	at FirstFrame.&lt;init&gt;(FirstFrame.kt:8)
	at FirstFrame.&lt;init&gt;(FirstFrame.kt:8)
	at FirstFrame.&lt;init&gt;(FirstFrame.kt:8)
	at FirstFrame.&lt;init&gt;(FirstFrame.kt:8)
	at FirstFrame.&lt;init&gt;(FirstFrame.kt:8)
	at FirstFrame.&lt;init&gt;(FirstFrame.kt:8)
	at FirstFrame.&lt;init&gt;(FirstFrame.kt:8)
	at FirstFrame.&lt;init&gt;(FirstFrame.kt:8)
	at FirstFrame.&lt;init&gt;(FirstFrame.kt:8)
	at FirstFrame.&lt;init&gt;(FirstFrame.kt:8)
	at FirstFrame.&lt;init&gt;(FirstFrame.kt:8)
	at FirstFrame.&lt;init&gt;(FirstFrame.kt:8)
	at FirstFrame.&lt;init&gt;(FirstFrame.kt:8)
	at FirstFrame.&lt;init&gt;(FirstFrame.kt:8)
	at FirstFrame.&lt;init&gt;(FirstFrame.kt:8)
	at FirstFrame.&lt;init&gt;(FirstFrame.kt:8)
	at FirstFrame.&lt;init&gt;(FirstFrame.kt:8)
	at FirstFrame.&lt;init&gt;(FirstFrame.kt:8)
	at FirstFrame.&lt;init&gt;(FirstFrame.kt:8)
	at FirstFrame.&lt;init&gt;(FirstFrame.kt:8)
	at FirstFrame.&lt;init&gt;(FirstFrame.kt:8)
	at FirstFrame.&lt;init&gt;(FirstFrame.kt:8)
	at FirstFrame.&lt;init&gt;(FirstFrame.kt:8)
	at FirstFrame.&lt;init&gt;(FirstFrame.kt:8)
	at FirstFrame.&lt;init&gt;(FirstFrame.kt:8)
	at FirstFrame.&lt;init&gt;(FirstFrame.kt:8)
	at FirstFrame.&lt;init&gt;(FirstFrame.kt:8)
	at FirstFrame.&lt;init&gt;(FirstFrame.kt:8)
	at FirstFrame.&lt;init&gt;(FirstFrame.kt:8)
	at FirstFrame.&lt;init&gt;(FirstFrame.kt:8)
	at FirstFrame.&lt;init&gt;(FirstFrame.kt:8)
	at FirstFrame.&lt;init&gt;(FirstFrame.kt:8)
	at FirstFrame.&lt;init&gt;(FirstFrame.kt:8)
	at FirstFrame.&lt;init&gt;(FirstFrame.kt:8)
	at FirstFrame.&lt;init&gt;(FirstFrame.kt:8)
	at FirstFrame.&lt;init&gt;(FirstFrame.kt:8)
	at FirstFrame.&lt;init&gt;(FirstFrame.kt:8)
	at FirstFrame.&lt;init&gt;(FirstFrame.kt:8)
	at FirstFrame.&lt;init&gt;(FirstFrame.kt:8)
	at FirstFrame.&lt;init&gt;(FirstFrame.kt:8)
	at FirstFrame.&lt;init&gt;(FirstFrame.kt:8)
	at FirstFrame.&lt;init&gt;(FirstFrame.kt:8)
	at FirstFrame.&lt;init&gt;(FirstFrame.kt:8)
	at FirstFrame.&lt;init&gt;(FirstFrame.kt:8)
	at FirstFrame.&lt;init&gt;(FirstFrame.kt:8)
	at FirstFrame.&lt;init&gt;(FirstFrame.kt:8)
	at FirstFrame.&lt;init&gt;(FirstFrame.kt:8)
	at FirstFrame.&lt;init&gt;(FirstFrame.kt:8)
	at FirstFrame.&lt;init&gt;(FirstFrame.kt:8)
	at FirstFrame.&lt;init&gt;(FirstFrame.kt:8)
	at FirstFrame.&lt;init&gt;(FirstFrame.kt:8)
	at FirstFrame.&lt;init&gt;(FirstFrame.kt:8)
	at FirstFrame.&lt;init&gt;(FirstFrame.kt:8)
	at FirstFrame.&lt;init&gt;(FirstFrame.kt:8)
	at FirstFrame.&lt;init&gt;(FirstFrame.kt:8)
	at FirstFrame.&lt;init&gt;(FirstFrame.kt:8)
	at FirstFrame.&lt;init&gt;(FirstFrame.kt:8)
	at FirstFrame.&lt;init&gt;(FirstFrame.kt:8)
	at FirstFrame.&lt;init&gt;(FirstFrame.kt:8)
	at FirstFrame.&lt;init&gt;(FirstFrame.kt:8)
	at FirstFrame.&lt;init&gt;(FirstFrame.kt:8)
	at FirstFrame.&lt;init&gt;(FirstFrame.kt:8)
	at FirstFrame.&lt;init&gt;(FirstFrame.kt:8)
	at FirstFrame.&lt;init&gt;(FirstFrame.kt:8)
	at FirstFrame.&lt;init&gt;(FirstFrame.kt:8)
	at FirstFrame.&lt;init&gt;(FirstFrame.kt:8)
	at FirstFrame.&lt;init&gt;(FirstFrame.kt:8)
	at FirstFrame.&lt;init&gt;(FirstFrame.kt:8)
	at FirstFrame.&lt;init&gt;(FirstFrame.kt:8)
	at FirstFrame.&lt;init&gt;(FirstFrame.kt:8)
	at FirstFrame.&lt;init&gt;(FirstFrame.kt:8)
	at FirstFrame.&lt;init&gt;(FirstFrame.kt:8)
	at FirstFrame.&lt;init&gt;(FirstFrame.kt:8)
	at FirstFrame.&lt;init&gt;(FirstFrame.kt:8)
	at FirstFrame.&lt;init&gt;(FirstFrame.kt:8)
	at FirstFrame.&lt;init&gt;(FirstFrame.kt:8)
	at FirstFrame.&lt;init&gt;(FirstFrame.kt:8)
	at FirstFrame.&lt;init&gt;(FirstFrame.kt:8)
	at FirstFrame.&lt;init&gt;(FirstFrame.kt:8)
	at FirstFrame.&lt;init&gt;(FirstFrame.kt:8)
	at FirstFrame.&lt;init&gt;(FirstFrame.kt:8)
	at FirstFrame.&lt;init&gt;(FirstFrame.kt:8)
	at FirstFrame.&lt;init&gt;(FirstFrame.kt:8)
	at FirstFrame.&lt;init&gt;(FirstFrame.kt:8)
	at FirstFrame.&lt;init&gt;(FirstFrame.kt:8)
	at FirstFrame.&lt;init&gt;(FirstFrame.kt:8)
	at FirstFrame.&lt;init&gt;(FirstFrame.kt:8)
	at FirstFrame.&lt;init&gt;(FirstFrame.kt:8)
	at FirstFrame.&lt;init&gt;(FirstFrame.kt:8)
	at FirstFrame.&lt;init&gt;(FirstFrame.kt:8)
	at FirstFrame.&lt;init&gt;(FirstFrame.kt:8)
	at FirstFrame.&lt;init&gt;(FirstFrame.kt:8)
	at FirstFrame.&lt;init&gt;(FirstFrame.kt:8)
	at FirstFrame.&lt;init&gt;(FirstFrame.kt:8)
	at FirstFrame.&lt;init&gt;(FirstFrame.kt:8)
	at FirstFrame.&lt;init&gt;(FirstFrame.kt:8)
	at FirstFrame.&lt;init&gt;(FirstFrame.kt:8)
	at FirstFrame.&lt;init&gt;(FirstFrame.kt:8)
	at FirstFrame.&lt;init&gt;(FirstFrame.kt:8)
	at FirstFrame.&lt;init&gt;(FirstFrame.kt:8)
	at FirstFrame.&lt;init&gt;(FirstFrame.kt:8)
	at FirstFrame.&lt;init&gt;(FirstFrame.kt:8)
	at FirstFrame.&lt;init&gt;(FirstFrame.kt:8)
	at FirstFrame.&lt;init&gt;(FirstFrame.kt:8)
	at FirstFrame.&lt;init&gt;(FirstFrame.kt:8)
	at FirstFrame.&lt;init&gt;(FirstFrame.kt:8)
	at FirstFrame.&lt;init&gt;(FirstFrame.kt:8)
	at FirstFrame.&lt;init&gt;(FirstFrame.kt:8)
	at FirstFrame.&lt;init&gt;(FirstFrame.kt:8)
	at FirstFrame.&lt;init&gt;(FirstFrame.kt:8)
	at FirstFrame.&lt;init&gt;(FirstFrame.kt:8)
	at FirstFrame.&lt;init&gt;(FirstFrame.kt:8)
	at FirstFrame.&lt;init&gt;(FirstFrame.kt:8)
	at FirstFrame.&lt;init&gt;(FirstFrame.kt:8)
	at FirstFrame.&lt;init&gt;(FirstFrame.kt:8)
	at FirstFrame.&lt;init&gt;(FirstFrame.kt:8)
	at FirstFrame.&lt;init&gt;(FirstFrame.kt:8)
	at FirstFrame.&lt;init&gt;(FirstFrame.kt:8)
	at FirstFrame.&lt;init&gt;(FirstFrame.kt:8)
	at FirstFrame.&lt;init&gt;(FirstFrame.kt:8)
	at FirstFrame.&lt;init&gt;(FirstFrame.kt:8)
	at FirstFrame.&lt;init&gt;(FirstFrame.kt:8)
	at FirstFrame.&lt;init&gt;(FirstFrame.kt:8)
	at FirstFrame.&lt;init&gt;(FirstFrame.kt:8)
	at FirstFrame.&lt;init&gt;(FirstFrame.kt:8)
	at FirstFrame.&lt;init&gt;(FirstFrame.kt:8)
	at FirstFrame.&lt;init&gt;(FirstFrame.kt:8)
	at FirstFrame.&lt;init&gt;(FirstFrame.kt:8)
	at FirstFrame.&lt;init&gt;(FirstFrame.kt:8)
	at FirstFrame.&lt;init&gt;(FirstFrame.kt:8)
	at FirstFrame.&lt;init&gt;(FirstFrame.kt:8)
	at FirstFrame.&lt;init&gt;(FirstFrame.kt:8)
	at FirstFrame.&lt;init&gt;(FirstFrame.kt:8)
	at FirstFrame.&lt;init&gt;(FirstFrame.kt:8)
	at FirstFrame.&lt;init&gt;(FirstFrame.kt:8)
	at FirstFrame.&lt;init&gt;(FirstFrame.kt:8)
	at FirstFrame.&lt;init&gt;(FirstFrame.kt:8)
	at FirstFrame.&lt;init&gt;(FirstFrame.kt:8)
	at FirstFrame.&lt;init&gt;(FirstFrame.kt:8)
	at FirstFrame.&lt;init&gt;(FirstFrame.kt:8)
	at FirstFrame.&lt;init&gt;(FirstFrame.kt:8)
	at FirstFrame.&lt;init&gt;(FirstFrame.kt:8)
	at FirstFrame.&lt;init&gt;(FirstFrame.kt:8)
	at FirstFrame.&lt;init&gt;(FirstFrame.kt:8)
	at FirstFrame.&lt;init&gt;(FirstFrame.kt:8)
	at FirstFrame.&lt;init&gt;(FirstFrame.kt:8)
	at FirstFrame.&lt;init&gt;(FirstFrame.kt:8)
	at FirstFrame.&lt;init&gt;(FirstFrame.kt:8)
	at FirstFrame.&lt;init&gt;(FirstFrame.kt:8)
	at FirstFrame.&lt;init&gt;(FirstFrame.kt:8)
	at FirstFrame.&lt;init&gt;(FirstFrame.kt:8)
	at FirstFrame.&lt;init&gt;(FirstFrame.kt:8)
	at FirstFrame.&lt;init&gt;(FirstFrame.kt:8)
	at FirstFrame.&lt;init&gt;(FirstFrame.kt:8)
	at FirstFrame.&lt;init&gt;(FirstFrame.kt:8)
	at FirstFrame.&lt;init&gt;(FirstFrame.kt:8)
	at FirstFrame.&lt;init&gt;(FirstFrame.kt:8)
	at FirstFrame.&lt;init&gt;(FirstFrame.kt:8)
	at FirstFrame.&lt;init&gt;(FirstFrame.kt:8)
	at FirstFrame.&lt;init&gt;(FirstFrame.kt:8)
	at FirstFrame.&lt;init&gt;(FirstFrame.kt:8)
	at FirstFrame.&lt;init&gt;(FirstFrame.kt:8)
	at FirstFrame.&lt;init&gt;(FirstFrame.kt:8)
	at FirstFrame.&lt;init&gt;(FirstFrame.kt:8)
	at FirstFrame.&lt;init&gt;(FirstFrame.kt:8)
	at FirstFrame.&lt;init&gt;(FirstFrame.kt:8)
	at FirstFrame.&lt;init&gt;(FirstFrame.kt:8)
	at FirstFrame.&lt;init&gt;(FirstFrame.kt:8)
	at FirstFrame.&lt;init&gt;(FirstFrame.kt:8)
	at FirstFrame.&lt;init&gt;(FirstFrame.kt:8)
	at FirstFrame.&lt;init&gt;(FirstFrame.kt:8)
	at FirstFrame.&lt;init&gt;(FirstFrame.kt:8)
	at FirstFrame.&lt;init&gt;(FirstFrame.kt:8)
	at FirstFrame.&lt;init&gt;(FirstFrame.kt:8)
	at FirstFrame.&lt;init&gt;(FirstFrame.kt:8)
	at FirstFrame.&lt;init&gt;(FirstFrame.kt:8)
	at FirstFrame.&lt;init&gt;(FirstFrame.kt:8)
	at FirstFrame.&lt;init&gt;(FirstFrame.kt:8)
	at FirstFrame.&lt;init&gt;(FirstFrame.kt:8)
	at FirstFrame.&lt;init&gt;(FirstFrame.kt:8)
	at FirstFrame.&lt;init&gt;(FirstFrame.kt:8)
	at FirstFrame.&lt;init&gt;(FirstFrame.kt:8)
	at FirstFrame.&lt;init&gt;(FirstFrame.kt:8)
	at FirstFrame.&lt;init&gt;(FirstFrame.kt:8)
	at FirstFrame.&lt;init&gt;(FirstFrame.kt:8)
	at FirstFrame.&lt;init&gt;(FirstFrame.kt:8)
	at FirstFrame.&lt;init&gt;(FirstFrame.kt:8)
	at FirstFrame.&lt;init&gt;(FirstFrame.kt:8)
	at FirstFrame.&lt;init&gt;(FirstFrame.kt:8)
	at FirstFrame.&lt;init&gt;(FirstFrame.kt:8)
	at FirstFrame.&lt;init&gt;(FirstFrame.kt:8)
	at FirstFrame.&lt;init&gt;(FirstFrame.kt:8)
	at FirstFrame.&lt;init&gt;(FirstFrame.kt:8)
	at FirstFrame.&lt;init&gt;(FirstFrame.kt:8)
	at FirstFrame.&lt;init&gt;(FirstFrame.kt:8)
	at FirstFrame.&lt;init&gt;(FirstFrame.kt:8)
	at FirstFrame.&lt;init&gt;(FirstFrame.kt:8)
	at FirstFrame.&lt;init&gt;(FirstFrame.kt:8)
	at FirstFrame.&lt;init&gt;(FirstFrame.kt:8)
	at FirstFrame.&lt;init&gt;(FirstFrame.kt:8)
	at FirstFrame.&lt;init&gt;(FirstFrame.kt:8)
	at FirstFrame.&lt;init&gt;(FirstFrame.kt:8)
	at FirstFrame.&lt;init&gt;(FirstFrame.kt:8)
	at FirstFrame.&lt;init&gt;(FirstFrame.kt:8)
	at FirstFrame.&lt;init&gt;(FirstFrame.kt:8)
	at FirstFrame.&lt;init&gt;(FirstFrame.kt:8)
	at FirstFrame.&lt;init&gt;(FirstFrame.kt:8)
	at FirstFrame.&lt;init&gt;(FirstFrame.kt:8)
	at FirstFrame.&lt;init&gt;(FirstFrame.kt:8)
	at FirstFrame.&lt;init&gt;(FirstFrame.kt:8)
	at FirstFrame.&lt;init&gt;(FirstFrame.kt:8)
	at FirstFrame.&lt;init&gt;(FirstFrame.kt:8)
	at FirstFrame.&lt;init&gt;(FirstFrame.kt:8)
	at FirstFrame.&lt;init&gt;(FirstFrame.kt:8)
	at FirstFrame.&lt;init&gt;(FirstFrame.kt:8)
	at FirstFrame.&lt;init&gt;(FirstFrame.kt:8)
	at FirstFrame.&lt;init&gt;(FirstFrame.kt:8)
	at FirstFrame.&lt;init&gt;(FirstFrame.kt:8)
	at FirstFrame.&lt;init&gt;(FirstFrame.kt:8)
	at FirstFrame.&lt;init&gt;(FirstFrame.kt:8)
	at FirstFrame.&lt;init&gt;(FirstFrame.kt:8)
	at FirstFrame.&lt;init&gt;(FirstFrame.kt:8)
	at FirstFrame.&lt;init&gt;(FirstFrame.kt:8)
	at FirstFrame.&lt;init&gt;(FirstFrame.kt:8)
	at FirstFrame.&lt;init&gt;(FirstFrame.kt:8)
	at FirstFrame.&lt;init&gt;(FirstFrame.kt:8)
	at FirstFrame.&lt;init&gt;(FirstFrame.kt:8)
	at FirstFrame.&lt;init&gt;(FirstFrame.kt:8)
	at FirstFrame.&lt;init&gt;(FirstFrame.kt:8)
	at FirstFrame.&lt;init&gt;(FirstFrame.kt:8)
	at FirstFrame.&lt;init&gt;(FirstFrame.kt:8)
	at FirstFrame.&lt;init&gt;(FirstFrame.kt:8)
	at FirstFrame.&lt;init&gt;(FirstFrame.kt:8)
	at FirstFrame.&lt;init&gt;(FirstFrame.kt:8)
	at FirstFrame.&lt;init&gt;(FirstFrame.kt:8)
	at FirstFrame.&lt;init&gt;(FirstFrame.kt:8)
	at FirstFrame.&lt;init&gt;(FirstFrame.kt:8)
	at FirstFrame.&lt;init&gt;(FirstFrame.kt:8)
	at FirstFrame.&lt;init&gt;(FirstFrame.kt:8)
	at FirstFrame.&lt;init&gt;(FirstFrame.kt:8)
	at FirstFrame.&lt;init&gt;(FirstFrame.kt:8)
	at FirstFrame.&lt;init&gt;(FirstFrame.kt:8)
	at FirstFrame.&lt;init&gt;(FirstFrame.kt:8)
	at FirstFrame.&lt;init&gt;(FirstFrame.kt:8)
	at FirstFrame.&lt;init&gt;(FirstFrame.kt:8)
	at FirstFrame.&lt;init&gt;(FirstFrame.kt:8)
	at FirstFrame.&lt;init&gt;(FirstFrame.kt:8)
	at FirstFrame.&lt;init&gt;(FirstFrame.kt:8)
	at FirstFrame.&lt;init&gt;(FirstFrame.kt:8)
	at FirstFrame.&lt;init&gt;(FirstFrame.kt:8)
	at FirstFrame.&lt;init&gt;(FirstFrame.kt:8)
	at FirstFrame.&lt;init&gt;(FirstFrame.kt:8)
	at FirstFrame.&lt;init&gt;(FirstFrame.kt:8)
	at FirstFrame.&lt;init&gt;(FirstFrame.kt:8)
	at FirstFrame.&lt;init&gt;(FirstFrame.kt:8)
	at FirstFrame.&lt;init&gt;(FirstFrame.kt:8)
	at FirstFrame.&lt;init&gt;(FirstFrame.kt:8)
	at FirstFrame.&lt;init&gt;(FirstFrame.kt:8)
	at FirstFrame.&lt;init&gt;(FirstFrame.kt:8)
	at FirstFrame.&lt;init&gt;(FirstFrame.kt:8)
	at FirstFrame.&lt;init&gt;(FirstFrame.kt:8)
	at FirstFrame.&lt;init&gt;(FirstFrame.kt:8)
	at FirstFrame.&lt;init&gt;(FirstFrame.kt:8)
	at FirstFrame.&lt;init&gt;(FirstFrame.kt:8)
	at FirstFrame.&lt;init&gt;(FirstFrame.kt:8)
	at FirstFrame.&lt;init&gt;(FirstFrame.kt:8)
	at FirstFrame.&lt;init&gt;(FirstFrame.kt:8)
	at FirstFrame.&lt;init&gt;(FirstFrame.kt:8)
	at FirstFrame.&lt;init&gt;(FirstFrame.kt:8)
	at FirstFrame.&lt;init&gt;(FirstFrame.kt:8)
	at FirstFrame.&lt;init&gt;(FirstFrame.kt:8)
	at FirstFrame.&lt;init&gt;(FirstFrame.kt:8)
	at FirstFrame.&lt;init&gt;(FirstFrame.kt:8)
	at FirstFrame.&lt;init&gt;(FirstFrame.kt:8)
	at FirstFrame.&lt;init&gt;(FirstFrame.kt:8)
	at FirstFrame.&lt;init&gt;(FirstFrame.kt:8)
	at FirstFrame.&lt;init&gt;(FirstFrame.kt:8)
	at FirstFrame.&lt;init&gt;(FirstFrame.kt:8)
	at FirstFrame.&lt;init&gt;(FirstFrame.kt:8)
	at FirstFrame.&lt;init&gt;(FirstFrame.kt:8)
	at FirstFrame.&lt;init&gt;(FirstFrame.kt:8)
	at FirstFrame.&lt;init&gt;(FirstFrame.kt:8)
	at FirstFrame.&lt;init&gt;(FirstFrame.kt:8)
	at FirstFrame.&lt;init&gt;(FirstFrame.kt:8)
	at FirstFrame.&lt;init&gt;(FirstFrame.kt:8)
	at FirstFrame.&lt;init&gt;(FirstFrame.kt:8)
	at FirstFrame.&lt;init&gt;(FirstFrame.kt:8)
	at FirstFrame.&lt;init&gt;(FirstFrame.kt:8)
	at FirstFrame.&lt;init&gt;(FirstFrame.kt:8)
	at FirstFrame.&lt;init&gt;(FirstFrame.kt:8)
	at FirstFrame.&lt;init&gt;(FirstFrame.kt:8)
	at FirstFrame.&lt;init&gt;(FirstFrame.kt:8)
	at FirstFrame.&lt;init&gt;(FirstFrame.kt:8)
	at FirstFrame.&lt;init&gt;(FirstFrame.kt:8)
	at FirstFrame.&lt;init&gt;(FirstFrame.kt:8)
	at FirstFrame.&lt;init&gt;(FirstFrame.kt:8)
	at FirstFrame.&lt;init&gt;(FirstFrame.kt:8)
	at FirstFrame.&lt;init&gt;(FirstFrame.kt:8)
	at FirstFrame.&lt;init&gt;(FirstFrame.kt:8)
	at FirstFrame.&lt;init&gt;(FirstFrame.kt:8)
	at FirstFrame.&lt;init&gt;(FirstFrame.kt:8)
	at FirstFrame.&lt;init&gt;(FirstFrame.kt:8)
	at FirstFrame.&lt;init&gt;(FirstFrame.kt:8)
	at FirstFrame.&lt;init&gt;(FirstFrame.kt:8)
	at FirstFrame.&lt;init&gt;(FirstFrame.kt:8)
	at FirstFrame.&lt;init&gt;(FirstFrame.kt:8)
	at FirstFrame.&lt;init&gt;(FirstFrame.kt:8)
	at FirstFrame.&lt;init&gt;(FirstFrame.kt:8)
	at FirstFrame.&lt;init&gt;(FirstFrame.kt:8)
	at FirstFrame.&lt;init&gt;(FirstFrame.kt:8)
	at FirstFrame.&lt;init&gt;(FirstFrame.kt:8)
	at FirstFrame.&lt;init&gt;(FirstFrame.kt:8)
	at FirstFrame.&lt;init&gt;(FirstFrame.kt:8)
	at FirstFrame.&lt;init&gt;(FirstFrame.kt:8)
	at FirstFrame.&lt;init&gt;(FirstFrame.kt:8)
	at FirstFrame.&lt;init&gt;(FirstFrame.kt:8)
	at FirstFrame.&lt;init&gt;(FirstFrame.kt:8)
	at FirstFrame.&lt;init&gt;(FirstFrame.kt:8)
	at FirstFrame.&lt;init&gt;(FirstFrame.kt:8)
	at FirstFrame.&lt;init&gt;(FirstFrame.kt:8)
	at FirstFrame.&lt;init&gt;(FirstFrame.kt:8)
	at FirstFrame.&lt;init&gt;(FirstFrame.kt:8)
	at FirstFrame.&lt;init&gt;(FirstFrame.kt:8)
	at FirstFrame.&lt;init&gt;(FirstFrame.kt:8)
	at FirstFrame.&lt;init&gt;(FirstFrame.kt:8)
	at FirstFrame.&lt;init&gt;(FirstFrame.kt:8)
	at FirstFrame.&lt;init&gt;(FirstFrame.kt:8)
	at FirstFrame.&lt;init&gt;(FirstFrame.kt:8)
	at FirstFrame.&lt;init&gt;(FirstFrame.kt:8)
	at FirstFrame.&lt;init&gt;(FirstFrame.kt:8)
	at FirstFrame.&lt;init&gt;(FirstFrame.kt:8)
	at FirstFrame.&lt;init&gt;(FirstFrame.kt:8)
	at FirstFrame.&lt;init&gt;(FirstFrame.kt:8)
	at FirstFrame.&lt;init&gt;(FirstFrame.kt:8)
	at FirstFrame.&lt;init&gt;(FirstFrame.kt:8)
	at FirstFrame.&lt;init&gt;(FirstFrame.kt:8)
	at FirstFrame.&lt;init&gt;(FirstFrame.kt:8)
	at FirstFrame.&lt;init&gt;(FirstFrame.kt:8)
	at FirstFrame.&lt;init&gt;(FirstFrame.kt:8)
	at FirstFrame.&lt;init&gt;(FirstFrame.kt:8)
	at FirstFrame.&lt;init&gt;(FirstFrame.kt:8)
	at FirstFrame.&lt;init&gt;(FirstFrame.kt:8)
	at FirstFrame.&lt;init&gt;(FirstFrame.kt:8)
	at FirstFrame.&lt;init&gt;(FirstFrame.kt:8)
	at FirstFrame.&lt;init&gt;(FirstFrame.kt:8)
	at FirstFrame.&lt;init&gt;(FirstFrame.kt:8)
	at FirstFrame.&lt;init&gt;(FirstFrame.kt:8)
	at FirstFrame.&lt;init&gt;(FirstFrame.kt:8)
	at FirstFrame.&lt;init&gt;(FirstFrame.kt:8)
	at FirstFrame.&lt;init&gt;(FirstFrame.kt:8)
	at FirstFrame.&lt;init&gt;(FirstFrame.kt:8)
	at FirstFrame.&lt;init&gt;(FirstFrame.kt:8)
	at FirstFrame.&lt;init&gt;(FirstFrame.kt:8)
	at FirstFrame.&lt;init&gt;(FirstFrame.kt:8)
	at FirstFrame.&lt;init&gt;(FirstFrame.kt:8)
	at FirstFrame.&lt;init&gt;(FirstFrame.kt:8)
	at FirstFrame.&lt;init&gt;(FirstFrame.kt:8)
	at FirstFrame.&lt;init&gt;(FirstFrame.kt:8)
	at FirstFrame.&lt;init&gt;(FirstFrame.kt:8)
	at FirstFrame.&lt;init&gt;(FirstFrame.kt:8)
	at FirstFrame.&lt;init&gt;(FirstFrame.kt:8)
	at FirstFrame.&lt;init&gt;(FirstFrame.kt:8)
	at FirstFrame.&lt;init&gt;(FirstFrame.kt:8)
	at FirstFrame.&lt;init&gt;(FirstFrame.kt:8)
	at FirstFrame.&lt;init&gt;(FirstFrame.kt:8)
	at FirstFrame.&lt;init&gt;(FirstFrame.kt:8)
	at FirstFrame.&lt;init&gt;(FirstFrame.kt:8)
	at FirstFrame.&lt;init&gt;(FirstFrame.kt:8)
	at FirstFrame.&lt;init&gt;(FirstFrame.kt:8)
	at FirstFrame.&lt;init&gt;(FirstFrame.kt:8)
	at FirstFrame.&lt;init&gt;(FirstFrame.kt:8)
	at FirstFrame.&lt;init&gt;(FirstFrame.kt:8)
	at FirstFrame.&lt;init&gt;(FirstFrame.kt:8)
	at FirstFrame.&lt;init&gt;(FirstFrame.kt:8)
	at FirstFrame.&lt;init&gt;(FirstFrame.kt:8)
	at FirstFrame.&lt;init&gt;(FirstFrame.kt:8)
	at FirstFrame.&lt;init&gt;(FirstFrame.kt:8)
	at FirstFrame.&lt;init&gt;(FirstFrame.kt:8)
	at FirstFrame.&lt;init&gt;(FirstFrame.kt:8)
	at FirstFrame.&lt;init&gt;(FirstFrame.kt:8)
	at FirstFrame.&lt;init&gt;(FirstFrame.kt:8)
	at FirstFrame.&lt;init&gt;(FirstFrame.kt:8)
	at FirstFrame.&lt;init&gt;(FirstFrame.kt:8)
	at FirstFrame.&lt;init&gt;(FirstFrame.kt:8)
	at FirstFrame.&lt;init&gt;(FirstFrame.kt:8)
	at FirstFrame.&lt;init&gt;(FirstFrame.kt:8)
	at FirstFrame.&lt;init&gt;(FirstFrame.kt:8)
	at FirstFrame.&lt;init&gt;(FirstFrame.kt:8)
	at FirstFrame.&lt;init&gt;(FirstFrame.kt:8)
	at FirstFrame.&lt;init&gt;(FirstFrame.kt:8)
	at FirstFrame.&lt;init&gt;(FirstFrame.kt:8)
	at FirstFrame.&lt;init&gt;(FirstFrame.kt:8)
	at FirstFrame.&lt;init&gt;(FirstFrame.kt:8)
	at FirstFrame.&lt;init&gt;(FirstFrame.kt:8)
	at FirstFrame.&lt;init&gt;(FirstFrame.kt:8)
	at FirstFrame.&lt;init&gt;(FirstFrame.kt:8)
	at FirstFrame.&lt;init&gt;(FirstFrame.kt:8)
	at FirstFrame.&lt;init&gt;(FirstFrame.kt:8)
	at FirstFrame.&lt;init&gt;(FirstFrame.kt:8)
	at FirstFrame.&lt;init&gt;(FirstFrame.kt:8)
	at FirstFrame.&lt;init&gt;(FirstFrame.kt:8)
	at FirstFrame.&lt;init&gt;(FirstFrame.kt:8)
	at FirstFrame.&lt;init&gt;(FirstFrame.kt:8)
	at FirstFrame.&lt;init&gt;(FirstFrame.kt:8)
	at FirstFrame.&lt;init&gt;(FirstFrame.kt:8)
	at FirstFrame.&lt;init&gt;(FirstFrame.kt:8)
	at FirstFrame.&lt;init&gt;(FirstFrame.kt:8)
	at FirstFrame.&lt;init&gt;(FirstFrame.kt:8)
	at FirstFrame.&lt;init&gt;(FirstFrame.kt:8)
	at FirstFrame.&lt;init&gt;(FirstFrame.kt:8)
	at FirstFrame.&lt;init&gt;(FirstFrame.kt:8)
	at FirstFrame.&lt;init&gt;(FirstFrame.kt:8)
	at FirstFrame.&lt;init&gt;(FirstFrame.kt:8)
	at FirstFrame.&lt;init&gt;(FirstFrame.kt:8)
	at FirstFrame.&lt;init&gt;(FirstFrame.kt:8)
	at FirstFrame.&lt;init&gt;(FirstFrame.kt:8)
	at FirstFrame.&lt;init&gt;(FirstFrame.kt:8)
	at FirstFrame.&lt;init&gt;(FirstFrame.kt:8)
	at FirstFrame.&lt;init&gt;(FirstFrame.kt:8)
	at FirstFrame.&lt;init&gt;(FirstFrame.kt:8)
	at FirstFrame.&lt;init&gt;(FirstFrame.kt:8)
	at FirstFrame.&lt;init&gt;(FirstFrame.kt:8)
	at FirstFrame.&lt;init&gt;(FirstFrame.kt:8)
	at FirstFrame.&lt;init&gt;(FirstFrame.kt:8)
	at FirstFrame.&lt;init&gt;(FirstFrame.kt:8)
	at FirstFrame.&lt;init&gt;(FirstFrame.kt:8)
	at FirstFrame.&lt;init&gt;(FirstFrame.kt:8)
	at FirstFrame.&lt;init&gt;(FirstFrame.kt:8)
	at FirstFrame.&lt;init&gt;(FirstFrame.kt:8)
	at FirstFrame.&lt;init&gt;(FirstFrame.kt:8)
	at FirstFrame.&lt;init&gt;(FirstFrame.kt:8)
	at FirstFrame.&lt;init&gt;(FirstFrame.kt:8)
	at FirstFrame.&lt;init&gt;(FirstFrame.kt:8)
	at FirstFrame.&lt;init&gt;(FirstFrame.kt:8)
	at FirstFrame.&lt;init&gt;(FirstFrame.kt:8)
	at FirstFrame.&lt;init&gt;(FirstFrame.kt:8)
	at FirstFrame.&lt;init&gt;(FirstFrame.kt:8)
	at FirstFrame.&lt;init&gt;(FirstFrame.kt:8)
	at FirstFrame.&lt;init&gt;(FirstFrame.kt:8)
	at FirstFrame.&lt;init&gt;(FirstFrame.kt:8)
	at FirstFrame.&lt;init&gt;(FirstFrame.kt:8)
	at FirstFrame.&lt;init&gt;(FirstFrame.kt:8)
	at FirstFrame.&lt;init&gt;(FirstFrame.kt:8)
	at FirstFrame.&lt;init&gt;(FirstFrame.kt:8)
	at FirstFrame.&lt;init&gt;(FirstFrame.kt:8)
	at FirstFrame.&lt;init&gt;(FirstFrame.kt:8)
	at FirstFrame.&lt;init&gt;(FirstFrame.kt:8)
	at FirstFrame.&lt;init&gt;(FirstFrame.kt:8)
	at FirstFrame.&lt;init&gt;(FirstFrame.kt:8)
	at FirstFrame.&lt;init&gt;(FirstFrame.kt:8)
	at FirstFrame.&lt;init&gt;(FirstFrame.kt:8)
	at FirstFrame.&lt;init&gt;(FirstFrame.kt:8)
	at FirstFrame.&lt;init&gt;(FirstFrame.kt:8)
	at FirstFrame.&lt;init&gt;(FirstFrame.kt:8)
	at FirstFrame.&lt;init&gt;(FirstFrame.kt:8)
	at FirstFrame.&lt;init&gt;(FirstFrame.kt:8)
	at FirstFrame.&lt;init&gt;(FirstFrame.kt:8)
	at FirstFrame.&lt;init&gt;(FirstFrame.kt:8)
	at FirstFrame.&lt;init&gt;(FirstFrame.kt:8)
	at FirstFrame.&lt;init&gt;(FirstFrame.kt:8)
	at FirstFrame.&lt;init&gt;(FirstFrame.kt:8)
	at FirstFrame.&lt;init&gt;(FirstFrame.kt:8)
	at FirstFrame.&lt;init&gt;(FirstFrame.kt:8)
	at FirstFrame.&lt;init&gt;(FirstFrame.kt:8)
	at FirstFrame.&lt;init&gt;(FirstFrame.kt:8)
	at FirstFrame.&lt;init&gt;(FirstFrame.kt:8)
	at FirstFrame.&lt;init&gt;(FirstFrame.kt:8)
	at FirstFrame.&lt;init&gt;(FirstFrame.kt:8)
	at FirstFrame.&lt;init&gt;(FirstFrame.kt:8)
	at FirstFrame.&lt;init&gt;(FirstFrame.kt:8)
	at FirstFrame.&lt;init&gt;(FirstFrame.kt:8)
	at FirstFrame.&lt;init&gt;(FirstFrame.kt:8)
	at FirstFrame.&lt;init&gt;(FirstFrame.kt:8)
	at FirstFrame.&lt;init&gt;(FirstFrame.kt:8)
	at FirstFrame.&lt;init&gt;(FirstFrame.kt:8)
	at FirstFrame.&lt;init&gt;(FirstFrame.kt:8)
	at FirstFrame.&lt;init&gt;(FirstFrame.kt:8)
	at FirstFrame.&lt;init&gt;(FirstFrame.kt:8)
	at FirstFrame.&lt;init&gt;(FirstFrame.kt:8)
	at FirstFrame.&lt;init&gt;(FirstFrame.kt:8)
	at FirstFrame.&lt;init&gt;(FirstFrame.kt:8)
	at FirstFrame.&lt;init&gt;(FirstFrame.kt:8)
	at FirstFrame.&lt;init&gt;(FirstFrame.kt:8)
	at FirstFrame.&lt;init&gt;(FirstFrame.kt:8)
	at FirstFrame.&lt;init&gt;(FirstFrame.kt:8)
	at FirstFrame.&lt;init&gt;(FirstFrame.kt:8)
	at FirstFrame.&lt;init&gt;(FirstFrame.kt:8)
	at FirstFrame.&lt;init&gt;(FirstFrame.kt:8)
	at FirstFrame.&lt;init&gt;(FirstFrame.kt:8)
	at FirstFrame.&lt;init&gt;(FirstFrame.kt:8)
	at FirstFrame.&lt;init&gt;(FirstFrame.kt:8)
	at FirstFrame.&lt;init&gt;(FirstFrame.kt:8)
	at FirstFrame.&lt;init&gt;(FirstFrame.kt:8)
	at FirstFrame.&lt;init&gt;(FirstFrame.kt:8)
	at FirstFrame.&lt;init&gt;(FirstFrame.kt:8)
	at FirstFrame.&lt;init&gt;(FirstFrame.kt:8)
	at FirstFrame.&lt;init&gt;(FirstFrame.kt:8)
	at FirstFrame.&lt;init&gt;(FirstFrame.kt:8)
	at FirstFrame.&lt;init&gt;(FirstFrame.kt:8)
	at FirstFrame.&lt;init&gt;(FirstFrame.kt:8)
	at FirstFrame.&lt;init&gt;(FirstFrame.kt:8)
	at FirstFrame.&lt;init&gt;(FirstFrame.kt:8)
	at FirstFrame.&lt;init&gt;(FirstFrame.kt:8)
	at FirstFrame.&lt;init&gt;(FirstFrame.kt:8)
	at FirstFrame.&lt;init&gt;(FirstFrame.kt:8)
	at FirstFrame.&lt;init&gt;(FirstFrame.kt:8)
	at FirstFrame.&lt;init&gt;(FirstFrame.kt:8)
	at FirstFrame.&lt;init&gt;(FirstFrame.kt:8)
	at FirstFrame.&lt;init&gt;(FirstFrame.kt:8)
</failure>
  </testcase>
  <system-out><![CDATA[]]></system-out>
  <system-err><![CDATA[]]></system-err>
</testsuite>
