<?xml version="1.0" encoding="UTF-8"?>
<testsuite name="WallServiceTest" tests="5" skipped="0" failures="0" errors="0" timestamp="2021-08-17T14:39:35" hostname="DESKTOP-9J2UKKD" time="0.695">
  <properties/>
  <testcase name="notUpdateExisting" classname="WallServiceTest" time="0.688"/>
  <testcase name="updateExisting" classname="WallServiceTest" time="0.001"/>
  <testcase name="createComment" classname="WallServiceTest" time="0.001"/>
  <testcase name="createCommentexpected" classname="WallServiceTest" time="0.002"/>
  <testcase name="addExisting" classname="WallServiceTest" time="0.0"/>
  <system-out><![CDATA[]]></system-out>
  <system-err><![CDATA[]]></system-err>
</testsuite>
