<?xml version="1.0" encoding="UTF-8"?>
<testsuite name="WallServiceTest" tests="3" skipped="0" failures="0" errors="0" timestamp="2021-08-05T07:38:29" hostname="DESKTOP-9J2UKKD" time="1.164">
  <properties/>
  <testcase name="notUpdateExisting" classname="WallServiceTest" time="1.158"/>
  <testcase name="updateExisting" classname="WallServiceTest" time="0.001"/>
  <testcase name="addExisting" classname="WallServiceTest" time="0.003"/>
  <system-out><![CDATA[]]></system-out>
  <system-err><![CDATA[]]></system-err>
</testsuite>
